#
# There is insufficient memory for the Java Runtime Environment to continue.
# Native memory allocation (malloc) failed to allocate 156016 bytes for Chunk::new
# Possible reasons:
#   The system is out of physical RAM or swap space
#   In 32 bit mode, the process size limit was hit
# Possible solutions:
#   Reduce memory load on the system
#   Increase physical memory or swap space
#   Check if swap backing store is full
#   Use 64 bit Java on a 64 bit OS
#   Decrease Java heap size (-Xmx/-Xms)
#   Decrease number of Java threads
#   Decrease Java thread stack sizes (-Xss)
#   Set larger code cache with -XX:ReservedCodeCacheSize=
# This output file may be truncated or incomplete.
#
#  Out of Memory Error (allocation.cpp:390), pid=800, tid=0x0000000000001848
#
# JRE version: Java(TM) SE Runtime Environment (8.0_121-b13) (build 1.8.0_121-b13)
# Java VM: Java HotSpot(TM) 64-Bit Server VM (25.121-b13 mixed mode windows-amd64 compressed oops)
# Failed to write core dump. Minidumps are not enabled by default on client versions of Windows
#

---------------  T H R E A D  ---------------

Current thread (0x0000000018a1a000):  JavaThread "C2 CompilerThread0" daemon [_thread_in_native, id=6216, stack(0x00000000191f0000,0x00000000192f0000)]

Stack: [0x00000000191f0000,0x00000000192f0000]
[error occurred during error reporting (printing stack bounds), id 0xc0000005]

Native frames: (J=compiled Java code, j=interpreted, Vv=VM code, C=native code)


Current CompileTask:
C2:   2266 1446   !   4       java.lang.ClassLoader::loadClass (122 bytes)


---------------  P R O C E S S  ---------------

Java Threads: ( => current thread )
  0x0000000019dca000 JavaThread "Thread-1" daemon [_thread_blocked, id=9856, stack(0x000000001a600000,0x000000001a700000)]
  0x0000000019dc9000 JavaThread "Thread-0" daemon [_thread_in_vm, id=11076, stack(0x000000001a500000,0x000000001a600000)]
  0x0000000018c00000 JavaThread "Monitor Ctrl-Break" daemon [_thread_in_native, id=10504, stack(0x00000000197f0000,0x00000000198f0000)]
  0x0000000018a70000 JavaThread "Service Thread" daemon [_thread_blocked, id=10664, stack(0x00000000195f0000,0x00000000196f0000)]
  0x0000000018a28800 JavaThread "C1 CompilerThread3" daemon [_thread_blocked, id=8976, stack(0x00000000194f0000,0x00000000195f0000)]
  0x0000000018a1f000 JavaThread "C2 CompilerThread2" daemon [_thread_blocked, id=7660, stack(0x00000000193f0000,0x00000000194f0000)]
  0x0000000018a1d800 JavaThread "C2 CompilerThread1" daemon [_thread_blocked, id=11720, stack(0x00000000192f0000,0x00000000193f0000)]
=>0x0000000018a1a000 JavaThread "C2 CompilerThread0" daemon [_thread_in_native, id=6216, stack(0x00000000191f0000,0x00000000192f0000)]
  0x0000000018a19000 JavaThread "Attach Listener" daemon [_thread_blocked, id=2464, stack(0x00000000190f0000,0x00000000191f0000)]
  0x0000000018a18000 JavaThread "Signal Dispatcher" daemon [_thread_blocked, id=9868, stack(0x0000000018ff0000,0x00000000190f0000)]
  0x0000000018a10800 JavaThread "Finalizer" daemon [_thread_blocked, id=8972, stack(0x0000000018df0000,0x0000000018ef0000)]
  0x0000000002e59000 JavaThread "Reference Handler" daemon [_thread_blocked, id=9124, stack(0x00000000188f0000,0x00000000189f0000)]
  0x0000000002bbe000 JavaThread "main" [_thread_in_native, id=11488, stack(0x0000000002c60000,0x0000000002d60000)]

Other Threads:
  0x0000000016b29000 VMThread [stack: 0x00000000187f0000,0x00000000188f0000] [id=11948]
  0x0000000018a73800 WatcherThread [stack: 0x00000000196f0000,0x00000000197f0000] [id=10572]

VM state:not at safepoint (normal execution)

VM Mutex/Monitor currently owned by a thread: None

Heap:
 PSYoungGen      total 53248K, used 5997K [0x00000000e0980000, 0x00000000e9080000, 0x0000000100000000)
  eden space 49152K, 12% used [0x00000000e0980000,0x00000000e0f5b508,0x00000000e3980000)
  from space 4096K, 0% used [0x00000000e3980000,0x00000000e3980000,0x00000000e3d80000)
  to   space 19968K, 0% used [0x00000000e7d00000,0x00000000e7d00000,0x00000000e9080000)
 ParOldGen       total 81408K, used 27429K [0x00000000a1c00000, 0x00000000a6b80000, 0x00000000e0980000)
  object space 81408K, 33% used [0x00000000a1c00000,0x00000000a36c9460,0x00000000a6b80000)
 Metaspace       used 22639K, capacity 22860K, committed 22912K, reserved 1069056K
  class space    used 3648K, capacity 3700K, committed 3712K, reserved 1048576K

Card table byte_map: [0x0000000012220000,0x0000000012520000] byte_map_base: 0x0000000011d12000

Marking Bits: (ParMarkBitMap*) 0x0000000054a9b6d0
 Begin Bits: [0x0000000012f20000, 0x00000000146b0000)
 End Bits:   [0x00000000146b0000, 0x0000000015e40000)

Polling page: 0x0000000002b90000

CodeCache: size=245760Kb used=4268Kb max_used=4268Kb free=241491Kb
 bounds [0x0000000002e60000, 0x0000000003290000, 0x0000000011e60000]
 total_blobs=1780 nmethods=1447 adapters=245
 compilation: enabled

Compilation events (10 events):
Event: 2.252 Thread 0x0000000018a28800 nmethod 1443 0x0000000003279890 code [0x0000000003279a00, 0x0000000003279be8]
Event: 2.252 Thread 0x0000000018a28800 1444       3       scala.tools.nsc.settings.MutableSettings$BooleanSetting::value (5 bytes)
Event: 2.252 Thread 0x0000000018a28800 nmethod 1444 0x000000000328d950 code [0x000000000328daa0, 0x000000000328dc10]
Event: 2.252 Thread 0x0000000018a28800 1445       1       scala.tools.nsc.interpreter.ReplGlobal$$anon$1::global (5 bytes)
Event: 2.252 Thread 0x0000000018a28800 nmethod 1445 0x000000000328dc90 code [0x000000000328dde0, 0x000000000328def0]
Event: 2.258 Thread 0x0000000018a1a000 1446   !   4       java.lang.ClassLoader::loadClass (122 bytes)
Event: 2.263 Thread 0x0000000018a28800 1447       3       scala.tools.nsc.interpreter.ReplGlobal$$anon$1::global (8 bytes)
Event: 2.263 Thread 0x0000000018a28800 nmethod 1447 0x000000000328df50 code [0x000000000328e0c0, 0x000000000328e390]
Event: 2.264 Thread 0x0000000018a28800 1448       1       scala.tools.nsc.typechecker.Typers$Typer::scala$tools$nsc$typechecker$Typers$Typer$$$outer (5 bytes)
Event: 2.264 Thread 0x0000000018a28800 nmethod 1448 0x000000000328e410 code [0x000000000328e560, 0x000000000328e670]

GC Heap History (10 events):
Event: 1.012 GC heap before
{Heap before GC invocations=2 (full 0):
 PSYoungGen      total 28672K, used 28640K [0x00000000e0980000, 0x00000000e2980000, 0x0000000100000000)
  eden space 24576K, 100% used [0x00000000e0980000,0x00000000e2180000,0x00000000e2180000)
  from space 4096K, 99% used [0x00000000e2180000,0x00000000e2578150,0x00000000e2580000)
  to   space 4096K, 0% used [0x00000000e2580000,0x00000000e2580000,0x00000000e2980000)
 ParOldGen       total 65536K, used 841K [0x00000000a1c00000, 0x00000000a5c00000, 0x00000000e0980000)
  object space 65536K, 1% used [0x00000000a1c00000,0x00000000a1cd2590,0x00000000a5c00000)
 Metaspace       used 15607K, capacity 15852K, committed 16000K, reserved 1062912K
  class space    used 2611K, capacity 2644K, committed 2688K, reserved 1048576K
Event: 1.018 GC heap after
Heap after GC invocations=2 (full 0):
 PSYoungGen      total 28672K, used 4070K [0x00000000e0980000, 0x00000000e2980000, 0x0000000100000000)
  eden space 24576K, 0% used [0x00000000e0980000,0x00000000e0980000,0x00000000e2180000)
  from space 4096K, 99% used [0x00000000e2580000,0x00000000e2979930,0x00000000e2980000)
  to   space 4096K, 0% used [0x00000000e2180000,0x00000000e2180000,0x00000000e2580000)
 ParOldGen       total 65536K, used 4967K [0x00000000a1c00000, 0x00000000a5c00000, 0x00000000e0980000)
  object space 65536K, 7% used [0x00000000a1c00000,0x00000000a20d9ee0,0x00000000a5c00000)
 Metaspace       used 15607K, capacity 15852K, committed 16000K, reserved 1062912K
  class space    used 2611K, capacity 2644K, committed 2688K, reserved 1048576K
}
Event: 1.585 GC heap before
{Heap before GC invocations=3 (full 0):
 PSYoungGen      total 28672K, used 28646K [0x00000000e0980000, 0x00000000e2980000, 0x0000000100000000)
  eden space 24576K, 100% used [0x00000000e0980000,0x00000000e2180000,0x00000000e2180000)
  from space 4096K, 99% used [0x00000000e2580000,0x00000000e2979930,0x00000000e2980000)
  to   space 4096K, 0% used [0x00000000e2180000,0x00000000e2180000,0x00000000e2580000)
 ParOldGen       total 65536K, used 4967K [0x00000000a1c00000, 0x00000000a5c00000, 0x00000000e0980000)
  object space 65536K, 7% used [0x00000000a1c00000,0x00000000a20d9ee0,0x00000000a5c00000)
 Metaspace       used 15614K, capacity 15884K, committed 16000K, reserved 1062912K
  class space    used 2612K, capacity 2676K, committed 2688K, reserved 1048576K
Event: 1.593 GC heap after
Heap after GC invocations=3 (full 0):
 PSYoungGen      total 28672K, used 4066K [0x00000000e0980000, 0x00000000e4180000, 0x0000000100000000)
  eden space 24576K, 0% used [0x00000000e0980000,0x00000000e0980000,0x00000000e2180000)
  from space 4096K, 99% used [0x00000000e2180000,0x00000000e2578bc8,0x00000000e2580000)
  to   space 4096K, 0% used [0x00000000e3d80000,0x00000000e3d80000,0x00000000e4180000)
 ParOldGen       total 65536K, used 18023K [0x00000000a1c00000, 0x00000000a5c00000, 0x00000000e0980000)
  object space 65536K, 27% used [0x00000000a1c00000,0x00000000a2d99ef8,0x00000000a5c00000)
 Metaspace       used 15614K, capacity 15884K, committed 16000K, reserved 1062912K
  class space    used 2612K, capacity 2676K, committed 2688K, reserved 1048576K
}
Event: 1.916 GC heap before
{Heap before GC invocations=4 (full 0):
 PSYoungGen      total 28672K, used 28642K [0x00000000e0980000, 0x00000000e4180000, 0x0000000100000000)
  eden space 24576K, 100% used [0x00000000e0980000,0x00000000e2180000,0x00000000e2180000)
  from space 4096K, 99% used [0x00000000e2180000,0x00000000e2578bc8,0x00000000e2580000)
  to   space 4096K, 0% used [0x00000000e3d80000,0x00000000e3d80000,0x00000000e4180000)
 ParOldGen       total 65536K, used 18023K [0x00000000a1c00000, 0x00000000a5c00000, 0x00000000e0980000)
  object space 65536K, 27% used [0x00000000a1c00000,0x00000000a2d99ef8,0x00000000a5c00000)
 Metaspace       used 18654K, capacity 18892K, committed 18944K, reserved 1064960K
  class space    used 3001K, capacity 3060K, committed 3072K, reserved 1048576K
Event: 1.925 GC heap after
Heap after GC invocations=4 (full 0):
 PSYoungGen      total 53248K, used 4066K [0x00000000e0980000, 0x00000000e4180000, 0x0000000100000000)
  eden space 49152K, 0% used [0x00000000e0980000,0x00000000e0980000,0x00000000e3980000)
  from space 4096K, 99% used [0x00000000e3d80000,0x00000000e4178b98,0x00000000e4180000)
  to   space 4096K, 0% used [0x00000000e3980000,0x00000000e3980000,0x00000000e3d80000)
 ParOldGen       total 65536K, used 28409K [0x00000000a1c00000, 0x00000000a5c00000, 0x00000000e0980000)
  object space 65536K, 43% used [0x00000000a1c00000,0x00000000a37be6c0,0x00000000a5c00000)
 Metaspace       used 18654K, capacity 18892K, committed 18944K, reserved 1064960K
  class space    used 3001K, capacity 3060K, committed 3072K, reserved 1048576K
}
Event: 2.071 GC heap before
{Heap before GC invocations=5 (full 0):
 PSYoungGen      total 53248K, used 14117K [0x00000000e0980000, 0x00000000e4180000, 0x0000000100000000)
  eden space 49152K, 20% used [0x00000000e0980000,0x00000000e1350b10,0x00000000e3980000)
  from space 4096K, 99% used [0x00000000e3d80000,0x00000000e4178b98,0x00000000e4180000)
  to   space 4096K, 0% used [0x00000000e3980000,0x00000000e3980000,0x00000000e3d80000)
 ParOldGen       total 65536K, used 28409K [0x00000000a1c00000, 0x00000000a5c00000, 0x00000000e0980000)
  object space 65536K, 43% used [0x00000000a1c00000,0x00000000a37be6c0,0x00000000a5c00000)
 Metaspace       used 20929K, capacity 21132K, committed 21296K, reserved 1067008K
  class space    used 3337K, capacity 3380K, committed 3456K, reserved 1048576K
Event: 2.077 GC heap after
Heap after GC invocations=5 (full 0):
 PSYoungGen      total 53248K, used 4077K [0x00000000e0980000, 0x00000000e9080000, 0x0000000100000000)
  eden space 49152K, 0% used [0x00000000e0980000,0x00000000e0980000,0x00000000e3980000)
  from space 4096K, 99% used [0x00000000e3980000,0x00000000e3d7b488,0x00000000e3d80000)
  to   space 19968K, 0% used [0x00000000e7d00000,0x00000000e7d00000,0x00000000e9080000)
 ParOldGen       total 65536K, used 30615K [0x00000000a1c00000, 0x00000000a5c00000, 0x00000000e0980000)
  object space 65536K, 46% used [0x00000000a1c00000,0x00000000a39e5fa0,0x00000000a5c00000)
 Metaspace       used 20929K, capacity 21132K, committed 21296K, reserved 1067008K
  class space    used 3337K, capacity 3380K, committed 3456K, reserved 1048576K
}
Event: 2.077 GC heap before
{Heap before GC invocations=6 (full 1):
 PSYoungGen      total 53248K, used 4077K [0x00000000e0980000, 0x00000000e9080000, 0x0000000100000000)
  eden space 49152K, 0% used [0x00000000e0980000,0x00000000e0980000,0x00000000e3980000)
  from space 4096K, 99% used [0x00000000e3980000,0x00000000e3d7b488,0x00000000e3d80000)
  to   space 19968K, 0% used [0x00000000e7d00000,0x00000000e7d00000,0x00000000e9080000)
 ParOldGen       total 65536K, used 30615K [0x00000000a1c00000, 0x00000000a5c00000, 0x00000000e0980000)
  object space 65536K, 46% used [0x00000000a1c00000,0x00000000a39e5fa0,0x00000000a5c00000)
 Metaspace       used 20929K, capacity 21132K, committed 21296K, reserved 1067008K
  class space    used 3337K, capacity 3380K, committed 3456K, reserved 1048576K
Event: 2.128 GC heap after
Heap after GC invocations=6 (full 1):
 PSYoungGen      total 53248K, used 0K [0x00000000e0980000, 0x00000000e9080000, 0x0000000100000000)
  eden space 49152K, 0% used [0x00000000e0980000,0x00000000e0980000,0x00000000e3980000)
  from space 4096K, 0% used [0x00000000e3980000,0x00000000e3980000,0x00000000e3d80000)
  to   space 19968K, 0% used [0x00000000e7d00000,0x00000000e7d00000,0x00000000e9080000)
 ParOldGen       total 81408K, used 27429K [0x00000000a1c00000, 0x00000000a6b80000, 0x00000000e0980000)
  object space 81408K, 33% used [0x00000000a1c00000,0x00000000a36c9460,0x00000000a6b80000)
 Metaspace       used 20929K, capacity 21132K, committed 21296K, reserved 1067008K
  class space    used 3337K, capacity 3380K, committed 3456K, reserved 1048576K
}

Deoptimization events (10 events):
Event: 2.199 Thread 0x0000000019dc9000 Uncommon trap: reason=class_check action=maybe_recompile pc=0x00000000031fd714 method=scala.reflect.internal.Symbols$Symbol.needsFlatClasses()Z @ 7
Event: 2.202 Thread 0x0000000019dc9000 Uncommon trap: reason=class_check action=maybe_recompile pc=0x00000000031c884c method=scala.collection.mutable.HashTable$class.elemEquals(Lscala/collection/mutable/HashTable;Ljava/lang/Object;Ljava/lang/Object;)Z @ 55
Event: 2.202 Thread 0x0000000019dc9000 Uncommon trap: reason=class_check action=maybe_recompile pc=0x00000000031ba680 method=scala.collection.mutable.HashTable$class.elemEquals(Lscala/collection/mutable/HashTable;Ljava/lang/Object;Ljava/lang/Object;)Z @ 55
Event: 2.249 Thread 0x0000000019dc9000 Uncommon trap: reason=class_check action=maybe_recompile pc=0x00000000031d5654 method=scala.reflect.internal.Symbols$Symbol.needsFlatClasses()Z @ 7
Event: 2.252 Thread 0x0000000019dc9000 Uncommon trap: reason=bimorphic action=maybe_recompile pc=0x0000000003265b18 method=scala.reflect.internal.Symbols$Symbol.needsFlatClasses()Z @ 7
Event: 2.252 Thread 0x0000000019dc9000 Uncommon trap: reason=bimorphic action=maybe_recompile pc=0x000000000326ad08 method=scala.reflect.internal.Symbols$Symbol.needsFlatClasses()Z @ 7
Event: 2.252 Thread 0x0000000019dc9000 Uncommon trap: reason=bimorphic action=maybe_recompile pc=0x000000000326ad08 method=scala.reflect.internal.Symbols$Symbol.needsFlatClasses()Z @ 7
Event: 2.252 Thread 0x0000000019dc9000 Uncommon trap: reason=bimorphic action=maybe_recompile pc=0x0000000003265b18 method=scala.reflect.internal.Symbols$Symbol.needsFlatClasses()Z @ 7
Event: 2.252 Thread 0x0000000019dc9000 Uncommon trap: reason=bimorphic action=maybe_recompile pc=0x000000000326ad08 method=scala.reflect.internal.Symbols$Symbol.needsFlatClasses()Z @ 7
Event: 2.252 Thread 0x0000000019dc9000 Uncommon trap: reason=bimorphic action=maybe_recompile pc=0x00000000032680c8 method=scala.reflect.internal.Symbols$Symbol.needsFlatClasses()Z @ 7

Internal exceptions (6 events):
Event: 0.042 Thread 0x0000000002bbe000 Exception <a 'java/lang/NoSuchMethodError': Method sun.misc.Unsafe.defineClass(Ljava/lang/String;[BII)Ljava/lang/Class; name or signature does not match> (0x00000000e0987ca8) thrown at [C:\re\workspace\8-2-build-windows-amd64-cygwin\jdk8u121\8372\hotspot\
Event: 0.042 Thread 0x0000000002bbe000 Exception <a 'java/lang/NoSuchMethodError': Method sun.misc.Unsafe.prefetchRead(Ljava/lang/Object;J)V name or signature does not match> (0x00000000e0987f90) thrown at [C:\re\workspace\8-2-build-windows-amd64-cygwin\jdk8u121\8372\hotspot\src\share\vm\prims
Event: 0.385 Thread 0x0000000002bbe000 Exception <a 'java/security/PrivilegedActionException'> (0x00000000e19f3820) thrown at [C:\re\workspace\8-2-build-windows-amd64-cygwin\jdk8u121\8372\hotspot\src\share\vm\prims\jvm.cpp, line 1390]
Event: 0.385 Thread 0x0000000002bbe000 Exception <a 'java/security/PrivilegedActionException'> (0x00000000e19f3a30) thrown at [C:\re\workspace\8-2-build-windows-amd64-cygwin\jdk8u121\8372\hotspot\src\share\vm\prims\jvm.cpp, line 1390]
Event: 0.386 Thread 0x0000000002bbe000 Exception <a 'java/security/PrivilegedActionException'> (0x00000000e19f7b28) thrown at [C:\re\workspace\8-2-build-windows-amd64-cygwin\jdk8u121\8372\hotspot\src\share\vm\prims\jvm.cpp, line 1390]
Event: 0.386 Thread 0x0000000002bbe000 Exception <a 'java/security/PrivilegedActionException'> (0x00000000e19f7d38) thrown at [C:\re\workspace\8-2-build-windows-amd64-cygwin\jdk8u121\8372\hotspot\src\share\vm\prims\jvm.cpp, line 1390]

Events (10 events):
Event: 2.263 loading class scala/tools/nsc/typechecker/Namers$Namer$$anonfun$enterValueParams$1
Event: 2.263 loading class scala/tools/nsc/typechecker/Namers$Namer$$anonfun$enterValueParams$1 done
Event: 2.264 loading class scala/tools/nsc/typechecker/Typers$Typer$$anonfun$46
Event: 2.264 loading class scala/tools/nsc/typechecker/Typers$Typer$$anonfun$46 done
Event: 2.264 loading class scala/tools/nsc/typechecker/Typers$Typer$$anonfun$addSynthetics$1$1
Event: 2.264 loading class scala/tools/nsc/typechecker/Typers$Typer$$anonfun$addSynthetics$1$1 done
Event: 2.264 loading class scala/tools/nsc/typechecker/Typers$Typer$$anonfun$addSynthetics$1$2
Event: 2.264 loading class scala/tools/nsc/typechecker/Typers$Typer$$anonfun$addSynthetics$1$2 done
Event: 2.265 loading class scala/reflect/internal/TreeInfo$$anonfun$isExprSafeToInline$1
Event: 2.265 loading class scala/reflect/internal/TreeInfo$$anonfun$isExprSafeToInline$1 done


Dynamic libraries:
0x00007ff788ba0000 - 0x00007ff788bd7000 	C:\Program Files\Java\jdk1.8.0_121\bin\java.exe
0x00007ff9a9ea0000 - 0x00007ff9aa061000 	C:\Windows\SYSTEM32\ntdll.dll
0x00007ff9a7a00000 - 0x00007ff9a7aad000 	C:\Windows\system32\KERNEL32.DLL
0x00007ff9a6c50000 - 0x00007ff9a6e38000 	C:\Windows\system32\KERNELBASE.dll
0x00007ff9a9ca0000 - 0x00007ff9a9d47000 	C:\Windows\system32\ADVAPI32.dll
0x00007ff9a9e00000 - 0x00007ff9a9e9d000 	C:\Windows\system32\msvcrt.dll
0x00007ff9a98a0000 - 0x00007ff9a98fb000 	C:\Windows\system32\sechost.dll
0x00007ff9a9b80000 - 0x00007ff9a9c9c000 	C:\Windows\system32\RPCRT4.dll
0x00007ff9a9300000 - 0x00007ff9a9456000 	C:\Windows\system32\USER32.dll
0x00007ff9a99f0000 - 0x00007ff9a9b76000 	C:\Windows\system32\GDI32.dll
0x00007ff99a460000 - 0x00007ff99a6d4000 	C:\Windows\WinSxS\amd64_microsoft.windows.common-controls_6595b64144ccf1df_6.0.10586.0_none_8c15ae12515e1c22\COMCTL32.dll
0x00007ff9a74f0000 - 0x00007ff9a776d000 	C:\Windows\system32\combase.dll
0x00007ff9a7230000 - 0x00007ff9a729a000 	C:\Windows\system32\bcryptPrimitives.dll
0x00007ff9a9170000 - 0x00007ff9a91ab000 	C:\Windows\system32\IMM32.DLL
0x0000000054b20000 - 0x0000000054bf2000 	C:\Program Files\Java\jdk1.8.0_121\jre\bin\msvcr100.dll
0x0000000054280000 - 0x0000000054b1b000 	C:\Program Files\Java\jdk1.8.0_121\jre\bin\server\jvm.dll
0x00007ff9a7480000 - 0x00007ff9a7488000 	C:\Windows\system32\PSAPI.DLL
0x00007ff99b590000 - 0x00007ff99b599000 	C:\Windows\SYSTEM32\WSOCK32.dll
0x00007ff9a4a40000 - 0x00007ff9a4a63000 	C:\Windows\SYSTEM32\WINMM.dll
0x00007ff9a9920000 - 0x00007ff9a998b000 	C:\Windows\system32\WS2_32.dll
0x00007ff99d100000 - 0x00007ff99d10a000 	C:\Windows\SYSTEM32\VERSION.dll
0x0000000002b20000 - 0x0000000002b4c000 	C:\Windows\SYSTEM32\WINMMBASE.dll
0x00007ff9a7160000 - 0x00007ff9a71a3000 	C:\Windows\system32\cfgmgr32.dll
0x0000000055050000 - 0x000000005505f000 	C:\Program Files\Java\jdk1.8.0_121\jre\bin\verify.dll
0x0000000054250000 - 0x0000000054279000 	C:\Program Files\Java\jdk1.8.0_121\jre\bin\java.dll
0x0000000054230000 - 0x0000000054246000 	C:\Program Files\Java\jdk1.8.0_121\jre\bin\zip.dll
0x00007ff9a7ab0000 - 0x00007ff9a900c000 	C:\Windows\system32\SHELL32.dll
0x00007ff9a6600000 - 0x00007ff9a6c44000 	C:\Windows\system32\windows.storage.dll
0x00007ff9a7490000 - 0x00007ff9a74e2000 	C:\Windows\system32\shlwapi.dll
0x00007ff9a64f0000 - 0x00007ff9a64ff000 	C:\Windows\system32\kernel.appcore.dll
0x00007ff9a70a0000 - 0x00007ff9a7155000 	C:\Windows\system32\shcore.dll
0x00007ff9a6500000 - 0x00007ff9a654b000 	C:\Windows\system32\powrprof.dll
0x00007ff9a64c0000 - 0x00007ff9a64d4000 	C:\Windows\system32\profapi.dll
0x00007ff99ff90000 - 0x00007ff99ffa0000 	C:\Program Files (x86)\JetBrains\IntelliJ IDEA Community Edition 2016.1.3\bin\breakgen64.dll
0x0000000054210000 - 0x000000005422a000 	C:\Program Files\Java\jdk1.8.0_121\jre\bin\net.dll
0x00007ff9a5d90000 - 0x00007ff9a5dec000 	C:\Windows\system32\mswsock.dll

VM Arguments:
jvm_args: -Djline.terminal=NONE -Didea.launcher.port=7533 -Didea.launcher.bin.path=C:\Program Files (x86)\JetBrains\IntelliJ IDEA Community Edition 2016.1.3\bin -Dfile.encoding=UTF-8 
java_command: com.intellij.rt.execution.application.AppMain org.jetbrains.plugins.scala.compiler.rt.ConsoleRunner -usejavacp
java_class_path (initial): C:\Users\RONALD\.ivy2\cache\org.scala-lang\scala-compiler\jars\scala-compiler-2.10.6.jar;C:\Users\RONALD\.ivy2\cache\org.scala-lang\scala-library\jars\scala-library-2.10.6.jar;C:\Users\RONALD\.ivy2\cache\org.scala-lang\scala-reflect\jars\scala-reflect-2.10.6.jar;C:\Users\RONALD\.IdeaIC2016\config\plugins\Scala\lib\scala-plugin-runners.jar;C:\Program Files\Java\jdk1.8.0_121\jre\lib\charsets.jar;C:\Program Files\Java\jdk1.8.0_121\jre\lib\deploy.jar;C:\Program Files\Java\jdk1.8.0_121\jre\lib\ext\access-bridge-64.jar;C:\Program Files\Java\jdk1.8.0_121\jre\lib\ext\cldrdata.jar;C:\Program Files\Java\jdk1.8.0_121\jre\lib\ext\dnsns.jar;C:\Program Files\Java\jdk1.8.0_121\jre\lib\ext\jaccess.jar;C:\Program Files\Java\jdk1.8.0_121\jre\lib\ext\jfxrt.jar;C:\Program Files\Java\jdk1.8.0_121\jre\lib\ext\localedata.jar;C:\Program Files\Java\jdk1.8.0_121\jre\lib\ext\nashorn.jar;C:\Program Files\Java\jdk1.8.0_121\jre\lib\ext\sunec.jar;C:\Program Files\Java\jdk1.8.0_121\jre\lib\ext\sunjce_provider.jar;C:\Program Files\Java\jdk1.8.0_121\jre\lib\ext\sunmscapi.jar;C:\Program Files\Java\jdk1.8.0_121\jre\lib\ext\sunpkcs11.jar;C:\Program Files\Java\jdk1.8.0_121\jre\lib\ext\zipfs.jar;C:\Program Files\Java\jdk1.8.0_121\jre\lib\javaws.jar;C:\Program Files\Java\jdk1.8.0_121\jre\lib\jce.jar;C:\Program Files\Java\jdk1.8.0_121\jre\lib\jfr.jar;C:\Program Files\Java\jdk1.8.0_121\jre\lib\jfxswt.jar;C:\Program Files\Java\jdk1.8.0_121\jre\lib\jsse.jar;C:\Program Files\Java\jdk1.8.0_121\jre\lib\management-agent.jar;C:\Program Files\Java\jdk1.8.0_121\jre\lib\plugin.jar;C:\Program Files\Java\jdk1.8.0_121\jre\lib\resources.jar;C:\Program Files\Java\jdk1.8.0_121\jre\lib\rt.jar;C:\Program Files (x86)\JetBrains\IntelliJ IDEA Community Edition 2016.1.3\lib\idea_rt.jar
Launcher Type: SUN_STANDARD

Environment Variables:
JAVA_HOME=C:\Program Files\Java\jdk1.8.0_121
CLASSPATH=C:\Users\RONALD\Javalib\antlr-4.7-complete.jar;.;.;C:\Program Files (x86)\QuickTime\QTSystem\QTJava.zip
PATH=C:\Program Files\Haskell\bin;C:\Program Files\Haskell Platform\8.0.1\lib\extralibs\bin;C:\Program Files\Haskell Platform\8.0.1\bin;C:\ProgramData\Oracle\Java\javapath;C:\Windows\system32;C:\Windows;C:\Windows\System32\Wbem;C:\Windows\System32\WindowsPowerShell\v1.0\;C:\Program Files (x86)\QuickTime\QTSystem\;C:\Program Files\Haskell Platform\8.0.1\mingw\bin;C:\Program Files (x86)\PuTTY\;C:\Program Files\Git\cmd;C:\Program Files (x86)\sbt\bin;C:\Program Files\Java\apache-maven-3.3.9\bin;C:\PostgreSQL\pg96\bin;C:\Program Files (x86)\Windows Kits\8.1\Windows Performance Toolkit\;C:\Program Files\OpenVPN\bin;C:\Users\RONALD\AppData\Local\Programs\Python\Python35-32\Scripts\;C:\Users\RONALD\AppData\Local\Programs\Python\Python35-32\;C:\Users\RONALD\Javalib;C:\Program Files\Java\apache-maven-3.3.9\bin;C:\Users\RONALD\AppData\Roaming\cabal\bin;C:\Users\RONALD\AppData\Roaming\local\bin;C:\Users\RONALD\AppData\Local\atom\bin;"C:\Program Files\Java\jdk1.8.0_121\bin"
USERNAME=RONALD
OS=Windows_NT
PROCESSOR_IDENTIFIER=Intel64 Family 6 Model 58 Stepping 9, GenuineIntel



---------------  S Y S T E M  ---------------

OS: Windows 10.0 , 64 bit Build 10586 (10.0.10586.0)

CPU:total 8 (4 cores per cpu, 2 threads per core) family 6 model 58 stepping 9, cmov, cx8, fxsr, mmx, sse, sse2, sse3, ssse3, sse4.1, sse4.2, popcnt, avx, aes, clmul, erms, ht, tsc, tscinvbit, tscinv

Memory: 4k page, physical 6172896k(573440k free), swap 6172896k(3684k free)

vm_info: Java HotSpot(TM) 64-Bit Server VM (25.121-b13) for windows-amd64 JRE (1.8.0_121-b13), built on Dec 12 2016 18:21:36 by "java_re" with MS VC++ 10.0 (VS2010)

time: Mon Oct 30 20:14:33 2017
elapsed time: 2 seconds (0d 0h 0m 2s)

