#
# There is insufficient memory for the Java Runtime Environment to continue.
# Native memory allocation (malloc) failed to allocate 776176 bytes for Chunk::new
# Possible reasons:
#   The system is out of physical RAM or swap space
#   In 32 bit mode, the process size limit was hit
# Possible solutions:
#   Reduce memory load on the system
#   Increase physical memory or swap space
#   Check if swap backing store is full
#   Use 64 bit Java on a 64 bit OS
#   Decrease Java heap size (-Xmx/-Xms)
#   Decrease number of Java threads
#   Decrease Java thread stack sizes (-Xss)
#   Set larger code cache with -XX:ReservedCodeCacheSize=
# This output file may be truncated or incomplete.
#
#  Out of Memory Error (allocation.cpp:390), pid=2156, tid=0x0000000000001054
#
# JRE version: Java(TM) SE Runtime Environment (8.0_121-b13) (build 1.8.0_121-b13)
# Java VM: Java HotSpot(TM) 64-Bit Server VM (25.121-b13 mixed mode windows-amd64 compressed oops)
# Failed to write core dump. Minidumps are not enabled by default on client versions of Windows
#

---------------  T H R E A D  ---------------

Current thread (0x000000001851e000):  JavaThread "C2 CompilerThread1" daemon [_thread_in_native, id=4180, stack(0x0000000018e00000,0x0000000018f00000)]

Stack: [0x0000000018e00000,0x0000000018f00000]
[error occurred during error reporting (printing stack bounds), id 0xc0000005]

Native frames: (J=compiled Java code, j=interpreted, Vv=VM code, C=native code)


Current CompileTask:
C2:   1972 1601       4       java.net.URLClassLoader$1::run (5 bytes)


---------------  P R O C E S S  ---------------

Java Threads: ( => current thread )
  0x0000000019a3e800 JavaThread "Thread-1" daemon [_thread_blocked, id=4240, stack(0x000000001a180000,0x000000001a280000)]
  0x0000000019a3d800 JavaThread "Thread-0" daemon [_thread_in_vm, id=1016, stack(0x000000001a080000,0x000000001a180000)]
  0x000000001863a000 JavaThread "Monitor Ctrl-Break" daemon [_thread_in_native, id=768, stack(0x0000000019380000,0x0000000019480000)]
  0x00000000185c4000 JavaThread "Service Thread" daemon [_thread_blocked, id=6080, stack(0x0000000019100000,0x0000000019200000)]
  0x000000001852d800 JavaThread "C1 CompilerThread3" daemon [_thread_blocked, id=428, stack(0x0000000019000000,0x0000000019100000)]
  0x0000000018520000 JavaThread "C2 CompilerThread2" daemon [_thread_blocked, id=9676, stack(0x0000000018f00000,0x0000000019000000)]
=>0x000000001851e000 JavaThread "C2 CompilerThread1" daemon [_thread_in_native, id=4180, stack(0x0000000018e00000,0x0000000018f00000)]
  0x000000001851a800 JavaThread "C2 CompilerThread0" daemon [_thread_blocked, id=7396, stack(0x0000000018d00000,0x0000000018e00000)]
  0x0000000018519800 JavaThread "Attach Listener" daemon [_thread_blocked, id=9648, stack(0x0000000018c00000,0x0000000018d00000)]
  0x000000001663e800 JavaThread "Signal Dispatcher" daemon [_thread_blocked, id=10684, stack(0x0000000018b00000,0x0000000018c00000)]
  0x0000000018510800 JavaThread "Finalizer" daemon [_thread_blocked, id=6168, stack(0x00000000188f0000,0x00000000189f0000)]
  0x0000000002939000 JavaThread "Reference Handler" daemon [_thread_blocked, id=10736, stack(0x00000000183f0000,0x00000000184f0000)]
  0x00000000026de000 JavaThread "main" [_thread_in_native, id=11188, stack(0x0000000002740000,0x0000000002840000)]

Other Threads:
  0x0000000016629000 VMThread [stack: 0x00000000182f0000,0x00000000183f0000] [id=7200]
  0x00000000185de000 WatcherThread [stack: 0x0000000019200000,0x0000000019300000] [id=7564]

VM state:not at safepoint (normal execution)

VM Mutex/Monitor currently owned by a thread: None

Heap:
 PSYoungGen      total 53248K, used 16198K [0x00000000e0980000, 0x00000000e4180000, 0x0000000100000000)
  eden space 49152K, 32% used [0x00000000e0980000,0x00000000e1951ad8,0x00000000e3980000)
  from space 4096K, 0% used [0x00000000e3980000,0x00000000e3980000,0x00000000e3d80000)
  to   space 4096K, 0% used [0x00000000e3d80000,0x00000000e3d80000,0x00000000e4180000)
 ParOldGen       total 81408K, used 27993K [0x00000000a1c00000, 0x00000000a6b80000, 0x00000000e0980000)
  object space 81408K, 34% used [0x00000000a1c00000,0x00000000a3756618,0x00000000a6b80000)
 Metaspace       used 23945K, capacity 24172K, committed 24320K, reserved 1071104K
  class space    used 4002K, capacity 4052K, committed 4096K, reserved 1048576K

Card table byte_map: [0x0000000011d00000,0x0000000012000000] byte_map_base: 0x00000000117f2000

Marking Bits: (ParMarkBitMap*) 0x00000000773eb6d0
 Begin Bits: [0x0000000012a00000, 0x0000000014190000)
 End Bits:   [0x0000000014190000, 0x0000000015920000)

Polling page: 0x00000000026b0000

CodeCache: size=245760Kb used=5067Kb max_used=5067Kb free=240692Kb
 bounds [0x0000000002940000, 0x0000000002e40000, 0x0000000011940000]
 total_blobs=1971 nmethods=1635 adapters=247
 compilation: enabled

Compilation events (10 events):
Event: 1.962 Thread 0x000000001852d800 nmethod 1632 0x0000000002e2e090 code [0x0000000002e2e1e0, 0x0000000002e2e2d0]
Event: 1.962 Thread 0x000000001852d800 1630       1       scala.reflect.internal.Definitions$DefinitionsClass::isInitialized (5 bytes)
Event: 1.962 Thread 0x000000001852d800 nmethod 1630 0x0000000002e2ddd0 code [0x0000000002e2df20, 0x0000000002e2e030]
Event: 1.962 Thread 0x000000001852d800 1631       1       scala.collection.mutable.SetBuilder::elems (5 bytes)
Event: 1.962 Thread 0x000000001852d800 nmethod 1631 0x0000000002e2db10 code [0x0000000002e2dc60, 0x0000000002e2dd70]
Event: 1.964 Thread 0x000000001852d800 1633       3       scala.reflect.internal.SymbolTable::nodeCount_$eq (6 bytes)
Event: 1.964 Thread 0x000000001852d800 nmethod 1633 0x0000000002e2c0d0 code [0x0000000002e2c220, 0x0000000002e2c370]
Event: 1.964 Thread 0x000000001852d800 1634       3       scala.reflect.internal.Trees$Tree::<init> (84 bytes)
Event: 1.965 Thread 0x000000001852d800 nmethod 1634 0x0000000002e2a810 code [0x0000000002e2aa60, 0x0000000002e2bb08]
Event: 1.970 Thread 0x000000001852d800 1636       3       scala.util.hashing.MurmurHash3::listHash (68 bytes)

GC Heap History (10 events):
Event: 0.953 GC heap before
{Heap before GC invocations=2 (full 0):
 PSYoungGen      total 28672K, used 28642K [0x00000000e0980000, 0x00000000e2980000, 0x0000000100000000)
  eden space 24576K, 100% used [0x00000000e0980000,0x00000000e2180000,0x00000000e2180000)
  from space 4096K, 99% used [0x00000000e2180000,0x00000000e2578820,0x00000000e2580000)
  to   space 4096K, 0% used [0x00000000e2580000,0x00000000e2580000,0x00000000e2980000)
 ParOldGen       total 65536K, used 781K [0x00000000a1c00000, 0x00000000a5c00000, 0x00000000e0980000)
  object space 65536K, 1% used [0x00000000a1c00000,0x00000000a1cc37d8,0x00000000a5c00000)
 Metaspace       used 15607K, capacity 15852K, committed 16000K, reserved 1062912K
  class space    used 2611K, capacity 2644K, committed 2688K, reserved 1048576K
Event: 0.958 GC heap after
Heap after GC invocations=2 (full 0):
 PSYoungGen      total 28672K, used 4086K [0x00000000e0980000, 0x00000000e2980000, 0x0000000100000000)
  eden space 24576K, 0% used [0x00000000e0980000,0x00000000e0980000,0x00000000e2180000)
  from space 4096K, 99% used [0x00000000e2580000,0x00000000e297d960,0x00000000e2980000)
  to   space 4096K, 0% used [0x00000000e2180000,0x00000000e2180000,0x00000000e2580000)
 ParOldGen       total 65536K, used 4918K [0x00000000a1c00000, 0x00000000a5c00000, 0x00000000e0980000)
  object space 65536K, 7% used [0x00000000a1c00000,0x00000000a20cda68,0x00000000a5c00000)
 Metaspace       used 15607K, capacity 15852K, committed 16000K, reserved 1062912K
  class space    used 2611K, capacity 2644K, committed 2688K, reserved 1048576K
}
Event: 1.118 GC heap before
{Heap before GC invocations=3 (full 0):
 PSYoungGen      total 28672K, used 28662K [0x00000000e0980000, 0x00000000e2980000, 0x0000000100000000)
  eden space 24576K, 100% used [0x00000000e0980000,0x00000000e2180000,0x00000000e2180000)
  from space 4096K, 99% used [0x00000000e2580000,0x00000000e297d960,0x00000000e2980000)
  to   space 4096K, 0% used [0x00000000e2180000,0x00000000e2180000,0x00000000e2580000)
 ParOldGen       total 65536K, used 4918K [0x00000000a1c00000, 0x00000000a5c00000, 0x00000000e0980000)
  object space 65536K, 7% used [0x00000000a1c00000,0x00000000a20cda68,0x00000000a5c00000)
 Metaspace       used 15615K, capacity 15852K, committed 16000K, reserved 1062912K
  class space    used 2611K, capacity 2644K, committed 2688K, reserved 1048576K
Event: 1.129 GC heap after
Heap after GC invocations=3 (full 0):
 PSYoungGen      total 28672K, used 4082K [0x00000000e0980000, 0x00000000e4180000, 0x0000000100000000)
  eden space 24576K, 0% used [0x00000000e0980000,0x00000000e0980000,0x00000000e2180000)
  from space 4096K, 99% used [0x00000000e2180000,0x00000000e257cb78,0x00000000e2580000)
  to   space 4096K, 0% used [0x00000000e3d80000,0x00000000e3d80000,0x00000000e4180000)
 ParOldGen       total 65536K, used 17898K [0x00000000a1c00000, 0x00000000a5c00000, 0x00000000e0980000)
  object space 65536K, 27% used [0x00000000a1c00000,0x00000000a2d7aa90,0x00000000a5c00000)
 Metaspace       used 15615K, capacity 15852K, committed 16000K, reserved 1062912K
  class space    used 2611K, capacity 2644K, committed 2688K, reserved 1048576K
}
Event: 1.470 GC heap before
{Heap before GC invocations=4 (full 0):
 PSYoungGen      total 28672K, used 28658K [0x00000000e0980000, 0x00000000e4180000, 0x0000000100000000)
  eden space 24576K, 100% used [0x00000000e0980000,0x00000000e2180000,0x00000000e2180000)
  from space 4096K, 99% used [0x00000000e2180000,0x00000000e257cb78,0x00000000e2580000)
  to   space 4096K, 0% used [0x00000000e3d80000,0x00000000e3d80000,0x00000000e4180000)
 ParOldGen       total 65536K, used 17898K [0x00000000a1c00000, 0x00000000a5c00000, 0x00000000e0980000)
  object space 65536K, 27% used [0x00000000a1c00000,0x00000000a2d7aa90,0x00000000a5c00000)
 Metaspace       used 18618K, capacity 18892K, committed 18944K, reserved 1064960K
  class space    used 3000K, capacity 3060K, committed 3072K, reserved 1048576K
Event: 1.478 GC heap after
Heap after GC invocations=4 (full 0):
 PSYoungGen      total 53248K, used 4082K [0x00000000e0980000, 0x00000000e4180000, 0x0000000100000000)
  eden space 49152K, 0% used [0x00000000e0980000,0x00000000e0980000,0x00000000e3980000)
  from space 4096K, 99% used [0x00000000e3d80000,0x00000000e417cb78,0x00000000e4180000)
  to   space 4096K, 0% used [0x00000000e3980000,0x00000000e3980000,0x00000000e3d80000)
 ParOldGen       total 65536K, used 28288K [0x00000000a1c00000, 0x00000000a5c00000, 0x00000000e0980000)
  object space 65536K, 43% used [0x00000000a1c00000,0x00000000a37a0228,0x00000000a5c00000)
 Metaspace       used 18618K, capacity 18892K, committed 18944K, reserved 1064960K
  class space    used 3000K, capacity 3060K, committed 3072K, reserved 1048576K
}
Event: 1.598 GC heap before
{Heap before GC invocations=5 (full 0):
 PSYoungGen      total 53248K, used 13150K [0x00000000e0980000, 0x00000000e4180000, 0x0000000100000000)
  eden space 49152K, 18% used [0x00000000e0980000,0x00000000e125b068,0x00000000e3980000)
  from space 4096K, 99% used [0x00000000e3d80000,0x00000000e417cb78,0x00000000e4180000)
  to   space 4096K, 0% used [0x00000000e3980000,0x00000000e3980000,0x00000000e3d80000)
 ParOldGen       total 65536K, used 28288K [0x00000000a1c00000, 0x00000000a5c00000, 0x00000000e0980000)
  object space 65536K, 43% used [0x00000000a1c00000,0x00000000a37a0228,0x00000000a5c00000)
 Metaspace       used 20929K, capacity 21132K, committed 21296K, reserved 1067008K
  class space    used 3340K, capacity 3380K, committed 3456K, reserved 1048576K
Event: 1.603 GC heap after
Heap after GC invocations=5 (full 0):
 PSYoungGen      total 53248K, used 4082K [0x00000000e0980000, 0x00000000e4180000, 0x0000000100000000)
  eden space 49152K, 0% used [0x00000000e0980000,0x00000000e0980000,0x00000000e3980000)
  from space 4096K, 99% used [0x00000000e3980000,0x00000000e3d7cb58,0x00000000e3d80000)
  to   space 4096K, 0% used [0x00000000e3d80000,0x00000000e3d80000,0x00000000e4180000)
 ParOldGen       total 65536K, used 30584K [0x00000000a1c00000, 0x00000000a5c00000, 0x00000000e0980000)
  object space 65536K, 46% used [0x00000000a1c00000,0x00000000a39de278,0x00000000a5c00000)
 Metaspace       used 20929K, capacity 21132K, committed 21296K, reserved 1067008K
  class space    used 3340K, capacity 3380K, committed 3456K, reserved 1048576K
}
Event: 1.603 GC heap before
{Heap before GC invocations=6 (full 1):
 PSYoungGen      total 53248K, used 4082K [0x00000000e0980000, 0x00000000e4180000, 0x0000000100000000)
  eden space 49152K, 0% used [0x00000000e0980000,0x00000000e0980000,0x00000000e3980000)
  from space 4096K, 99% used [0x00000000e3980000,0x00000000e3d7cb58,0x00000000e3d80000)
  to   space 4096K, 0% used [0x00000000e3d80000,0x00000000e3d80000,0x00000000e4180000)
 ParOldGen       total 65536K, used 30584K [0x00000000a1c00000, 0x00000000a5c00000, 0x00000000e0980000)
  object space 65536K, 46% used [0x00000000a1c00000,0x00000000a39de278,0x00000000a5c00000)
 Metaspace       used 20929K, capacity 21132K, committed 21296K, reserved 1067008K
  class space    used 3340K, capacity 3380K, committed 3456K, reserved 1048576K
Event: 1.656 GC heap after
Heap after GC invocations=6 (full 1):
 PSYoungGen      total 53248K, used 0K [0x00000000e0980000, 0x00000000e4180000, 0x0000000100000000)
  eden space 49152K, 0% used [0x00000000e0980000,0x00000000e0980000,0x00000000e3980000)
  from space 4096K, 0% used [0x00000000e3980000,0x00000000e3980000,0x00000000e3d80000)
  to   space 4096K, 0% used [0x00000000e3d80000,0x00000000e3d80000,0x00000000e4180000)
 ParOldGen       total 81408K, used 27993K [0x00000000a1c00000, 0x00000000a6b80000, 0x00000000e0980000)
  object space 81408K, 34% used [0x00000000a1c00000,0x00000000a3756618,0x00000000a6b80000)
 Metaspace       used 20929K, capacity 21132K, committed 21296K, reserved 1067008K
  class space    used 3340K, capacity 3380K, committed 3456K, reserved 1048576K
}

Deoptimization events (10 events):
Event: 1.917 Thread 0x0000000019a3d800 Uncommon trap: reason=class_check action=maybe_recompile pc=0x0000000002db1884 method=scala.collection.mutable.HashMap.update(Ljava/lang/Object;Ljava/lang/Object;)V @ 3
Event: 1.917 Thread 0x0000000019a3d800 Uncommon trap: reason=class_check action=maybe_recompile pc=0x0000000002db1884 method=scala.collection.mutable.HashMap.update(Ljava/lang/Object;Ljava/lang/Object;)V @ 3
Event: 1.918 Thread 0x0000000019a3d800 Uncommon trap: reason=unstable_if action=reinterpret pc=0x0000000002db1380 method=scala.reflect.internal.Scopes$Scope.lookupNextEntry(Lscala/reflect/internal/Scopes$ScopeEntry;)Lscala/reflect/internal/Scopes$ScopeEntry; @ 49
Event: 1.923 Thread 0x0000000019a3d800 Uncommon trap: reason=speculate_class_check action=maybe_recompile pc=0x0000000002da2968 method=scala.reflect.internal.Scopes$Scope.enter(Lscala/reflect/internal/Symbols$Symbol;)Lscala/reflect/internal/Symbols$Symbol; @ 10
Event: 1.923 Thread 0x0000000019a3d800 Uncommon trap: reason=speculate_class_check action=maybe_recompile pc=0x0000000002da2968 method=scala.reflect.internal.Scopes$Scope.enter(Lscala/reflect/internal/Symbols$Symbol;)Lscala/reflect/internal/Symbols$Symbol; @ 10
Event: 1.923 Thread 0x0000000019a3d800 Uncommon trap: reason=speculate_class_check action=maybe_recompile pc=0x0000000002da2968 method=scala.reflect.internal.Scopes$Scope.enter(Lscala/reflect/internal/Symbols$Symbol;)Lscala/reflect/internal/Symbols$Symbol; @ 10
Event: 1.923 Thread 0x0000000019a3d800 Uncommon trap: reason=speculate_class_check action=maybe_recompile pc=0x0000000002da2968 method=scala.reflect.internal.Scopes$Scope.enter(Lscala/reflect/internal/Symbols$Symbol;)Lscala/reflect/internal/Symbols$Symbol; @ 10
Event: 1.930 Thread 0x0000000019a3d800 Uncommon trap: reason=predicate action=maybe_recompile pc=0x0000000002cf6f98 method=scala.reflect.internal.Names$class.enterChars(Lscala/reflect/internal/Names;[CII)V @ 9
Event: 1.947 Thread 0x0000000019a3d800 Uncommon trap: reason=unstable_if action=reinterpret pc=0x0000000002e2225c method=scala.reflect.internal.Symbols$Symbol.rawInfo()Lscala/reflect/internal/Types$Type; @ 169
Event: 1.965 Thread 0x0000000019a3d800 Uncommon trap: reason=unstable_if action=reinterpret pc=0x0000000002cdf0a8 method=scala.reflect.internal.Symbols$TypeHistory.<init>(Lscala/reflect/internal/SymbolTable;ILscala/reflect/internal/Types$Type;Lscala/reflect/internal/Symbols$TypeHistory;)V @ 46

Internal exceptions (6 events):
Event: 0.029 Thread 0x00000000026de000 Exception <a 'java/lang/NoSuchMethodError': Method sun.misc.Unsafe.defineClass(Ljava/lang/String;[BII)Ljava/lang/Class; name or signature does not match> (0x00000000e0987ca8) thrown at [C:\re\workspace\8-2-build-windows-amd64-cygwin\jdk8u121\8372\hotspot\
Event: 0.029 Thread 0x00000000026de000 Exception <a 'java/lang/NoSuchMethodError': Method sun.misc.Unsafe.prefetchRead(Ljava/lang/Object;J)V name or signature does not match> (0x00000000e0987f90) thrown at [C:\re\workspace\8-2-build-windows-amd64-cygwin\jdk8u121\8372\hotspot\src\share\vm\prims
Event: 0.354 Thread 0x00000000026de000 Exception <a 'java/security/PrivilegedActionException'> (0x00000000e19f6dc0) thrown at [C:\re\workspace\8-2-build-windows-amd64-cygwin\jdk8u121\8372\hotspot\src\share\vm\prims\jvm.cpp, line 1390]
Event: 0.354 Thread 0x00000000026de000 Exception <a 'java/security/PrivilegedActionException'> (0x00000000e19f6fd0) thrown at [C:\re\workspace\8-2-build-windows-amd64-cygwin\jdk8u121\8372\hotspot\src\share\vm\prims\jvm.cpp, line 1390]
Event: 0.354 Thread 0x00000000026de000 Exception <a 'java/security/PrivilegedActionException'> (0x00000000e19fb0c8) thrown at [C:\re\workspace\8-2-build-windows-amd64-cygwin\jdk8u121\8372\hotspot\src\share\vm\prims\jvm.cpp, line 1390]
Event: 0.354 Thread 0x00000000026de000 Exception <a 'java/security/PrivilegedActionException'> (0x00000000e19fb2d8) thrown at [C:\re\workspace\8-2-build-windows-amd64-cygwin\jdk8u121\8372\hotspot\src\share\vm\prims\jvm.cpp, line 1390]

Events (10 events):
Event: 1.969 loading class scala/tools/nsc/transform/SpecializeTypes$$anonfun$specializeClass$1
Event: 1.969 loading class scala/tools/nsc/transform/SpecializeTypes$$anonfun$specializeClass$1 done
Event: 1.970 loading class scala/tools/nsc/transform/SpecializeTypes$$anonfun$specialOverrides$1
Event: 1.970 loading class scala/tools/nsc/transform/SpecializeTypes$$anonfun$specialOverrides$1 done
Event: 1.970 loading class scala/tools/nsc/transform/SpecializeTypes$$anonfun$specialOverrides$2
Event: 1.970 loading class scala/tools/nsc/transform/SpecializeTypes$$anonfun$specialOverrides$2 done
Event: 1.970 loading class scala/tools/nsc/transform/SpecializeTypes$$anonfun$specialOverrides$3
Event: 1.970 loading class scala/tools/nsc/transform/SpecializeTypes$$anonfun$specialOverrides$3 done
Event: 1.970 loading class scala/reflect/internal/Symbols$Symbol$$anonfun$allOverriddenSymbols$1
Event: 1.970 loading class scala/reflect/internal/Symbols$Symbol$$anonfun$allOverriddenSymbols$1 done


Dynamic libraries:
0x00007ff717890000 - 0x00007ff7178c7000 	C:\Program Files\Java\jdk1.8.0_121\bin\java.exe
0x00007ffe819d0000 - 0x00007ffe81b91000 	C:\Windows\SYSTEM32\ntdll.dll
0x00007ffe81000000 - 0x00007ffe810ad000 	C:\Windows\system32\KERNEL32.DLL
0x00007ffe7e250000 - 0x00007ffe7e438000 	C:\Windows\system32\KERNELBASE.dll
0x00007ffe81750000 - 0x00007ffe817f7000 	C:\Windows\system32\ADVAPI32.dll
0x00007ffe80680000 - 0x00007ffe8071d000 	C:\Windows\system32\msvcrt.dll
0x00007ffe810c0000 - 0x00007ffe8111b000 	C:\Windows\system32\sechost.dll
0x00007ffe81370000 - 0x00007ffe8148c000 	C:\Windows\system32\RPCRT4.dll
0x00007ffe81800000 - 0x00007ffe81956000 	C:\Windows\system32\USER32.dll
0x00007ffe811e0000 - 0x00007ffe81366000 	C:\Windows\system32\GDI32.dll
0x00007ffe724d0000 - 0x00007ffe72744000 	C:\Windows\WinSxS\amd64_microsoft.windows.common-controls_6595b64144ccf1df_6.0.10586.0_none_8c15ae12515e1c22\COMCTL32.dll
0x00007ffe80d80000 - 0x00007ffe80ffd000 	C:\Windows\system32\combase.dll
0x00007ffe7ed00000 - 0x00007ffe7ed6a000 	C:\Windows\system32\bcryptPrimitives.dll
0x00007ffe804e0000 - 0x00007ffe8051b000 	C:\Windows\system32\IMM32.DLL
0x0000000077470000 - 0x0000000077542000 	C:\Program Files\Java\jdk1.8.0_121\jre\bin\msvcr100.dll
0x0000000076bd0000 - 0x000000007746b000 	C:\Program Files\Java\jdk1.8.0_121\jre\bin\server\jvm.dll
0x00007ffe810b0000 - 0x00007ffe810b8000 	C:\Windows\system32\PSAPI.DLL
0x00007ffe72290000 - 0x00007ffe72299000 	C:\Windows\SYSTEM32\WSOCK32.dll
0x00007ffe7c3f0000 - 0x00007ffe7c413000 	C:\Windows\SYSTEM32\WINMM.dll
0x00007ffe76920000 - 0x00007ffe7692a000 	C:\Windows\SYSTEM32\VERSION.dll
0x00007ffe81490000 - 0x00007ffe814fb000 	C:\Windows\system32\WS2_32.dll
0x00007ffe7c260000 - 0x00007ffe7c28c000 	C:\Windows\SYSTEM32\WINMMBASE.dll
0x00007ffe7e4d0000 - 0x00007ffe7e513000 	C:\Windows\system32\cfgmgr32.dll
0x00000000779a0000 - 0x00000000779af000 	C:\Program Files\Java\jdk1.8.0_121\jre\bin\verify.dll
0x0000000076ba0000 - 0x0000000076bc9000 	C:\Program Files\Java\jdk1.8.0_121\jre\bin\java.dll
0x0000000076b80000 - 0x0000000076b96000 	C:\Program Files\Java\jdk1.8.0_121\jre\bin\zip.dll
0x00007ffe7ef80000 - 0x00007ffe804dc000 	C:\Windows\system32\SHELL32.dll
0x00007ffe7e520000 - 0x00007ffe7eb64000 	C:\Windows\system32\windows.storage.dll
0x00007ffe81120000 - 0x00007ffe81172000 	C:\Windows\system32\shlwapi.dll
0x00007ffe7e070000 - 0x00007ffe7e07f000 	C:\Windows\system32\kernel.appcore.dll
0x00007ffe7eb90000 - 0x00007ffe7ec45000 	C:\Windows\system32\shcore.dll
0x00007ffe7dff0000 - 0x00007ffe7e03b000 	C:\Windows\system32\powrprof.dll
0x00007ffe7e040000 - 0x00007ffe7e054000 	C:\Windows\system32\profapi.dll
0x00007ffe776d0000 - 0x00007ffe776e0000 	C:\Program Files (x86)\JetBrains\IntelliJ IDEA Community Edition 2016.1.3\bin\breakgen64.dll
0x0000000076b60000 - 0x0000000076b7a000 	C:\Program Files\Java\jdk1.8.0_121\jre\bin\net.dll
0x00007ffe7d920000 - 0x00007ffe7d97c000 	C:\Windows\system32\mswsock.dll

VM Arguments:
jvm_args: -Djline.terminal=NONE -Didea.launcher.port=7532 -Didea.launcher.bin.path=C:\Program Files (x86)\JetBrains\IntelliJ IDEA Community Edition 2016.1.3\bin -Dfile.encoding=UTF-8 
java_command: com.intellij.rt.execution.application.AppMain org.jetbrains.plugins.scala.compiler.rt.ConsoleRunner -usejavacp
java_class_path (initial): C:\Users\RONALD\.ivy2\cache\org.scala-lang\scala-compiler\jars\scala-compiler-2.10.6.jar;C:\Users\RONALD\.ivy2\cache\org.scala-lang\scala-library\jars\scala-library-2.10.6.jar;C:\Users\RONALD\.ivy2\cache\org.scala-lang\scala-reflect\jars\scala-reflect-2.10.6.jar;C:\Users\RONALD\.IdeaIC2016\config\plugins\Scala\lib\scala-plugin-runners.jar;C:\Program Files\Java\jdk1.8.0_121\jre\lib\charsets.jar;C:\Program Files\Java\jdk1.8.0_121\jre\lib\deploy.jar;C:\Program Files\Java\jdk1.8.0_121\jre\lib\ext\access-bridge-64.jar;C:\Program Files\Java\jdk1.8.0_121\jre\lib\ext\cldrdata.jar;C:\Program Files\Java\jdk1.8.0_121\jre\lib\ext\dnsns.jar;C:\Program Files\Java\jdk1.8.0_121\jre\lib\ext\jaccess.jar;C:\Program Files\Java\jdk1.8.0_121\jre\lib\ext\jfxrt.jar;C:\Program Files\Java\jdk1.8.0_121\jre\lib\ext\localedata.jar;C:\Program Files\Java\jdk1.8.0_121\jre\lib\ext\nashorn.jar;C:\Program Files\Java\jdk1.8.0_121\jre\lib\ext\sunec.jar;C:\Program Files\Java\jdk1.8.0_121\jre\lib\ext\sunjce_provider.jar;C:\Program Files\Java\jdk1.8.0_121\jre\lib\ext\sunmscapi.jar;C:\Program Files\Java\jdk1.8.0_121\jre\lib\ext\sunpkcs11.jar;C:\Program Files\Java\jdk1.8.0_121\jre\lib\ext\zipfs.jar;C:\Program Files\Java\jdk1.8.0_121\jre\lib\javaws.jar;C:\Program Files\Java\jdk1.8.0_121\jre\lib\jce.jar;C:\Program Files\Java\jdk1.8.0_121\jre\lib\jfr.jar;C:\Program Files\Java\jdk1.8.0_121\jre\lib\jfxswt.jar;C:\Program Files\Java\jdk1.8.0_121\jre\lib\jsse.jar;C:\Program Files\Java\jdk1.8.0_121\jre\lib\management-agent.jar;C:\Program Files\Java\jdk1.8.0_121\jre\lib\plugin.jar;C:\Program Files\Java\jdk1.8.0_121\jre\lib\resources.jar;C:\Program Files\Java\jdk1.8.0_121\jre\lib\rt.jar;C:\Program Files (x86)\JetBrains\IntelliJ IDEA Community Edition 2016.1.3\lib\idea_rt.jar
Launcher Type: SUN_STANDARD

Environment Variables:
JAVA_HOME=C:\Program Files\Java\jdk1.8.0_121
CLASSPATH=C:\Users\RONALD\Javalib\antlr-4.7-complete.jar;.;.;C:\Program Files (x86)\QuickTime\QTSystem\QTJava.zip
PATH=C:\Program Files\Haskell\bin;C:\Program Files\Haskell Platform\8.0.1\lib\extralibs\bin;C:\Program Files\Haskell Platform\8.0.1\bin;C:\ProgramData\Oracle\Java\javapath;C:\Windows\system32;C:\Windows;C:\Windows\System32\Wbem;C:\Windows\System32\WindowsPowerShell\v1.0\;C:\Program Files (x86)\QuickTime\QTSystem\;C:\Program Files\Haskell Platform\8.0.1\mingw\bin;C:\Program Files (x86)\PuTTY\;C:\Program Files\Git\cmd;C:\Program Files (x86)\sbt\bin;C:\Program Files\Java\apache-maven-3.3.9\bin;C:\PostgreSQL\pg96\bin;C:\Program Files (x86)\Windows Kits\8.1\Windows Performance Toolkit\;C:\Program Files\OpenVPN\bin;C:\Users\RONALD\Javalib;C:\Program Files\Java\apache-maven-3.3.9\bin;C:\Users\RONALD\AppData\Roaming\cabal\bin;C:\Users\RONALD\AppData\Roaming\local\bin;C:\Users\RONALD\AppData\Local\atom\bin;"C:\Program Files\Java\jdk1.8.0_121\bin"
USERNAME=RONALD
OS=Windows_NT
PROCESSOR_IDENTIFIER=Intel64 Family 6 Model 58 Stepping 9, GenuineIntel



---------------  S Y S T E M  ---------------

OS: Windows 10.0 , 64 bit Build 10586 (10.0.10586.0)

CPU:total 8 (4 cores per cpu, 2 threads per core) family 6 model 58 stepping 9, cmov, cx8, fxsr, mmx, sse, sse2, sse3, ssse3, sse4.1, sse4.2, popcnt, avx, aes, clmul, erms, ht, tsc, tscinvbit, tscinv

Memory: 4k page, physical 6172896k(490960k free), swap 6172896k(5180k free)

vm_info: Java HotSpot(TM) 64-Bit Server VM (25.121-b13) for windows-amd64 JRE (1.8.0_121-b13), built on Dec 12 2016 18:21:36 by "java_re" with MS VC++ 10.0 (VS2010)

time: Thu Sep 07 18:05:09 2017
elapsed time: 1 seconds (0d 0h 0m 1s)

