#
# There is insufficient memory for the Java Runtime Environment to continue.
# Native memory allocation (malloc) failed to allocate 1054256 bytes for Chunk::new
# Possible reasons:
#   The system is out of physical RAM or swap space
#   In 32 bit mode, the process size limit was hit
# Possible solutions:
#   Reduce memory load on the system
#   Increase physical memory or swap space
#   Check if swap backing store is full
#   Use 64 bit Java on a 64 bit OS
#   Decrease Java heap size (-Xmx/-Xms)
#   Decrease number of Java threads
#   Decrease Java thread stack sizes (-Xss)
#   Set larger code cache with -XX:ReservedCodeCacheSize=
# This output file may be truncated or incomplete.
#
#  Out of Memory Error (allocation.cpp:390), pid=6456, tid=0x0000000000002694
#
# JRE version: Java(TM) SE Runtime Environment (8.0_121-b13) (build 1.8.0_121-b13)
# Java VM: Java HotSpot(TM) 64-Bit Server VM (25.121-b13 mixed mode windows-amd64 compressed oops)
# Failed to write core dump. Minidumps are not enabled by default on client versions of Windows
#

---------------  T H R E A D  ---------------

Current thread (0x0000000018e41000):  JavaThread "C2 CompilerThread1" daemon [_thread_in_native, id=9876, stack(0x0000000019710000,0x0000000019810000)]

Stack: [0x0000000019710000,0x0000000019810000]
[error occurred during error reporting (printing stack bounds), id 0xc0000005]

Native frames: (J=compiled Java code, j=interpreted, Vv=VM code, C=native code)


Current CompileTask:
C2:   2767 1613       4       java.net.URLClassLoader$1::run (5 bytes)


---------------  P R O C E S S  ---------------

Java Threads: ( => current thread )
  0x000000001a2f9000 JavaThread "Thread-1" daemon [_thread_blocked, id=9128, stack(0x000000001aaf0000,0x000000001abf0000)]
  0x000000001a2f8800 JavaThread "Thread-0" daemon [_thread_in_Java, id=9920, stack(0x000000001a9f0000,0x000000001aaf0000)]
  0x0000000018f61000 JavaThread "Monitor Ctrl-Break" daemon [_thread_in_native, id=5616, stack(0x0000000019c10000,0x0000000019d10000)]
  0x0000000018ea0000 JavaThread "Service Thread" daemon [_thread_blocked, id=9168, stack(0x0000000019a10000,0x0000000019b10000)]
  0x0000000018e59000 JavaThread "C1 CompilerThread3" daemon [_thread_in_native, id=8208, stack(0x0000000019910000,0x0000000019a10000)]
  0x0000000018e43800 JavaThread "C2 CompilerThread2" daemon [_thread_in_native, id=2336, stack(0x0000000019810000,0x0000000019910000)]
=>0x0000000018e41000 JavaThread "C2 CompilerThread1" daemon [_thread_in_native, id=9876, stack(0x0000000019710000,0x0000000019810000)]
  0x0000000018e3d800 JavaThread "C2 CompilerThread0" daemon [_thread_blocked, id=7564, stack(0x0000000019610000,0x0000000019710000)]
  0x0000000018e38000 JavaThread "Attach Listener" daemon [_thread_blocked, id=5584, stack(0x0000000019510000,0x0000000019610000)]
  0x0000000016f4e000 JavaThread "Signal Dispatcher" daemon [_thread_blocked, id=10812, stack(0x0000000019410000,0x0000000019510000)]
  0x0000000003269800 JavaThread "Finalizer" daemon [_thread_blocked, id=248, stack(0x0000000019210000,0x0000000019310000)]
  0x0000000003268000 JavaThread "Reference Handler" daemon [_thread_blocked, id=11696, stack(0x0000000018d10000,0x0000000018e10000)]
  0x000000000306e000 JavaThread "main" [_thread_in_native, id=3076, stack(0x0000000003070000,0x0000000003170000)]

Other Threads:
  0x0000000016f39800 VMThread [stack: 0x0000000018c10000,0x0000000018d10000] [id=5484]
  0x0000000018ea3800 WatcherThread [stack: 0x0000000019b10000,0x0000000019c10000] [id=11668]

VM state:not at safepoint (normal execution)

VM Mutex/Monitor currently owned by a thread: None

Heap:
 PSYoungGen      total 53248K, used 17118K [0x00000000e0980000, 0x00000000e9080000, 0x0000000100000000)
  eden space 49152K, 34% used [0x00000000e0980000,0x00000000e1a37880,0x00000000e3980000)
  from space 4096K, 0% used [0x00000000e3980000,0x00000000e3980000,0x00000000e3d80000)
  to   space 19968K, 0% used [0x00000000e7d00000,0x00000000e7d00000,0x00000000e9080000)
 ParOldGen       total 81408K, used 27577K [0x00000000a1c00000, 0x00000000a6b80000, 0x00000000e0980000)
  object space 81408K, 33% used [0x00000000a1c00000,0x00000000a36ee498,0x00000000a6b80000)
 Metaspace       used 24313K, capacity 24556K, committed 24704K, reserved 1069056K
  class space    used 4076K, capacity 4116K, committed 4224K, reserved 1048576K

Card table byte_map: [0x0000000012630000,0x0000000012930000] byte_map_base: 0x0000000012122000

Marking Bits: (ParMarkBitMap*) 0x0000000054a9b6d0
 Begin Bits: [0x0000000013330000, 0x0000000014ac0000)
 End Bits:   [0x0000000014ac0000, 0x0000000016250000)

Polling page: 0x0000000002fa0000

CodeCache: size=245760Kb used=5467Kb max_used=5467Kb free=240292Kb
 bounds [0x0000000003270000, 0x00000000037d0000, 0x0000000012270000]
 total_blobs=2062 nmethods=1726 adapters=247
 compilation: enabled

Compilation events (10 events):
Event: 2.742 Thread 0x0000000018e3d800 1730       4       scala.reflect.internal.Symbols$ClassSymbol::isClass (5 bytes)
Event: 2.742 Thread 0x0000000018e3d800 nmethod 1730 0x000000000378b690 code [0x000000000378b7c0, 0x000000000378b818]
Event: 2.745 Thread 0x0000000018e3d800 1737       4       java.lang.String::<init> (10 bytes)
Event: 2.745 Thread 0x0000000018e3d800 nmethod 1737 0x000000000379cb90 code [0x000000000379ccc0, 0x000000000379cd38]
Event: 2.751 Thread 0x0000000018e43800 nmethod 1731 0x0000000003799d50 code [0x0000000003799ee0, 0x000000000379a538]
Event: 2.759 Thread 0x0000000018e3d800 1745       4       scala.reflect.internal.Scopes$Scope::scala$reflect$internal$Scopes$Scope$$enterInHash (37 bytes)
Event: 2.761 Thread 0x0000000018e3d800 nmethod 1745 0x000000000379cf10 code [0x000000000379d060, 0x000000000379d198]
Event: 2.762 Thread 0x0000000018e59000 nmethod 1717 0x000000000379eb90 code [0x00000000037a0780, 0x00000000037bae18]
Event: 2.762 Thread 0x0000000018e59000 1736       3       scala.reflect.internal.Types$TypeMap::mapOver (1206 bytes)
Event: 2.764 Thread 0x0000000018e43800 1750   !   4       scala.reflect.internal.Symbols$Symbol::rawInfo (334 bytes)

GC Heap History (10 events):
Event: 1.338 GC heap before
{Heap before GC invocations=2 (full 0):
 PSYoungGen      total 28672K, used 28648K [0x00000000e0980000, 0x00000000e2980000, 0x0000000100000000)
  eden space 24576K, 100% used [0x00000000e0980000,0x00000000e2180000,0x00000000e2180000)
  from space 4096K, 99% used [0x00000000e2180000,0x00000000e257a200,0x00000000e2580000)
  to   space 4096K, 0% used [0x00000000e2580000,0x00000000e2580000,0x00000000e2980000)
 ParOldGen       total 65536K, used 877K [0x00000000a1c00000, 0x00000000a5c00000, 0x00000000e0980000)
  object space 65536K, 1% used [0x00000000a1c00000,0x00000000a1cdb478,0x00000000a5c00000)
 Metaspace       used 15608K, capacity 15852K, committed 16000K, reserved 1062912K
  class space    used 2611K, capacity 2644K, committed 2688K, reserved 1048576K
Event: 1.343 GC heap after
Heap after GC invocations=2 (full 0):
 PSYoungGen      total 28672K, used 4070K [0x00000000e0980000, 0x00000000e2980000, 0x0000000100000000)
  eden space 24576K, 0% used [0x00000000e0980000,0x00000000e0980000,0x00000000e2180000)
  from space 4096K, 99% used [0x00000000e2580000,0x00000000e2979950,0x00000000e2980000)
  to   space 4096K, 0% used [0x00000000e2180000,0x00000000e2180000,0x00000000e2580000)
 ParOldGen       total 65536K, used 4937K [0x00000000a1c00000, 0x00000000a5c00000, 0x00000000e0980000)
  object space 65536K, 7% used [0x00000000a1c00000,0x00000000a20d2620,0x00000000a5c00000)
 Metaspace       used 15608K, capacity 15852K, committed 16000K, reserved 1062912K
  class space    used 2611K, capacity 2644K, committed 2688K, reserved 1048576K
}
Event: 1.868 GC heap before
{Heap before GC invocations=3 (full 0):
 PSYoungGen      total 28672K, used 28646K [0x00000000e0980000, 0x00000000e2980000, 0x0000000100000000)
  eden space 24576K, 100% used [0x00000000e0980000,0x00000000e2180000,0x00000000e2180000)
  from space 4096K, 99% used [0x00000000e2580000,0x00000000e2979950,0x00000000e2980000)
  to   space 4096K, 0% used [0x00000000e2180000,0x00000000e2180000,0x00000000e2580000)
 ParOldGen       total 65536K, used 4937K [0x00000000a1c00000, 0x00000000a5c00000, 0x00000000e0980000)
  object space 65536K, 7% used [0x00000000a1c00000,0x00000000a20d2620,0x00000000a5c00000)
 Metaspace       used 15615K, capacity 15852K, committed 16000K, reserved 1062912K
  class space    used 2611K, capacity 2644K, committed 2688K, reserved 1048576K
Event: 1.877 GC heap after
Heap after GC invocations=3 (full 0):
 PSYoungGen      total 28672K, used 4066K [0x00000000e0980000, 0x00000000e4180000, 0x0000000100000000)
  eden space 24576K, 0% used [0x00000000e0980000,0x00000000e0980000,0x00000000e2180000)
  from space 4096K, 99% used [0x00000000e2180000,0x00000000e2578be8,0x00000000e2580000)
  to   space 4096K, 0% used [0x00000000e3d80000,0x00000000e3d80000,0x00000000e4180000)
 ParOldGen       total 65536K, used 17661K [0x00000000a1c00000, 0x00000000a5c00000, 0x00000000e0980000)
  object space 65536K, 26% used [0x00000000a1c00000,0x00000000a2d3f630,0x00000000a5c00000)
 Metaspace       used 15615K, capacity 15852K, committed 16000K, reserved 1062912K
  class space    used 2611K, capacity 2644K, committed 2688K, reserved 1048576K
}
Event: 2.172 GC heap before
{Heap before GC invocations=4 (full 0):
 PSYoungGen      total 28672K, used 28642K [0x00000000e0980000, 0x00000000e4180000, 0x0000000100000000)
  eden space 24576K, 100% used [0x00000000e0980000,0x00000000e2180000,0x00000000e2180000)
  from space 4096K, 99% used [0x00000000e2180000,0x00000000e2578be8,0x00000000e2580000)
  to   space 4096K, 0% used [0x00000000e3d80000,0x00000000e3d80000,0x00000000e4180000)
 ParOldGen       total 65536K, used 17661K [0x00000000a1c00000, 0x00000000a5c00000, 0x00000000e0980000)
  object space 65536K, 26% used [0x00000000a1c00000,0x00000000a2d3f630,0x00000000a5c00000)
 Metaspace       used 18433K, capacity 18668K, committed 18944K, reserved 1064960K
  class space    used 2980K, capacity 3028K, committed 3072K, reserved 1048576K
Event: 2.181 GC heap after
Heap after GC invocations=4 (full 0):
 PSYoungGen      total 53248K, used 4081K [0x00000000e0980000, 0x00000000e4180000, 0x0000000100000000)
  eden space 49152K, 0% used [0x00000000e0980000,0x00000000e0980000,0x00000000e3980000)
  from space 4096K, 99% used [0x00000000e3d80000,0x00000000e417c7d8,0x00000000e4180000)
  to   space 4096K, 0% used [0x00000000e3980000,0x00000000e3980000,0x00000000e3d80000)
 ParOldGen       total 65536K, used 28206K [0x00000000a1c00000, 0x00000000a5c00000, 0x00000000e0980000)
  object space 65536K, 43% used [0x00000000a1c00000,0x00000000a378bb68,0x00000000a5c00000)
 Metaspace       used 18433K, capacity 18668K, committed 18944K, reserved 1064960K
  class space    used 2980K, capacity 3028K, committed 3072K, reserved 1048576K
}
Event: 2.336 GC heap before
{Heap before GC invocations=5 (full 0):
 PSYoungGen      total 53248K, used 14362K [0x00000000e0980000, 0x00000000e4180000, 0x0000000100000000)
  eden space 49152K, 20% used [0x00000000e0980000,0x00000000e138a108,0x00000000e3980000)
  from space 4096K, 99% used [0x00000000e3d80000,0x00000000e417c7d8,0x00000000e4180000)
  to   space 4096K, 0% used [0x00000000e3980000,0x00000000e3980000,0x00000000e3d80000)
 ParOldGen       total 65536K, used 28206K [0x00000000a1c00000, 0x00000000a5c00000, 0x00000000e0980000)
  object space 65536K, 43% used [0x00000000a1c00000,0x00000000a378bb68,0x00000000a5c00000)
 Metaspace       used 20928K, capacity 21132K, committed 21296K, reserved 1067008K
  class space    used 3337K, capacity 3380K, committed 3456K, reserved 1048576K
Event: 2.342 GC heap after
Heap after GC invocations=5 (full 0):
 PSYoungGen      total 53248K, used 4066K [0x00000000e0980000, 0x00000000e9080000, 0x0000000100000000)
  eden space 49152K, 0% used [0x00000000e0980000,0x00000000e0980000,0x00000000e3980000)
  from space 4096K, 99% used [0x00000000e3980000,0x00000000e3d78bb8,0x00000000e3d80000)
  to   space 19968K, 0% used [0x00000000e7d00000,0x00000000e7d00000,0x00000000e9080000)
 ParOldGen       total 65536K, used 30523K [0x00000000a1c00000, 0x00000000a5c00000, 0x00000000e0980000)
  object space 65536K, 46% used [0x00000000a1c00000,0x00000000a39ceca8,0x00000000a5c00000)
 Metaspace       used 20928K, capacity 21132K, committed 21296K, reserved 1067008K
  class space    used 3337K, capacity 3380K, committed 3456K, reserved 1048576K
}
Event: 2.342 GC heap before
{Heap before GC invocations=6 (full 1):
 PSYoungGen      total 53248K, used 4066K [0x00000000e0980000, 0x00000000e9080000, 0x0000000100000000)
  eden space 49152K, 0% used [0x00000000e0980000,0x00000000e0980000,0x00000000e3980000)
  from space 4096K, 99% used [0x00000000e3980000,0x00000000e3d78bb8,0x00000000e3d80000)
  to   space 19968K, 0% used [0x00000000e7d00000,0x00000000e7d00000,0x00000000e9080000)
 ParOldGen       total 65536K, used 30523K [0x00000000a1c00000, 0x00000000a5c00000, 0x00000000e0980000)
  object space 65536K, 46% used [0x00000000a1c00000,0x00000000a39ceca8,0x00000000a5c00000)
 Metaspace       used 20928K, capacity 21132K, committed 21296K, reserved 1067008K
  class space    used 3337K, capacity 3380K, committed 3456K, reserved 1048576K
Event: 2.392 GC heap after
Heap after GC invocations=6 (full 1):
 PSYoungGen      total 53248K, used 0K [0x00000000e0980000, 0x00000000e9080000, 0x0000000100000000)
  eden space 49152K, 0% used [0x00000000e0980000,0x00000000e0980000,0x00000000e3980000)
  from space 4096K, 0% used [0x00000000e3980000,0x00000000e3980000,0x00000000e3d80000)
  to   space 19968K, 0% used [0x00000000e7d00000,0x00000000e7d00000,0x00000000e9080000)
 ParOldGen       total 81408K, used 27577K [0x00000000a1c00000, 0x00000000a6b80000, 0x00000000e0980000)
  object space 81408K, 33% used [0x00000000a1c00000,0x00000000a36ee498,0x00000000a6b80000)
 Metaspace       used 20928K, capacity 21132K, committed 21296K, reserved 1067008K
  class space    used 3337K, capacity 3380K, committed 3456K, reserved 1048576K
}

Deoptimization events (10 events):
Event: 2.650 Thread 0x000000001a2f8800 Uncommon trap: reason=unstable_if action=reinterpret pc=0x00000000036e42c0 method=scala.reflect.internal.Scopes$Scope.lookupNextEntry(Lscala/reflect/internal/Scopes$ScopeEntry;)Lscala/reflect/internal/Scopes$ScopeEntry; @ 49
Event: 2.653 Thread 0x000000001a2f8800 Uncommon trap: reason=bimorphic action=maybe_recompile pc=0x0000000003755210 method=scala.collection.mutable.HashTable$class.scala$collection$mutable$HashTable$$findEntry0(Lscala/collection/mutable/HashTable;Ljava/lang/Object;I)Lscala/collection/mutable/H
Event: 2.656 Thread 0x000000001a2f8800 Uncommon trap: reason=speculate_class_check action=maybe_recompile pc=0x00000000036e49a8 method=scala.reflect.internal.Scopes$Scope.enter(Lscala/reflect/internal/Symbols$Symbol;)Lscala/reflect/internal/Symbols$Symbol; @ 10
Event: 2.656 Thread 0x000000001a2f8800 Uncommon trap: reason=speculate_class_check action=maybe_recompile pc=0x00000000036e49a8 method=scala.reflect.internal.Scopes$Scope.enter(Lscala/reflect/internal/Symbols$Symbol;)Lscala/reflect/internal/Symbols$Symbol; @ 10
Event: 2.656 Thread 0x000000001a2f8800 Uncommon trap: reason=speculate_class_check action=maybe_recompile pc=0x00000000036e49a8 method=scala.reflect.internal.Scopes$Scope.enter(Lscala/reflect/internal/Symbols$Symbol;)Lscala/reflect/internal/Symbols$Symbol; @ 10
Event: 2.656 Thread 0x000000001a2f8800 Uncommon trap: reason=speculate_class_check action=maybe_recompile pc=0x00000000036e49a8 method=scala.reflect.internal.Scopes$Scope.enter(Lscala/reflect/internal/Symbols$Symbol;)Lscala/reflect/internal/Symbols$Symbol; @ 10
Event: 2.666 Thread 0x000000001a2f8800 Uncommon trap: reason=predicate action=maybe_recompile pc=0x0000000003627490 method=scala.reflect.internal.Names$class.enterChars(Lscala/reflect/internal/Names;[CII)V @ 9
Event: 2.680 Thread 0x000000001a2f8800 Uncommon trap: reason=unstable_if action=reinterpret pc=0x000000000372e99c method=scala.reflect.internal.Symbols$Symbol.rawInfo()Lscala/reflect/internal/Types$Type; @ 169
Event: 2.697 Thread 0x000000001a2f8800 Uncommon trap: reason=unstable_if action=reinterpret pc=0x000000000360e668 method=scala.reflect.internal.Symbols$TypeHistory.<init>(Lscala/reflect/internal/SymbolTable;ILscala/reflect/internal/Types$Type;Lscala/reflect/internal/Symbols$TypeHistory;)V @ 46
Event: 2.759 Thread 0x000000001a2f8800 Uncommon trap: reason=class_check action=maybe_recompile pc=0x00000000036d4844 method=scala.collection.mutable.HashMap.update(Ljava/lang/Object;Ljava/lang/Object;)V @ 3

Internal exceptions (6 events):
Event: 0.031 Thread 0x000000000306e000 Exception <a 'java/lang/NoSuchMethodError': Method sun.misc.Unsafe.defineClass(Ljava/lang/String;[BII)Ljava/lang/Class; name or signature does not match> (0x00000000e0987ca8) thrown at [C:\re\workspace\8-2-build-windows-amd64-cygwin\jdk8u121\8372\hotspot\
Event: 0.031 Thread 0x000000000306e000 Exception <a 'java/lang/NoSuchMethodError': Method sun.misc.Unsafe.prefetchRead(Ljava/lang/Object;J)V name or signature does not match> (0x00000000e0987f90) thrown at [C:\re\workspace\8-2-build-windows-amd64-cygwin\jdk8u121\8372\hotspot\src\share\vm\prims
Event: 0.679 Thread 0x000000000306e000 Exception <a 'java/security/PrivilegedActionException'> (0x00000000e19f6dc0) thrown at [C:\re\workspace\8-2-build-windows-amd64-cygwin\jdk8u121\8372\hotspot\src\share\vm\prims\jvm.cpp, line 1390]
Event: 0.679 Thread 0x000000000306e000 Exception <a 'java/security/PrivilegedActionException'> (0x00000000e19f6fd0) thrown at [C:\re\workspace\8-2-build-windows-amd64-cygwin\jdk8u121\8372\hotspot\src\share\vm\prims\jvm.cpp, line 1390]
Event: 0.680 Thread 0x000000000306e000 Exception <a 'java/security/PrivilegedActionException'> (0x00000000e19fb0c8) thrown at [C:\re\workspace\8-2-build-windows-amd64-cygwin\jdk8u121\8372\hotspot\src\share\vm\prims\jvm.cpp, line 1390]
Event: 0.680 Thread 0x000000000306e000 Exception <a 'java/security/PrivilegedActionException'> (0x00000000e19fb2d8) thrown at [C:\re\workspace\8-2-build-windows-amd64-cygwin\jdk8u121\8372\hotspot\src\share\vm\prims\jvm.cpp, line 1390]

Events (10 events):
Event: 2.758 loading class scala/reflect/internal/Types$ErasedValueType done
Event: 2.759 Thread 0x000000001a2f8800 Uncommon trap: trap_request=0xffffffde fr.pc=0x00000000036d4844
Event: 2.759 Thread 0x000000001a2f8800 DEOPT PACKING pc=0x00000000036d4844 sp=0x000000001aaece90
Event: 2.759 Thread 0x000000001a2f8800 DEOPT UNPACKING pc=0x00000000032b582a sp=0x000000001aaece28 mode 2
Event: 2.759 loading class scala/tools/nsc/transform/Erasure$ErasureTransformer$$anon$5$$anonfun$matches$1
Event: 2.759 loading class scala/tools/nsc/transform/Erasure$ErasureTransformer$$anon$5$$anonfun$matches$1 done
Event: 2.760 loading class scala/reflect/internal/Types$InstantiateDependentMap
Event: 2.760 loading class scala/reflect/internal/Types$InstantiateDependentMap done
Event: 2.761 loading class scala/reflect/internal/Types$InstantiateDependentMap$$anonfun$existentialsNeeded$1
Event: 2.761 loading class scala/reflect/internal/Types$InstantiateDependentMap$$anonfun$existentialsNeeded$1 done


Dynamic libraries:
0x00007ff788ba0000 - 0x00007ff788bd7000 	C:\Program Files\Java\jdk1.8.0_121\bin\java.exe
0x00007ff9a9ea0000 - 0x00007ff9aa061000 	C:\Windows\SYSTEM32\ntdll.dll
0x00007ff9a7a00000 - 0x00007ff9a7aad000 	C:\Windows\system32\KERNEL32.DLL
0x00007ff9a6c50000 - 0x00007ff9a6e38000 	C:\Windows\system32\KERNELBASE.dll
0x00007ff9a9ca0000 - 0x00007ff9a9d47000 	C:\Windows\system32\ADVAPI32.dll
0x00007ff9a9e00000 - 0x00007ff9a9e9d000 	C:\Windows\system32\msvcrt.dll
0x00007ff9a98a0000 - 0x00007ff9a98fb000 	C:\Windows\system32\sechost.dll
0x00007ff9a9b80000 - 0x00007ff9a9c9c000 	C:\Windows\system32\RPCRT4.dll
0x00007ff9a9300000 - 0x00007ff9a9456000 	C:\Windows\system32\USER32.dll
0x00007ff9a99f0000 - 0x00007ff9a9b76000 	C:\Windows\system32\GDI32.dll
0x00007ff99a460000 - 0x00007ff99a6d4000 	C:\Windows\WinSxS\amd64_microsoft.windows.common-controls_6595b64144ccf1df_6.0.10586.0_none_8c15ae12515e1c22\COMCTL32.dll
0x00007ff9a74f0000 - 0x00007ff9a776d000 	C:\Windows\system32\combase.dll
0x00007ff9a7230000 - 0x00007ff9a729a000 	C:\Windows\system32\bcryptPrimitives.dll
0x00007ff9a9170000 - 0x00007ff9a91ab000 	C:\Windows\system32\IMM32.DLL
0x0000000054b20000 - 0x0000000054bf2000 	C:\Program Files\Java\jdk1.8.0_121\jre\bin\msvcr100.dll
0x0000000054280000 - 0x0000000054b1b000 	C:\Program Files\Java\jdk1.8.0_121\jre\bin\server\jvm.dll
0x00007ff9a7480000 - 0x00007ff9a7488000 	C:\Windows\system32\PSAPI.DLL
0x00007ff9a4a40000 - 0x00007ff9a4a63000 	C:\Windows\SYSTEM32\WINMM.dll
0x00007ff99b590000 - 0x00007ff99b599000 	C:\Windows\SYSTEM32\WSOCK32.dll
0x00007ff99d100000 - 0x00007ff99d10a000 	C:\Windows\SYSTEM32\VERSION.dll
0x00007ff9a9920000 - 0x00007ff9a998b000 	C:\Windows\system32\WS2_32.dll
0x0000000002ee0000 - 0x0000000002f0c000 	C:\Windows\SYSTEM32\WINMMBASE.dll
0x00007ff9a7160000 - 0x00007ff9a71a3000 	C:\Windows\system32\cfgmgr32.dll
0x0000000055050000 - 0x000000005505f000 	C:\Program Files\Java\jdk1.8.0_121\jre\bin\verify.dll
0x0000000054250000 - 0x0000000054279000 	C:\Program Files\Java\jdk1.8.0_121\jre\bin\java.dll
0x0000000054230000 - 0x0000000054246000 	C:\Program Files\Java\jdk1.8.0_121\jre\bin\zip.dll
0x00007ff9a7ab0000 - 0x00007ff9a900c000 	C:\Windows\system32\SHELL32.dll
0x00007ff9a6600000 - 0x00007ff9a6c44000 	C:\Windows\system32\windows.storage.dll
0x00007ff9a7490000 - 0x00007ff9a74e2000 	C:\Windows\system32\shlwapi.dll
0x00007ff9a64f0000 - 0x00007ff9a64ff000 	C:\Windows\system32\kernel.appcore.dll
0x00007ff9a70a0000 - 0x00007ff9a7155000 	C:\Windows\system32\shcore.dll
0x00007ff9a6500000 - 0x00007ff9a654b000 	C:\Windows\system32\powrprof.dll
0x00007ff9a64c0000 - 0x00007ff9a64d4000 	C:\Windows\system32\profapi.dll
0x00007ff99ff90000 - 0x00007ff99ffa0000 	C:\Program Files (x86)\JetBrains\IntelliJ IDEA Community Edition 2016.1.3\bin\breakgen64.dll
0x0000000054210000 - 0x000000005422a000 	C:\Program Files\Java\jdk1.8.0_121\jre\bin\net.dll
0x00007ff9a5d90000 - 0x00007ff9a5dec000 	C:\Windows\system32\mswsock.dll

VM Arguments:
jvm_args: -Djline.terminal=NONE -Didea.launcher.port=7532 -Didea.launcher.bin.path=C:\Program Files (x86)\JetBrains\IntelliJ IDEA Community Edition 2016.1.3\bin -Dfile.encoding=UTF-8 
java_command: com.intellij.rt.execution.application.AppMain org.jetbrains.plugins.scala.compiler.rt.ConsoleRunner -usejavacp
java_class_path (initial): C:\Users\RONALD\.ivy2\cache\org.scala-lang\scala-compiler\jars\scala-compiler-2.10.6.jar;C:\Users\RONALD\.ivy2\cache\org.scala-lang\scala-library\jars\scala-library-2.10.6.jar;C:\Users\RONALD\.ivy2\cache\org.scala-lang\scala-reflect\jars\scala-reflect-2.10.6.jar;C:\Users\RONALD\.IdeaIC2016\config\plugins\Scala\lib\scala-plugin-runners.jar;C:\Program Files\Java\jdk1.8.0_121\jre\lib\charsets.jar;C:\Program Files\Java\jdk1.8.0_121\jre\lib\deploy.jar;C:\Program Files\Java\jdk1.8.0_121\jre\lib\ext\access-bridge-64.jar;C:\Program Files\Java\jdk1.8.0_121\jre\lib\ext\cldrdata.jar;C:\Program Files\Java\jdk1.8.0_121\jre\lib\ext\dnsns.jar;C:\Program Files\Java\jdk1.8.0_121\jre\lib\ext\jaccess.jar;C:\Program Files\Java\jdk1.8.0_121\jre\lib\ext\jfxrt.jar;C:\Program Files\Java\jdk1.8.0_121\jre\lib\ext\localedata.jar;C:\Program Files\Java\jdk1.8.0_121\jre\lib\ext\nashorn.jar;C:\Program Files\Java\jdk1.8.0_121\jre\lib\ext\sunec.jar;C:\Program Files\Java\jdk1.8.0_121\jre\lib\ext\sunjce_provider.jar;C:\Program Files\Java\jdk1.8.0_121\jre\lib\ext\sunmscapi.jar;C:\Program Files\Java\jdk1.8.0_121\jre\lib\ext\sunpkcs11.jar;C:\Program Files\Java\jdk1.8.0_121\jre\lib\ext\zipfs.jar;C:\Program Files\Java\jdk1.8.0_121\jre\lib\javaws.jar;C:\Program Files\Java\jdk1.8.0_121\jre\lib\jce.jar;C:\Program Files\Java\jdk1.8.0_121\jre\lib\jfr.jar;C:\Program Files\Java\jdk1.8.0_121\jre\lib\jfxswt.jar;C:\Program Files\Java\jdk1.8.0_121\jre\lib\jsse.jar;C:\Program Files\Java\jdk1.8.0_121\jre\lib\management-agent.jar;C:\Program Files\Java\jdk1.8.0_121\jre\lib\plugin.jar;C:\Program Files\Java\jdk1.8.0_121\jre\lib\resources.jar;C:\Program Files\Java\jdk1.8.0_121\jre\lib\rt.jar;C:\Program Files (x86)\JetBrains\IntelliJ IDEA Community Edition 2016.1.3\lib\idea_rt.jar
Launcher Type: SUN_STANDARD

Environment Variables:
JAVA_HOME=C:\Program Files\Java\jdk1.8.0_121
CLASSPATH=C:\Users\RONALD\Javalib\antlr-4.7-complete.jar;.;.;C:\Program Files (x86)\QuickTime\QTSystem\QTJava.zip
PATH=C:\Program Files\Haskell\bin;C:\Program Files\Haskell Platform\8.0.1\lib\extralibs\bin;C:\Program Files\Haskell Platform\8.0.1\bin;C:\ProgramData\Oracle\Java\javapath;C:\Windows\system32;C:\Windows;C:\Windows\System32\Wbem;C:\Windows\System32\WindowsPowerShell\v1.0\;C:\Program Files (x86)\QuickTime\QTSystem\;C:\Program Files\Haskell Platform\8.0.1\mingw\bin;C:\Program Files (x86)\PuTTY\;C:\Program Files\Git\cmd;C:\Program Files (x86)\sbt\bin;C:\Program Files\Java\apache-maven-3.3.9\bin;C:\PostgreSQL\pg96\bin;C:\Program Files (x86)\Windows Kits\8.1\Windows Performance Toolkit\;C:\Program Files\OpenVPN\bin;C:\Users\RONALD\AppData\Local\Programs\Python\Python35-32\Scripts\;C:\Users\RONALD\AppData\Local\Programs\Python\Python35-32\;C:\Users\RONALD\Javalib;C:\Program Files\Java\apache-maven-3.3.9\bin;C:\Users\RONALD\AppData\Roaming\cabal\bin;C:\Users\RONALD\AppData\Roaming\local\bin;C:\Users\RONALD\AppData\Local\atom\bin;"C:\Program Files\Java\jdk1.8.0_121\bin"
USERNAME=RONALD
OS=Windows_NT
PROCESSOR_IDENTIFIER=Intel64 Family 6 Model 58 Stepping 9, GenuineIntel



---------------  S Y S T E M  ---------------

OS: Windows 10.0 , 64 bit Build 10586 (10.0.10586.0)

CPU:total 8 (4 cores per cpu, 2 threads per core) family 6 model 58 stepping 9, cmov, cx8, fxsr, mmx, sse, sse2, sse3, ssse3, sse4.1, sse4.2, popcnt, avx, aes, clmul, erms, ht, tsc, tscinvbit, tscinv

Memory: 4k page, physical 6172896k(569184k free), swap 6172896k(5128k free)

vm_info: Java HotSpot(TM) 64-Bit Server VM (25.121-b13) for windows-amd64 JRE (1.8.0_121-b13), built on Dec 12 2016 18:21:36 by "java_re" with MS VC++ 10.0 (VS2010)

time: Mon Oct 30 20:14:15 2017
elapsed time: 2 seconds (0d 0h 0m 2s)

