#
# There is insufficient memory for the Java Runtime Environment to continue.
# Native memory allocation (malloc) failed to allocate 330976 bytes for Chunk::new
# Possible reasons:
#   The system is out of physical RAM or swap space
#   In 32 bit mode, the process size limit was hit
# Possible solutions:
#   Reduce memory load on the system
#   Increase physical memory or swap space
#   Check if swap backing store is full
#   Use 64 bit Java on a 64 bit OS
#   Decrease Java heap size (-Xmx/-Xms)
#   Decrease number of Java threads
#   Decrease Java thread stack sizes (-Xss)
#   Set larger code cache with -XX:ReservedCodeCacheSize=
# This output file may be truncated or incomplete.
#
#  Out of Memory Error (allocation.cpp:390), pid=3340, tid=0x00000000000023b8
#
# JRE version: Java(TM) SE Runtime Environment (8.0_121-b13) (build 1.8.0_121-b13)
# Java VM: Java HotSpot(TM) 64-Bit Server VM (25.121-b13 mixed mode windows-amd64 compressed oops)
# Failed to write core dump. Minidumps are not enabled by default on client versions of Windows
#

---------------  T H R E A D  ---------------

Current thread (0x0000000018dac000):  JavaThread "C2 CompilerThread0" daemon [_thread_in_native, id=9144, stack(0x0000000019580000,0x0000000019680000)]

Stack: [0x0000000019580000,0x0000000019680000]
[error occurred during error reporting (printing stack bounds), id 0xc0000005]

Native frames: (J=compiled Java code, j=interpreted, Vv=VM code, C=native code)


Current CompileTask:
C2:   2275 2084       4       scala.reflect.internal.Types$TypeMap::mapOver (1206 bytes)


---------------  P R O C E S S  ---------------

Java Threads: ( => current thread )
  0x0000000018f5b800 JavaThread "Monitor Ctrl-Break" daemon [_thread_in_native, id=2492, stack(0x0000000019bd0000,0x0000000019cd0000)]
  0x0000000018e54000 JavaThread "Service Thread" daemon [_thread_blocked, id=9936, stack(0x0000000019980000,0x0000000019a80000)]
  0x0000000018dbb800 JavaThread "C1 CompilerThread3" daemon [_thread_blocked, id=4700, stack(0x0000000019880000,0x0000000019980000)]
  0x0000000018db5800 JavaThread "C2 CompilerThread2" daemon [_thread_in_native, id=3872, stack(0x0000000019780000,0x0000000019880000)]
  0x0000000018daf800 JavaThread "C2 CompilerThread1" daemon [_thread_in_native, id=5872, stack(0x0000000019680000,0x0000000019780000)]
=>0x0000000018dac000 JavaThread "C2 CompilerThread0" daemon [_thread_in_native, id=9144, stack(0x0000000019580000,0x0000000019680000)]
  0x0000000018daa800 JavaThread "Attach Listener" daemon [_thread_blocked, id=5100, stack(0x0000000019480000,0x0000000019580000)]
  0x0000000018da9800 JavaThread "Signal Dispatcher" daemon [_thread_blocked, id=10808, stack(0x0000000019380000,0x0000000019480000)]
  0x0000000018da0800 JavaThread "Finalizer" daemon [_thread_blocked, id=6780, stack(0x0000000019180000,0x0000000019280000)]
  0x00000000031aa000 JavaThread "Reference Handler" daemon [_thread_blocked, id=6332, stack(0x0000000018c80000,0x0000000018d80000)]
  0x00000000030b2800 JavaThread "main" [_thread_blocked, id=4960, stack(0x0000000002f40000,0x0000000003040000)]

Other Threads:
  0x0000000016e79800 VMThread [stack: 0x0000000018b80000,0x0000000018c80000] [id=6544]
  0x0000000018e6e000 WatcherThread [stack: 0x0000000019a80000,0x0000000019b80000] [id=11176]

VM state:not at safepoint (normal execution)

VM Mutex/Monitor currently owned by a thread: None

Heap:
 PSYoungGen      total 53248K, used 27196K [0x00000000e0980000, 0x00000000e8a80000, 0x0000000100000000)
  eden space 49152K, 55% used [0x00000000e0980000,0x00000000e240f278,0x00000000e3980000)
  from space 4096K, 0% used [0x00000000e3980000,0x00000000e3980000,0x00000000e3d80000)
  to   space 16896K, 0% used [0x00000000e7a00000,0x00000000e7a00000,0x00000000e8a80000)
 ParOldGen       total 73216K, used 22628K [0x00000000a1c00000, 0x00000000a6380000, 0x00000000e0980000)
  object space 73216K, 30% used [0x00000000a1c00000,0x00000000a3219300,0x00000000a6380000)
 Metaspace       used 25036K, capacity 25180K, committed 25216K, reserved 1071104K
  class space    used 4148K, capacity 4212K, committed 4224K, reserved 1048576K

Card table byte_map: [0x0000000012570000,0x0000000012870000] byte_map_base: 0x0000000012062000

Marking Bits: (ParMarkBitMap*) 0x0000000050d0b6d0
 Begin Bits: [0x0000000013270000, 0x0000000014a00000)
 End Bits:   [0x0000000014a00000, 0x0000000016190000)

Polling page: 0x0000000001250000

CodeCache: size=245760Kb used=7401Kb max_used=7401Kb free=238358Kb
 bounds [0x00000000031b0000, 0x00000000038f0000, 0x00000000121b0000]
 total_blobs=2621 nmethods=2257 adapters=274
 compilation: enabled

Compilation events (10 events):
Event: 2.254 Thread 0x0000000018dbb800 2267       3       scala.reflect.internal.Scopes$Scope::toList (76 bytes)
Event: 2.255 Thread 0x0000000018dbb800 nmethod 2267 0x00000000038eda10 code [0x00000000038edbe0, 0x00000000038ee468]
Event: 2.255 Thread 0x0000000018dbb800 2236       1       scala.reflect.internal.SymbolTable::typeContainsTypeVar (5 bytes)
Event: 2.255 Thread 0x0000000018dbb800 nmethod 2236 0x00000000038ee750 code [0x00000000038ee8a0, 0x00000000038ee9b0]
Event: 2.255 Thread 0x0000000018dbb800 2266       1       scala.tools.nsc.typechecker.Contexts$Context::implicitsEnabled (5 bytes)
Event: 2.255 Thread 0x0000000018dbb800 nmethod 2266 0x00000000038eea10 code [0x00000000038eeb60, 0x00000000038eec70]
Event: 2.256 Thread 0x0000000018dbb800 2268       3       scala.tools.nsc.settings.MutableSettings$PhasesSetting::stringValues (23 bytes)
Event: 2.256 Thread 0x0000000018dbb800 nmethod 2268 0x00000000038eecd0 code [0x00000000038eee40, 0x00000000038ef028]
Event: 2.256 Thread 0x0000000018dbb800 2269       3       scala.tools.nsc.Global::opt (19 bytes)
Event: 2.256 Thread 0x0000000018dbb800 nmethod 2269 0x00000000038ef0d0 code [0x00000000038ef240, 0x00000000038ef6e8]

GC Heap History (10 events):
Event: 0.942 GC heap before
{Heap before GC invocations=2 (full 0):
 PSYoungGen      total 28672K, used 28651K [0x00000000e0980000, 0x00000000e2980000, 0x0000000100000000)
  eden space 24576K, 100% used [0x00000000e0980000,0x00000000e2180000,0x00000000e2180000)
  from space 4096K, 99% used [0x00000000e2180000,0x00000000e257ad90,0x00000000e2580000)
  to   space 4096K, 0% used [0x00000000e2580000,0x00000000e2580000,0x00000000e2980000)
 ParOldGen       total 65536K, used 717K [0x00000000a1c00000, 0x00000000a5c00000, 0x00000000e0980000)
  object space 65536K, 1% used [0x00000000a1c00000,0x00000000a1cb3520,0x00000000a5c00000)
 Metaspace       used 14007K, capacity 14176K, committed 14464K, reserved 1060864K
  class space    used 2294K, capacity 2320K, committed 2432K, reserved 1048576K
Event: 0.946 GC heap after
Heap after GC invocations=2 (full 0):
 PSYoungGen      total 28672K, used 4074K [0x00000000e0980000, 0x00000000e2980000, 0x0000000100000000)
  eden space 24576K, 0% used [0x00000000e0980000,0x00000000e0980000,0x00000000e2180000)
  from space 4096K, 99% used [0x00000000e2580000,0x00000000e297abc8,0x00000000e2980000)
  to   space 4096K, 0% used [0x00000000e2180000,0x00000000e2180000,0x00000000e2580000)
 ParOldGen       total 65536K, used 3294K [0x00000000a1c00000, 0x00000000a5c00000, 0x00000000e0980000)
  object space 65536K, 5% used [0x00000000a1c00000,0x00000000a1f378b0,0x00000000a5c00000)
 Metaspace       used 14007K, capacity 14176K, committed 14464K, reserved 1060864K
  class space    used 2294K, capacity 2320K, committed 2432K, reserved 1048576K
}
Event: 1.156 GC heap before
{Heap before GC invocations=3 (full 0):
 PSYoungGen      total 28672K, used 28650K [0x00000000e0980000, 0x00000000e2980000, 0x0000000100000000)
  eden space 24576K, 100% used [0x00000000e0980000,0x00000000e2180000,0x00000000e2180000)
  from space 4096K, 99% used [0x00000000e2580000,0x00000000e297abc8,0x00000000e2980000)
  to   space 4096K, 0% used [0x00000000e2180000,0x00000000e2180000,0x00000000e2580000)
 ParOldGen       total 65536K, used 3294K [0x00000000a1c00000, 0x00000000a5c00000, 0x00000000e0980000)
  object space 65536K, 5% used [0x00000000a1c00000,0x00000000a1f378b0,0x00000000a5c00000)
 Metaspace       used 15448K, capacity 15616K, committed 15744K, reserved 1062912K
  class space    used 2575K, capacity 2608K, committed 2688K, reserved 1048576K
Event: 1.166 GC heap after
Heap after GC invocations=3 (full 0):
 PSYoungGen      total 28672K, used 4077K [0x00000000e0980000, 0x00000000e4180000, 0x0000000100000000)
  eden space 24576K, 0% used [0x00000000e0980000,0x00000000e0980000,0x00000000e2180000)
  from space 4096K, 99% used [0x00000000e2180000,0x00000000e257b4b8,0x00000000e2580000)
  to   space 4096K, 0% used [0x00000000e3d80000,0x00000000e3d80000,0x00000000e4180000)
 ParOldGen       total 65536K, used 13480K [0x00000000a1c00000, 0x00000000a5c00000, 0x00000000e0980000)
  object space 65536K, 20% used [0x00000000a1c00000,0x00000000a292a268,0x00000000a5c00000)
 Metaspace       used 15448K, capacity 15616K, committed 15744K, reserved 1062912K
  class space    used 2575K, capacity 2608K, committed 2688K, reserved 1048576K
}
Event: 1.515 GC heap before
{Heap before GC invocations=4 (full 0):
 PSYoungGen      total 28672K, used 28653K [0x00000000e0980000, 0x00000000e4180000, 0x0000000100000000)
  eden space 24576K, 100% used [0x00000000e0980000,0x00000000e2180000,0x00000000e2180000)
  from space 4096K, 99% used [0x00000000e2180000,0x00000000e257b4b8,0x00000000e2580000)
  to   space 4096K, 0% used [0x00000000e3d80000,0x00000000e3d80000,0x00000000e4180000)
 ParOldGen       total 65536K, used 13480K [0x00000000a1c00000, 0x00000000a5c00000, 0x00000000e0980000)
  object space 65536K, 20% used [0x00000000a1c00000,0x00000000a292a268,0x00000000a5c00000)
 Metaspace       used 18616K, capacity 18752K, committed 18944K, reserved 1064960K
  class space    used 2979K, capacity 2992K, committed 3072K, reserved 1048576K
Event: 1.524 GC heap after
Heap after GC invocations=4 (full 0):
 PSYoungGen      total 53248K, used 4083K [0x00000000e0980000, 0x00000000e4180000, 0x0000000100000000)
  eden space 49152K, 0% used [0x00000000e0980000,0x00000000e0980000,0x00000000e3980000)
  from space 4096K, 99% used [0x00000000e3d80000,0x00000000e417cfc8,0x00000000e4180000)
  to   space 4096K, 0% used [0x00000000e3980000,0x00000000e3980000,0x00000000e3d80000)
 ParOldGen       total 65536K, used 22631K [0x00000000a1c00000, 0x00000000a5c00000, 0x00000000e0980000)
  object space 65536K, 34% used [0x00000000a1c00000,0x00000000a3219c40,0x00000000a5c00000)
 Metaspace       used 18616K, capacity 18752K, committed 18944K, reserved 1064960K
  class space    used 2979K, capacity 2992K, committed 3072K, reserved 1048576K
}
Event: 1.654 GC heap before
{Heap before GC invocations=5 (full 0):
 PSYoungGen      total 53248K, used 16415K [0x00000000e0980000, 0x00000000e4180000, 0x0000000100000000)
  eden space 49152K, 25% used [0x00000000e0980000,0x00000000e158aea0,0x00000000e3980000)
  from space 4096K, 99% used [0x00000000e3d80000,0x00000000e417cfc8,0x00000000e4180000)
  to   space 4096K, 0% used [0x00000000e3980000,0x00000000e3980000,0x00000000e3d80000)
 ParOldGen       total 65536K, used 22631K [0x00000000a1c00000, 0x00000000a5c00000, 0x00000000e0980000)
  object space 65536K, 34% used [0x00000000a1c00000,0x00000000a3219c40,0x00000000a5c00000)
 Metaspace       used 21002K, capacity 21088K, committed 21296K, reserved 1067008K
  class space    used 3338K, capacity 3344K, committed 3456K, reserved 1048576K
Event: 1.660 GC heap after
Heap after GC invocations=5 (full 0):
 PSYoungGen      total 53248K, used 4082K [0x00000000e0980000, 0x00000000e8a80000, 0x0000000100000000)
  eden space 49152K, 0% used [0x00000000e0980000,0x00000000e0980000,0x00000000e3980000)
  from space 4096K, 99% used [0x00000000e3980000,0x00000000e3d7cb38,0x00000000e3d80000)
  to   space 16896K, 0% used [0x00000000e7a00000,0x00000000e7a00000,0x00000000e8a80000)
 ParOldGen       total 65536K, used 24989K [0x00000000a1c00000, 0x00000000a5c00000, 0x00000000e0980000)
  object space 65536K, 38% used [0x00000000a1c00000,0x00000000a34675c0,0x00000000a5c00000)
 Metaspace       used 21002K, capacity 21088K, committed 21296K, reserved 1067008K
  class space    used 3338K, capacity 3344K, committed 3456K, reserved 1048576K
}
Event: 1.660 GC heap before
{Heap before GC invocations=6 (full 1):
 PSYoungGen      total 53248K, used 4082K [0x00000000e0980000, 0x00000000e8a80000, 0x0000000100000000)
  eden space 49152K, 0% used [0x00000000e0980000,0x00000000e0980000,0x00000000e3980000)
  from space 4096K, 99% used [0x00000000e3980000,0x00000000e3d7cb38,0x00000000e3d80000)
  to   space 16896K, 0% used [0x00000000e7a00000,0x00000000e7a00000,0x00000000e8a80000)
 ParOldGen       total 65536K, used 24989K [0x00000000a1c00000, 0x00000000a5c00000, 0x00000000e0980000)
  object space 65536K, 38% used [0x00000000a1c00000,0x00000000a34675c0,0x00000000a5c00000)
 Metaspace       used 21002K, capacity 21088K, committed 21296K, reserved 1067008K
  class space    used 3338K, capacity 3344K, committed 3456K, reserved 1048576K
Event: 1.707 GC heap after
Heap after GC invocations=6 (full 1):
 PSYoungGen      total 53248K, used 0K [0x00000000e0980000, 0x00000000e8a80000, 0x0000000100000000)
  eden space 49152K, 0% used [0x00000000e0980000,0x00000000e0980000,0x00000000e3980000)
  from space 4096K, 0% used [0x00000000e3980000,0x00000000e3980000,0x00000000e3d80000)
  to   space 16896K, 0% used [0x00000000e7a00000,0x00000000e7a00000,0x00000000e8a80000)
 ParOldGen       total 73216K, used 22628K [0x00000000a1c00000, 0x00000000a6380000, 0x00000000e0980000)
  object space 73216K, 30% used [0x00000000a1c00000,0x00000000a3219300,0x00000000a6380000)
 Metaspace       used 21002K, capacity 21088K, committed 21296K, reserved 1067008K
  class space    used 3338K, capacity 3344K, committed 3456K, reserved 1048576K
}

Deoptimization events (10 events):
Event: 1.997 Thread 0x00000000030b2800 Uncommon trap: reason=unstable_if action=reinterpret pc=0x0000000003725218 method=java.util.jar.JarFile.maybeInstantiateVerifier()V @ 4
Event: 1.998 Thread 0x00000000030b2800 Uncommon trap: reason=unstable_if action=reinterpret pc=0x000000000368f184 method=java.lang.ClassLoader.getClassLoadingLock(Ljava/lang/String;)Ljava/lang/Object; @ 28
Event: 2.038 Thread 0x00000000030b2800 Uncommon trap: reason=predicate action=maybe_recompile pc=0x00000000035b4cd8 method=scala.reflect.internal.Names$class.enterChars(Lscala/reflect/internal/Names;[CII)V @ 9
Event: 2.205 Thread 0x00000000030b2800 Uncommon trap: reason=class_check action=maybe_recompile pc=0x00000000035d9ab8 method=scala.collection.mutable.HashTable$class.scala$collection$mutable$HashTable$$findEntry0(Lscala/collection/mutable/HashTable;Ljava/lang/Object;I)Lscala/collection/mutable
Event: 2.206 Thread 0x00000000030b2800 Uncommon trap: reason=class_check action=maybe_recompile pc=0x00000000035d9ab8 method=scala.collection.mutable.HashTable$class.scala$collection$mutable$HashTable$$findEntry0(Lscala/collection/mutable/HashTable;Ljava/lang/Object;I)Lscala/collection/mutable
Event: 2.206 Thread 0x00000000030b2800 Uncommon trap: reason=unstable_if action=reinterpret pc=0x0000000003788a50 method=scala.reflect.internal.Symbols$Symbol.rawInfoIsNoType()Z @ 21
Event: 2.207 Thread 0x00000000030b2800 Uncommon trap: reason=class_check action=maybe_recompile pc=0x0000000003694ff4 method=scala.collection.mutable.HashTable$class.findOrAddEntry(Lscala/collection/mutable/HashTable;Ljava/lang/Object;Ljava/lang/Object;)Lscala/collection/mutable/HashEntry; @ 3
Event: 2.207 Thread 0x00000000030b2800 Uncommon trap: reason=class_check action=maybe_recompile pc=0x000000000349409c method=scala.collection.mutable.HashTable$class.scala$collection$mutable$HashTable$$addEntry0(Lscala/collection/mutable/HashTable;Lscala/collection/mutable/HashEntry;I)V @ 2
Event: 2.208 Thread 0x00000000030b2800 Uncommon trap: reason=class_check action=maybe_recompile pc=0x0000000003694ff4 method=scala.collection.mutable.HashTable$class.findOrAddEntry(Lscala/collection/mutable/HashTable;Ljava/lang/Object;Ljava/lang/Object;)Lscala/collection/mutable/HashEntry; @ 3
Event: 2.208 Thread 0x00000000030b2800 Uncommon trap: reason=class_check action=maybe_recompile pc=0x000000000349409c method=scala.collection.mutable.HashTable$class.scala$collection$mutable$HashTable$$addEntry0(Lscala/collection/mutable/HashTable;Lscala/collection/mutable/HashEntry;I)V @ 2

Internal exceptions (6 events):
Event: 0.049 Thread 0x00000000030b2800 Exception <a 'java/lang/NoSuchMethodError': Method sun.misc.Unsafe.defineClass(Ljava/lang/String;[BII)Ljava/lang/Class; name or signature does not match> (0x00000000e0987ca8) thrown at [C:\re\workspace\8-2-build-windows-amd64-cygwin\jdk8u121\8372\hotspot\
Event: 0.049 Thread 0x00000000030b2800 Exception <a 'java/lang/NoSuchMethodError': Method sun.misc.Unsafe.prefetchRead(Ljava/lang/Object;J)V name or signature does not match> (0x00000000e0987f90) thrown at [C:\re\workspace\8-2-build-windows-amd64-cygwin\jdk8u121\8372\hotspot\src\share\vm\prims
Event: 0.393 Thread 0x00000000030b2800 Exception <a 'java/security/PrivilegedActionException'> (0x00000000e1d1c070) thrown at [C:\re\workspace\8-2-build-windows-amd64-cygwin\jdk8u121\8372\hotspot\src\share\vm\prims\jvm.cpp, line 1390]
Event: 0.393 Thread 0x00000000030b2800 Exception <a 'java/security/PrivilegedActionException'> (0x00000000e1d1c468) thrown at [C:\re\workspace\8-2-build-windows-amd64-cygwin\jdk8u121\8372\hotspot\src\share\vm\prims\jvm.cpp, line 1390]
Event: 0.393 Thread 0x00000000030b2800 Exception <a 'java/security/PrivilegedActionException'> (0x00000000e1d20748) thrown at [C:\re\workspace\8-2-build-windows-amd64-cygwin\jdk8u121\8372\hotspot\src\share\vm\prims\jvm.cpp, line 1390]
Event: 0.393 Thread 0x00000000030b2800 Exception <a 'java/security/PrivilegedActionException'> (0x00000000e1d20b40) thrown at [C:\re\workspace\8-2-build-windows-amd64-cygwin\jdk8u121\8372\hotspot\src\share\vm\prims\jvm.cpp, line 1390]

Events (10 events):
Event: 2.271 loading class scala/tools/nsc/util/package$$anonfun$1 done
Event: 2.271 loading class scala/tools/nsc/util/package$$anonfun$waitingForThreads$1
Event: 2.271 loading class scala/tools/nsc/util/package$$anonfun$waitingForThreads$1 done
Event: 2.272 loading class java/util/IdentityHashMap$KeySet
Event: 2.272 loading class java/util/IdentityHashMap$KeySet done
Event: 2.272 loading class java/util/IdentityHashMap$KeyIterator
Event: 2.272 loading class java/util/IdentityHashMap$IdentityHashMapIterator
Event: 2.272 loading class java/util/IdentityHashMap$IdentityHashMapIterator done
Event: 2.272 loading class java/util/IdentityHashMap$KeyIterator done
Event: 2.272 Thread 0x000000001cae9800 Thread added: 0x000000001cae9800


Dynamic libraries:
0x00007ff6acd40000 - 0x00007ff6acd77000 	C:\Program Files\Java\jdk1.8.0_121\bin\java.exe
0x00007ffa535d0000 - 0x00007ffa53791000 	C:\Windows\SYSTEM32\ntdll.dll
0x00007ffa51880000 - 0x00007ffa5192d000 	C:\Windows\system32\KERNEL32.DLL
0x00007ffa505a0000 - 0x00007ffa50788000 	C:\Windows\system32\KERNELBASE.dll
0x00007ffa51390000 - 0x00007ffa51437000 	C:\Windows\system32\ADVAPI32.dll
0x00007ffa51dd0000 - 0x00007ffa51e6d000 	C:\Windows\system32\msvcrt.dll
0x00007ffa512d0000 - 0x00007ffa5132b000 	C:\Windows\system32\sechost.dll
0x00007ffa50f00000 - 0x00007ffa5101c000 	C:\Windows\system32\RPCRT4.dll
0x00007ffa53470000 - 0x00007ffa535c6000 	C:\Windows\system32\USER32.dll
0x00007ffa50d70000 - 0x00007ffa50ef6000 	C:\Windows\system32\GDI32.dll
0x00007ffa43240000 - 0x00007ffa434b4000 	C:\Windows\WinSxS\amd64_microsoft.windows.common-controls_6595b64144ccf1df_6.0.10586.0_none_8c15ae12515e1c22\COMCTL32.dll
0x00007ffa509d0000 - 0x00007ffa50c4d000 	C:\Windows\system32\combase.dll
0x00007ffa50960000 - 0x00007ffa509ca000 	C:\Windows\system32\bcryptPrimitives.dll
0x00007ffa53430000 - 0x00007ffa5346b000 	C:\Windows\system32\IMM32.DLL
0x0000000051a90000 - 0x0000000051b62000 	C:\Program Files\Java\jdk1.8.0_121\jre\bin\msvcr100.dll
0x00000000504f0000 - 0x0000000050d8b000 	C:\Program Files\Java\jdk1.8.0_121\jre\bin\server\jvm.dll
0x00007ffa516a0000 - 0x00007ffa516a8000 	C:\Windows\system32\PSAPI.DLL
0x00007ffa45d20000 - 0x00007ffa45d29000 	C:\Windows\SYSTEM32\WSOCK32.dll
0x00007ffa4e320000 - 0x00007ffa4e343000 	C:\Windows\SYSTEM32\WINMM.dll
0x00007ffa46160000 - 0x00007ffa4616a000 	C:\Windows\SYSTEM32\VERSION.dll
0x00007ffa4e1b0000 - 0x00007ffa4e1dc000 	C:\Windows\SYSTEM32\WINMMBASE.dll
0x00007ffa502d0000 - 0x00007ffa50313000 	C:\Windows\system32\cfgmgr32.dll
0x00007ffa51930000 - 0x00007ffa5199b000 	C:\Windows\system32\WS2_32.dll
0x0000000051a80000 - 0x0000000051a8f000 	C:\Program Files\Java\jdk1.8.0_121\jre\bin\verify.dll
0x0000000051a50000 - 0x0000000051a79000 	C:\Program Files\Java\jdk1.8.0_121\jre\bin\java.dll
0x0000000051a30000 - 0x0000000051a46000 	C:\Program Files\Java\jdk1.8.0_121\jre\bin\zip.dll
0x00007ffa51e70000 - 0x00007ffa533cc000 	C:\Windows\system32\SHELL32.dll
0x00007ffa4fc80000 - 0x00007ffa502c4000 	C:\Windows\system32\windows.storage.dll
0x00007ffa51330000 - 0x00007ffa51382000 	C:\Windows\system32\shlwapi.dll
0x00007ffa4fc60000 - 0x00007ffa4fc6f000 	C:\Windows\system32\kernel.appcore.dll
0x00007ffa50790000 - 0x00007ffa50845000 	C:\Windows\system32\shcore.dll
0x00007ffa4fc10000 - 0x00007ffa4fc5b000 	C:\Windows\system32\powrprof.dll
0x00007ffa4fbf0000 - 0x00007ffa4fc04000 	C:\Windows\system32\profapi.dll
0x00007ffa4b140000 - 0x00007ffa4b150000 	C:\Program Files (x86)\JetBrains\IntelliJ IDEA Community Edition 2016.1.3\bin\breakgen64.dll
0x0000000051a10000 - 0x0000000051a2a000 	C:\Program Files\Java\jdk1.8.0_121\jre\bin\net.dll
0x00007ffa4f4c0000 - 0x00007ffa4f51c000 	C:\Windows\system32\mswsock.dll
0x00007ffa4f570000 - 0x00007ffa4f587000 	C:\Windows\SYSTEM32\CRYPTSP.dll
0x00007ffa4f200000 - 0x00007ffa4f234000 	C:\Windows\system32\rsaenh.dll
0x00007ffa4fb20000 - 0x00007ffa4fb49000 	C:\Windows\SYSTEM32\bcrypt.dll
0x00007ffa4f350000 - 0x00007ffa4f36f000 	C:\Windows\SYSTEM32\USERENV.dll
0x00007ffa4f690000 - 0x00007ffa4f69b000 	C:\Windows\SYSTEM32\CRYPTBASE.dll
0x00007ffa4c5c0000 - 0x00007ffa4c5f8000 	C:\Windows\SYSTEM32\IPHLPAPI.DLL
0x00007ffa51810000 - 0x00007ffa51818000 	C:\Windows\system32\NSI.dll
0x00007ffa4a360000 - 0x00007ffa4a376000 	C:\Windows\SYSTEM32\dhcpcsvc6.DLL
0x00007ffa4a2f0000 - 0x00007ffa4a30a000 	C:\Windows\SYSTEM32\dhcpcsvc.DLL
0x00000000519f0000 - 0x0000000051a01000 	C:\Program Files\Java\jdk1.8.0_121\jre\bin\nio.dll

VM Arguments:
jvm_args: -Denv.classpath="%CLASSPATH%" -Denv.emacs="%EMACS%" -Didea.launcher.port=7536 -Didea.launcher.bin.path=C:\Program Files (x86)\JetBrains\IntelliJ IDEA Community Edition 2016.1.3\bin -Dfile.encoding=UTF-8 
java_command: com.intellij.rt.execution.application.AppMain scala.tools.nsc.MainGenericRunner -nocompdaemon -classpath C:\Program Files\Java\jdk1.8.0_121\jre\lib\charsets.jar;C:\Program Files\Java\jdk1.8.0_121\jre\lib\deploy.jar;C:\Program Files\Java\jdk1.8.0_121\jre\lib\ext\access-bridge-64.jar;C:\Program Files\Java\jdk1.8.0_121\jre\lib\ext\cldrdata.jar;C:\Program Files\Java\jdk1.8.0_121\jre\lib\ext\dnsns.jar;C:\Program Files\Java\jdk1.8.0_121\jre\lib\ext\jaccess.jar;C:\Program Files\Java\jdk1.8.0_121\jre\lib\ext\jfxrt.jar;C:\Program Files\Java\jdk1.8.0_121\jre\lib\ext\localedata.jar;C:\Program Files\Java\jdk1.8.0_121\jre\lib\ext\nashorn.jar;C:\Program Files\Java\jdk1.8.0_121\jre\lib\ext\sunec.jar;C:\Program Files\Java\jdk1.8.0_121\jre\lib\ext\sunjce_provider.jar;C:\Program Files\Java\jdk1.8.0_121\jre\lib\ext\sunmscapi.jar;C:\Program Files\Java\jdk1.8.0_121\jre\lib\ext\sunpkcs11.jar;C:\Program Files\Java\jdk1.8.0_121\jre\lib\ext\zipfs.jar;C:\Program Files\Java\jdk1.8.0_121\jre\lib\javaws.jar;C:\Program Files\Java\jdk1.8.0_121\jre\lib\jce.jar;C:\Program Files\Java\jdk1.8.0_121\jre\lib\jfr.jar;C:\Program Files\Java\jdk1.8.0_121\jre\lib\jfxswt.jar;C:\Program Files\Java\jdk1.8.0_121\jre\lib\jsse.jar;C:\Program Files\Java\jdk1.8.0_121\jre\lib\management-agent.jar;C:\Program Files\Java\jdk1.8.0_121\jre\lib\plugin.jar;C:\Program Files\Java\jdk1.8.0_121\jre\lib\resources.jar;C:\Program Files\Java\jdk1.8.0_121\jre\lib\rt.jar;C:\Users\RONALD\.ivy2\cache\org.scala-lang\scala-library\jars\scala-library-2.10.6.jar;C:\Users\RONALD\.ivy2\cache\org.scala-lang\scala-reflect\jars\scala-reflect-2.10.6.jar C:\Users\RONALD\Documents\EAFIT\SCALA\Sample Scripts\printargs.scala Ronald Cardona Martinez Camila White Romero
java_class_path (initial): C:\Program Files\Java\jdk1.8.0_121\jre\lib\charsets.jar;C:\Program Files\Java\jdk1.8.0_121\jre\lib\deploy.jar;C:\Program Files\Java\jdk1.8.0_121\jre\lib\ext\access-bridge-64.jar;C:\Program Files\Java\jdk1.8.0_121\jre\lib\ext\cldrdata.jar;C:\Program Files\Java\jdk1.8.0_121\jre\lib\ext\dnsns.jar;C:\Program Files\Java\jdk1.8.0_121\jre\lib\ext\jaccess.jar;C:\Program Files\Java\jdk1.8.0_121\jre\lib\ext\jfxrt.jar;C:\Program Files\Java\jdk1.8.0_121\jre\lib\ext\localedata.jar;C:\Program Files\Java\jdk1.8.0_121\jre\lib\ext\nashorn.jar;C:\Program Files\Java\jdk1.8.0_121\jre\lib\ext\sunec.jar;C:\Program Files\Java\jdk1.8.0_121\jre\lib\ext\sunjce_provider.jar;C:\Program Files\Java\jdk1.8.0_121\jre\lib\ext\sunmscapi.jar;C:\Program Files\Java\jdk1.8.0_121\jre\lib\ext\sunpkcs11.jar;C:\Program Files\Java\jdk1.8.0_121\jre\lib\ext\zipfs.jar;C:\Program Files\Java\jdk1.8.0_121\jre\lib\javaws.jar;C:\Program Files\Java\jdk1.8.0_121\jre\lib\jce.jar;C:\Program Files\Java\jdk1.8.0_121\jre\lib\jfr.jar;C:\Program Files\Java\jdk1.8.0_121\jre\lib\jfxswt.jar;C:\Program Files\Java\jdk1.8.0_121\jre\lib\jsse.jar;C:\Program Files\Java\jdk1.8.0_121\jre\lib\management-agent.jar;C:\Program Files\Java\jdk1.8.0_121\jre\lib\plugin.jar;C:\Program Files\Java\jdk1.8.0_121\jre\lib\resources.jar;C:\Program Files\Java\jdk1.8.0_121\jre\lib\rt.jar;C:\Users\RONALD\.ivy2\cache\org.scala-lang\scala-library\jars\scala-library-2.10.6.jar;C:\Users\RONALD\.ivy2\cache\org.scala-lang\scala-reflect\jars\scala-reflect-2.10.6.jar;C:\Users\RONALD\.ivy2\cache\org.scala-lang\scala-compiler\jars\scala-compiler-2.10.6.jar;C:\Program Files (x86)\JetBrains\IntelliJ IDEA Community Edition 2016.1.3\lib\idea_rt.jar
Launcher Type: SUN_STANDARD

Environment Variables:
JAVA_HOME=C:\Program Files\Java\jdk1.8.0_121
CLASSPATH=C:\Users\RONALD\Javalib\antlr-4.7-complete.jar;C:\cygwin64\home\RONALD\st0254\254srcardo11\proyectos\11\JackCompiler\target\JackCompiler-1.0-SNAPSHOT.jar;.;C:\Program Files (x86)\QuickTime\QTSystem\QTJava.zip
PATH=C:\Program Files\Haskell\bin;C:\Program Files\Haskell Platform\8.0.1\lib\extralibs\bin;C:\Program Files\Haskell Platform\8.0.1\bin;C:\ProgramData\Oracle\Java\javapath;C:\Windows\system32;C:\Windows;C:\Windows\System32\Wbem;C:\Windows\System32\WindowsPowerShell\v1.0\;C:\Program Files (x86)\QuickTime\QTSystem\;C:\Program Files\Haskell Platform\8.0.1\mingw\bin;C:\Program Files (x86)\PuTTY\;C:\Program Files\Git\cmd;C:\Program Files (x86)\sbt\bin;C:\Program Files\Java\apache-maven-3.3.9\bin;C:\PostgreSQL\pg96\bin;C:\Program Files (x86)\Windows Kits\8.1\Windows Performance Toolkit\;C:\Program Files\OpenVPN\bin;C:\Program Files (x86)\Calibre2\;C:\Program Files (x86)\nodejs\;C:\RailsInstaller\Git\cmd;C:\RailsInstaller\Ruby2.3.3\bin;C:\Users\RONALD\AppData\Local\Programs\Python\Python35-32\Scripts\;C:\Users\RONALD\AppData\Local\Programs\Python\Python35-32\;C:\Users\RONALD\Javalib;C:\Program Files\Java\apache-maven-3.3.9\bin;C:\Users\RONALD\AppData\Roaming\cabal\bin;C:\Users\RONALD\AppData\Roaming\local\bin;C:\Users\RONALD\AppData\Local\atom\bin;C:\Program Files\Java\jdk1.8.0_121\bin;C:\Users\RONALD\AppData\Roaming\npm;C:\Users\tu-usuario\AppData\Roaming\Composer\vendor\bin;C:\Users\RONALD\AppData\Local\Programs\MiKTeX 2.9\miktex\bin\x64\
USERNAME=RONALD
OS=Windows_NT
PROCESSOR_IDENTIFIER=Intel64 Family 6 Model 58 Stepping 9, GenuineIntel



---------------  S Y S T E M  ---------------

OS: Windows 10.0 , 64 bit Build 10586 (10.0.10586.0)

CPU:total 8 (4 cores per cpu, 2 threads per core) family 6 model 58 stepping 9, cmov, cx8, fxsr, mmx, sse, sse2, sse3, ssse3, sse4.1, sse4.2, popcnt, avx, aes, clmul, erms, ht, tsc, tscinvbit, tscinv

Memory: 4k page, physical 6172896k(591344k free), swap 6172896k(4344k free)

vm_info: Java HotSpot(TM) 64-Bit Server VM (25.121-b13) for windows-amd64 JRE (1.8.0_121-b13), built on Dec 12 2016 18:21:36 by "java_re" with MS VC++ 10.0 (VS2010)

time: Tue Aug 07 18:51:02 2018
elapsed time: 2 seconds (0d 0h 0m 2s)

