#
# There is insufficient memory for the Java Runtime Environment to continue.
# Native memory allocation (malloc) failed to allocate 1048576 bytes for AllocateHeap
# Possible reasons:
#   The system is out of physical RAM or swap space
#   In 32 bit mode, the process size limit was hit
# Possible solutions:
#   Reduce memory load on the system
#   Increase physical memory or swap space
#   Check if swap backing store is full
#   Use 64 bit Java on a 64 bit OS
#   Decrease Java heap size (-Xmx/-Xms)
#   Decrease number of Java threads
#   Decrease Java thread stack sizes (-Xss)
#   Set larger code cache with -XX:ReservedCodeCacheSize=
# This output file may be truncated or incomplete.
#
#  Out of Memory Error (memory/allocation.inline.hpp:61), pid=9148, tid=0x0000000000000920
#
# JRE version:  (8.0_121-b13) (build )
# Java VM: Java HotSpot(TM) 64-Bit Server VM (25.121-b13 mixed mode windows-amd64 compressed oops)
# Failed to write core dump. Minidumps are not enabled by default on client versions of Windows
#

---------------  T H R E A D  ---------------

Current thread (0x0000000002fbe000):  JavaThread "Unknown thread" [_thread_in_vm, id=2336, stack(0x0000000002fc0000,0x00000000030c0000)]

Stack: [0x0000000002fc0000,0x00000000030c0000]
[error occurred during error reporting (printing stack bounds), id 0xc0000005]

Native frames: (J=compiled Java code, j=interpreted, Vv=VM code, C=native code)


---------------  P R O C E S S  ---------------

Java Threads: ( => current thread )

Other Threads:

=>0x0000000002fbe000 (exited) JavaThread "Unknown thread" [_thread_in_vm, id=2336, stack(0x0000000002fc0000,0x00000000030c0000)]

VM state:not at safepoint (normal execution)

VM Mutex/Monitor currently owned by a thread: None

Heap:
 PSYoungGen      total 28672K, used 491K [0x00000000e0980000, 0x00000000e2980000, 0x0000000100000000)
  eden space 24576K, 2% used [0x00000000e0980000,0x00000000e09fae20,0x00000000e2180000)
  from space 4096K, 0% used [0x00000000e2580000,0x00000000e2580000,0x00000000e2980000)
  to   space 4096K, 0% used [0x00000000e2180000,0x00000000e2180000,0x00000000e2580000)
 ParOldGen       total 65536K, used 0K [0x00000000a1c00000, 0x00000000a5c00000, 0x00000000e0980000)
  object space 65536K, 0% used [0x00000000a1c00000,0x00000000a1c00000,0x00000000a5c00000)
 Metaspace       used 770K, capacity 4480K, committed 4480K, reserved 1056768K
  class space    used 75K, capacity 384K, committed 384K, reserved 1048576K

Card table byte_map: [0x0000000012580000,0x0000000012880000] byte_map_base: 0x0000000012072000

Marking Bits: (ParMarkBitMap*) 0x00000000549bb6d0
 Begin Bits: [0x0000000013280000, 0x0000000014a10000)
 End Bits:   [0x0000000014a10000, 0x00000000161a0000)

Polling page: 0x00000000016b0000

CodeCache: size=245760Kb used=328Kb max_used=328Kb free=245431Kb
 bounds [0x00000000031c0000, 0x0000000003430000, 0x00000000121c0000]
 total_blobs=58 nmethods=0 adapters=38
 compilation: enabled

Compilation events (0 events):
No events

GC Heap History (0 events):
No events

Deoptimization events (0 events):
No events

Internal exceptions (0 events):
No events

Events (10 events):
Event: 0.025 loading class java/lang/Short
Event: 0.025 loading class java/lang/Short done
Event: 0.025 loading class java/lang/Integer
Event: 0.025 loading class java/lang/Integer done
Event: 0.025 loading class java/lang/Long
Event: 0.025 loading class java/lang/Long done
Event: 0.025 loading class java/lang/NullPointerException
Event: 0.026 loading class java/lang/NullPointerException done
Event: 0.026 loading class java/lang/ArithmeticException
Event: 0.026 loading class java/lang/ArithmeticException done


Dynamic libraries:
0x00007ff7926c0000 - 0x00007ff7926f7000 	C:\Program Files\Java\jdk1.8.0_121\bin\java.exe
0x00007ff9a9ea0000 - 0x00007ff9aa061000 	C:\Windows\SYSTEM32\ntdll.dll
0x00007ff9a7a00000 - 0x00007ff9a7aad000 	C:\Windows\system32\KERNEL32.DLL
0x00007ff9a6c50000 - 0x00007ff9a6e38000 	C:\Windows\system32\KERNELBASE.dll
0x00007ff9a9ca0000 - 0x00007ff9a9d47000 	C:\Windows\system32\ADVAPI32.dll
0x00007ff9a9e00000 - 0x00007ff9a9e9d000 	C:\Windows\system32\msvcrt.dll
0x00007ff9a98a0000 - 0x00007ff9a98fb000 	C:\Windows\system32\sechost.dll
0x00007ff9a9b80000 - 0x00007ff9a9c9c000 	C:\Windows\system32\RPCRT4.dll
0x00007ff9a9300000 - 0x00007ff9a9456000 	C:\Windows\system32\USER32.dll
0x00007ff9a99f0000 - 0x00007ff9a9b76000 	C:\Windows\system32\GDI32.dll
0x00007ff99a460000 - 0x00007ff99a6d4000 	C:\Windows\WinSxS\amd64_microsoft.windows.common-controls_6595b64144ccf1df_6.0.10586.0_none_8c15ae12515e1c22\COMCTL32.dll
0x00007ff9a74f0000 - 0x00007ff9a776d000 	C:\Windows\system32\combase.dll
0x00007ff9a7230000 - 0x00007ff9a729a000 	C:\Windows\system32\bcryptPrimitives.dll
0x00007ff9a9170000 - 0x00007ff9a91ab000 	C:\Windows\system32\IMM32.DLL
0x0000000054a40000 - 0x0000000054b12000 	C:\Program Files\Java\jdk1.8.0_121\jre\bin\msvcr100.dll
0x00000000541a0000 - 0x0000000054a3b000 	C:\Program Files\Java\jdk1.8.0_121\jre\bin\server\jvm.dll
0x00007ff9a7480000 - 0x00007ff9a7488000 	C:\Windows\system32\PSAPI.DLL
0x00007ff9a4a40000 - 0x00007ff9a4a63000 	C:\Windows\SYSTEM32\WINMM.dll
0x00007ff99b590000 - 0x00007ff99b599000 	C:\Windows\SYSTEM32\WSOCK32.dll
0x00007ff99d100000 - 0x00007ff99d10a000 	C:\Windows\SYSTEM32\VERSION.dll
0x00007ff9a9920000 - 0x00007ff9a998b000 	C:\Windows\system32\WS2_32.dll
0x00007ff9a49e0000 - 0x00007ff9a4a0c000 	C:\Windows\SYSTEM32\WINMMBASE.dll
0x00007ff9a7160000 - 0x00007ff9a71a3000 	C:\Windows\system32\cfgmgr32.dll
0x0000000055050000 - 0x000000005505f000 	C:\Program Files\Java\jdk1.8.0_121\jre\bin\verify.dll
0x0000000054170000 - 0x0000000054199000 	C:\Program Files\Java\jdk1.8.0_121\jre\bin\java.dll
0x0000000054150000 - 0x0000000054166000 	C:\Program Files\Java\jdk1.8.0_121\jre\bin\zip.dll

VM Arguments:
jvm_args: -Djline.terminal=NONE -Didea.launcher.port=7533 -Didea.launcher.bin.path=C:\Program Files (x86)\JetBrains\IntelliJ IDEA Community Edition 2016.1.3\bin -Dfile.encoding=UTF-8 
java_command: com.intellij.rt.execution.application.AppMain org.jetbrains.plugins.scala.compiler.rt.ConsoleRunner -usejavacp
java_class_path (initial): C:\Users\RONALD\.ivy2\cache\org.scala-lang\scala-compiler\jars\scala-compiler-2.10.6.jar;C:\Users\RONALD\.ivy2\cache\org.scala-lang\scala-library\jars\scala-library-2.10.6.jar;C:\Users\RONALD\.ivy2\cache\org.scala-lang\scala-reflect\jars\scala-reflect-2.10.6.jar;C:\Users\RONALD\.IdeaIC2016\config\plugins\Scala\lib\scala-plugin-runners.jar;C:\Program Files\Java\jdk1.8.0_121\jre\lib\charsets.jar;C:\Program Files\Java\jdk1.8.0_121\jre\lib\deploy.jar;C:\Program Files\Java\jdk1.8.0_121\jre\lib\ext\access-bridge-64.jar;C:\Program Files\Java\jdk1.8.0_121\jre\lib\ext\cldrdata.jar;C:\Program Files\Java\jdk1.8.0_121\jre\lib\ext\dnsns.jar;C:\Program Files\Java\jdk1.8.0_121\jre\lib\ext\jaccess.jar;C:\Program Files\Java\jdk1.8.0_121\jre\lib\ext\jfxrt.jar;C:\Program Files\Java\jdk1.8.0_121\jre\lib\ext\localedata.jar;C:\Program Files\Java\jdk1.8.0_121\jre\lib\ext\nashorn.jar;C:\Program Files\Java\jdk1.8.0_121\jre\lib\ext\sunec.jar;C:\Program Files\Java\jdk1.8.0_121\jre\lib\ext\sunjce_provider.jar;C:\Program Files\Java\jdk1.8.0_121\jre\lib\ext\sunmscapi.jar;C:\Program Files\Java\jdk1.8.0_121\jre\lib\ext\sunpkcs11.jar;C:\Program Files\Java\jdk1.8.0_121\jre\lib\ext\zipfs.jar;C:\Program Files\Java\jdk1.8.0_121\jre\lib\javaws.jar;C:\Program Files\Java\jdk1.8.0_121\jre\lib\jce.jar;C:\Program Files\Java\jdk1.8.0_121\jre\lib\jfr.jar;C:\Program Files\Java\jdk1.8.0_121\jre\lib\jfxswt.jar;C:\Program Files\Java\jdk1.8.0_121\jre\lib\jsse.jar;C:\Program Files\Java\jdk1.8.0_121\jre\lib\management-agent.jar;C:\Program Files\Java\jdk1.8.0_121\jre\lib\plugin.jar;C:\Program Files\Java\jdk1.8.0_121\jre\lib\resources.jar;C:\Program Files\Java\jdk1.8.0_121\jre\lib\rt.jar;C:\Program Files (x86)\JetBrains\IntelliJ IDEA Community Edition 2016.1.3\lib\idea_rt.jar
Launcher Type: SUN_STANDARD

Environment Variables:
JAVA_HOME=C:\Program Files\Java\jdk1.8.0_121
CLASSPATH=C:\Users\RONALD\Javalib\antlr-4.7-complete.jar;.;.;C:\Program Files (x86)\QuickTime\QTSystem\QTJava.zip
PATH=C:\Program Files\Haskell\bin;C:\Program Files\Haskell Platform\8.0.1\lib\extralibs\bin;C:\Program Files\Haskell Platform\8.0.1\bin;C:\ProgramData\Oracle\Java\javapath;C:\Windows\system32;C:\Windows;C:\Windows\System32\Wbem;C:\Windows\System32\WindowsPowerShell\v1.0\;C:\Program Files (x86)\QuickTime\QTSystem\;C:\Program Files\Haskell Platform\8.0.1\mingw\bin;C:\Program Files (x86)\PuTTY\;C:\Program Files\Git\cmd;C:\Program Files (x86)\sbt\bin;C:\Program Files\Java\apache-maven-3.3.9\bin;C:\PostgreSQL\pg96\bin;C:\Program Files (x86)\Windows Kits\8.1\Windows Performance Toolkit\;C:\Program Files\OpenVPN\bin;C:\Users\RONALD\Javalib;C:\Program Files\Java\apache-maven-3.3.9\bin;C:\Users\RONALD\AppData\Roaming\cabal\bin;C:\Users\RONALD\AppData\Roaming\local\bin;C:\Users\RONALD\AppData\Local\atom\bin;"C:\Program Files\Java\jdk1.8.0_121\bin"
USERNAME=RONALD
OS=Windows_NT
PROCESSOR_IDENTIFIER=Intel64 Family 6 Model 58 Stepping 9, GenuineIntel



---------------  S Y S T E M  ---------------

OS: Windows 10.0 , 64 bit Build 10586 (10.0.10586.0)

CPU:total 8 (4 cores per cpu, 2 threads per core) family 6 model 58 stepping 9, cmov, cx8, fxsr, mmx, sse, sse2, sse3, ssse3, sse4.1, sse4.2, popcnt, avx, aes, clmul, erms, ht, tsc, tscinvbit, tscinv

Memory: 4k page, physical 6172896k(846000k free), swap 6172896k(4824k free)

vm_info: Java HotSpot(TM) 64-Bit Server VM (25.121-b13) for windows-amd64 JRE (1.8.0_121-b13), built on Dec 12 2016 18:21:36 by "java_re" with MS VC++ 10.0 (VS2010)

time: Fri Oct 20 13:25:57 2017
elapsed time: 0 seconds (0d 0h 0m 0s)

