#
# There is insufficient memory for the Java Runtime Environment to continue.
# Native memory allocation (malloc) failed to allocate 32744 bytes for ChunkPool::allocate
# Possible reasons:
#   The system is out of physical RAM or swap space
#   In 32 bit mode, the process size limit was hit
# Possible solutions:
#   Reduce memory load on the system
#   Increase physical memory or swap space
#   Check if swap backing store is full
#   Use 64 bit Java on a 64 bit OS
#   Decrease Java heap size (-Xmx/-Xms)
#   Decrease number of Java threads
#   Decrease Java thread stack sizes (-Xss)
#   Set larger code cache with -XX:ReservedCodeCacheSize=
# This output file may be truncated or incomplete.
#
#  Out of Memory Error (allocation.cpp:273), pid=6640, tid=0x00000000000016bc
#
# JRE version: Java(TM) SE Runtime Environment (8.0_121-b13) (build 1.8.0_121-b13)
# Java VM: Java HotSpot(TM) 64-Bit Server VM (25.121-b13 mixed mode windows-amd64 compressed oops)
# Failed to write core dump. Minidumps are not enabled by default on client versions of Windows
#

---------------  T H R E A D  ---------------

Current thread (0x000000000f64d000):  JavaThread "C2 CompilerThread0" daemon [_thread_in_native, id=5820, stack(0x000000000fe20000,0x000000000ff20000)]

Stack: [0x000000000fe20000,0x000000000ff20000]
[error occurred during error reporting (printing stack bounds), id 0xc0000005]

Native frames: (J=compiled Java code, j=interpreted, Vv=VM code, C=native code)


Current CompileTask:
C2:   3129  971   !   4       java.net.URLClassLoader$1::run (63 bytes)


---------------  P R O C E S S  ---------------

Java Threads: ( => current thread )
  0x000000000f6c4800 JavaThread "Service Thread" daemon [_thread_blocked, id=8052, stack(0x0000000010220000,0x0000000010320000)]
  0x000000000f657800 JavaThread "C1 CompilerThread3" daemon [_thread_in_vm, id=6628, stack(0x0000000010120000,0x0000000010220000)]
  0x000000000f658800 JavaThread "C2 CompilerThread2" daemon [_thread_blocked, id=1052, stack(0x0000000010020000,0x0000000010120000)]
  0x000000000f650800 JavaThread "C2 CompilerThread1" daemon [_thread_blocked, id=2128, stack(0x000000000ff20000,0x0000000010020000)]
=>0x000000000f64d000 JavaThread "C2 CompilerThread0" daemon [_thread_in_native, id=5820, stack(0x000000000fe20000,0x000000000ff20000)]
  0x000000000f648000 JavaThread "Attach Listener" daemon [_thread_blocked, id=3136, stack(0x000000000fd20000,0x000000000fe20000)]
  0x000000000f647000 JavaThread "Signal Dispatcher" daemon [_thread_blocked, id=2040, stack(0x000000000fc20000,0x000000000fd20000)]
  0x000000000f640800 JavaThread "Finalizer" daemon [_thread_blocked, id=1720, stack(0x000000000fa20000,0x000000000fb20000)]
  0x0000000003087000 JavaThread "Reference Handler" daemon [_thread_blocked, id=13636, stack(0x000000000f520000,0x000000000f620000)]
  0x0000000002f92800 JavaThread "main" [_thread_in_vm, id=7292, stack(0x0000000002e50000,0x0000000002f50000)]

Other Threads:
  0x000000000d739800 VMThread [stack: 0x000000000f420000,0x000000000f520000] [id=7600]
  0x000000000f70d800 WatcherThread [stack: 0x0000000010320000,0x0000000010420000] [id=13420]

VM state:not at safepoint (normal execution)

VM Mutex/Monitor currently owned by a thread: None

Heap:
 PSYoungGen      total 28672K, used 14843K [0x00000000f5580000, 0x00000000f7580000, 0x0000000100000000)
  eden space 24576K, 60% used [0x00000000f5580000,0x00000000f63fec90,0x00000000f6d80000)
  from space 4096K, 0% used [0x00000000f7180000,0x00000000f7180000,0x00000000f7580000)
  to   space 4096K, 0% used [0x00000000f6d80000,0x00000000f6d80000,0x00000000f7180000)
 ParOldGen       total 43520K, used 5231K [0x00000000e0000000, 0x00000000e2a80000, 0x00000000f5580000)
  object space 43520K, 12% used [0x00000000e0000000,0x00000000e051bf00,0x00000000e2a80000)
 Metaspace       used 22060K, capacity 22382K, committed 22656K, reserved 1069056K
  class space    used 3788K, capacity 3856K, committed 3968K, reserved 1048576K

Card table byte_map: [0x000000000b290000,0x000000000b3a0000] byte_map_base: 0x000000000ab90000

Marking Bits: (ParMarkBitMap*) 0x000000006234b6d0
 Begin Bits: [0x000000000bc50000, 0x000000000c450000)
 End Bits:   [0x000000000c450000, 0x000000000cc50000)

Polling page: 0x00000000016c0000

CodeCache: size=131072Kb used=4602Kb max_used=4660Kb free=126469Kb
 bounds [0x0000000003090000, 0x0000000003530000, 0x000000000b090000]
 total_blobs=1941 nmethods=1573 adapters=278
 compilation: disabled (not enough contiguous free space left)

Compilation events (10 events):
Event: 3.079 Thread 0x000000000f657800 nmethod 1571 0x000000000350fa10 code [0x000000000350fba0, 0x00000000035100c8]
Event: 3.079 Thread 0x000000000f657800 1572       1       scala.reflect.internal.Trees$Tree::scala$reflect$internal$Trees$Tree$$$outer (5 bytes)
Event: 3.079 Thread 0x000000000f657800 nmethod 1572 0x0000000003510290 code [0x00000000035103e0, 0x00000000035104f0]
Event: 3.081 Thread 0x000000000f657800 1573       3       scala.reflect.internal.Types$TypeRef::typeSymbol (5 bytes)
Event: 3.081 Thread 0x000000000f657800 nmethod 1573 0x0000000003510550 code [0x00000000035106a0, 0x0000000003510890]
Event: 3.082 Thread 0x000000000f657800 1574       3       scala.collection.IndexedSeqOptimized$class::slice (104 bytes)
Event: 3.082 Thread 0x000000000f657800 nmethod 1574 0x0000000003510910 code [0x0000000003510b20, 0x00000000035117f8]
Event: 3.082 Thread 0x000000000f657800 1575       3       scala.reflect.internal.Symbols$ClassSymbol::isModuleClass (8 bytes)
Event: 3.083 Thread 0x000000000f657800 nmethod 1575 0x0000000003511c90 code [0x0000000003511e00, 0x0000000003512008]
Event: 3.083 Thread 0x000000000f657800 1576       3       scala.reflect.internal.pickling.UnPickler$Scan::readType (814 bytes)

GC Heap History (10 events):
Event: 1.165 GC heap before
{Heap before GC invocations=1 (full 0):
 PSYoungGen      total 28672K, used 24576K [0x00000000f5580000, 0x00000000f7580000, 0x0000000100000000)
  eden space 24576K, 100% used [0x00000000f5580000,0x00000000f6d80000,0x00000000f6d80000)
  from space 4096K, 0% used [0x00000000f7180000,0x00000000f7180000,0x00000000f7580000)
  to   space 4096K, 0% used [0x00000000f6d80000,0x00000000f6d80000,0x00000000f7180000)
 ParOldGen       total 65536K, used 0K [0x00000000e0000000, 0x00000000e4000000, 0x00000000f5580000)
  object space 65536K, 0% used [0x00000000e0000000,0x00000000e0000000,0x00000000e4000000)
 Metaspace       used 8326K, capacity 8964K, committed 9088K, reserved 1056768K
  class space    used 1223K, capacity 1348K, committed 1408K, reserved 1048576K
Event: 1.169 GC heap after
Heap after GC invocations=1 (full 0):
 PSYoungGen      total 28672K, used 4091K [0x00000000f5580000, 0x00000000f7580000, 0x0000000100000000)
  eden space 24576K, 0% used [0x00000000f5580000,0x00000000f5580000,0x00000000f6d80000)
  from space 4096K, 99% used [0x00000000f6d80000,0x00000000f717efe8,0x00000000f7180000)
  to   space 4096K, 0% used [0x00000000f7180000,0x00000000f7180000,0x00000000f7580000)
 ParOldGen       total 65536K, used 617K [0x00000000e0000000, 0x00000000e4000000, 0x00000000f5580000)
  object space 65536K, 0% used [0x00000000e0000000,0x00000000e009a5b0,0x00000000e4000000)
 Metaspace       used 8326K, capacity 8964K, committed 9088K, reserved 1056768K
  class space    used 1223K, capacity 1348K, committed 1408K, reserved 1048576K
}
Event: 2.164 GC heap before
{Heap before GC invocations=2 (full 0):
 PSYoungGen      total 28672K, used 28667K [0x00000000f5580000, 0x00000000f7580000, 0x0000000100000000)
  eden space 24576K, 100% used [0x00000000f5580000,0x00000000f6d80000,0x00000000f6d80000)
  from space 4096K, 99% used [0x00000000f6d80000,0x00000000f717efe8,0x00000000f7180000)
  to   space 4096K, 0% used [0x00000000f7180000,0x00000000f7180000,0x00000000f7580000)
 ParOldGen       total 65536K, used 617K [0x00000000e0000000, 0x00000000e4000000, 0x00000000f5580000)
  object space 65536K, 0% used [0x00000000e0000000,0x00000000e009a5b0,0x00000000e4000000)
 Metaspace       used 13700K, capacity 14096K, committed 14208K, reserved 1060864K
  class space    used 2288K, capacity 2376K, committed 2432K, reserved 1048576K
Event: 2.168 GC heap after
Heap after GC invocations=2 (full 0):
 PSYoungGen      total 28672K, used 4093K [0x00000000f5580000, 0x00000000f7580000, 0x0000000100000000)
  eden space 24576K, 0% used [0x00000000f5580000,0x00000000f5580000,0x00000000f6d80000)
  from space 4096K, 99% used [0x00000000f7180000,0x00000000f757f410,0x00000000f7580000)
  to   space 4096K, 0% used [0x00000000f6d80000,0x00000000f6d80000,0x00000000f7180000)
 ParOldGen       total 65536K, used 2331K [0x00000000e0000000, 0x00000000e4000000, 0x00000000f5580000)
  object space 65536K, 3% used [0x00000000e0000000,0x00000000e0246c68,0x00000000e4000000)
 Metaspace       used 13700K, capacity 14096K, committed 14208K, reserved 1060864K
  class space    used 2288K, capacity 2376K, committed 2432K, reserved 1048576K
}
Event: 2.531 GC heap before
{Heap before GC invocations=3 (full 0):
 PSYoungGen      total 28672K, used 28669K [0x00000000f5580000, 0x00000000f7580000, 0x0000000100000000)
  eden space 24576K, 100% used [0x00000000f5580000,0x00000000f6d80000,0x00000000f6d80000)
  from space 4096K, 99% used [0x00000000f7180000,0x00000000f757f410,0x00000000f7580000)
  to   space 4096K, 0% used [0x00000000f6d80000,0x00000000f6d80000,0x00000000f7180000)
 ParOldGen       total 65536K, used 2331K [0x00000000e0000000, 0x00000000e4000000, 0x00000000f5580000)
  object space 65536K, 3% used [0x00000000e0000000,0x00000000e0246c68,0x00000000e4000000)
 Metaspace       used 17742K, capacity 18114K, committed 18176K, reserved 1064960K
  class space    used 2970K, capacity 3054K, committed 3072K, reserved 1048576K
Event: 2.535 GC heap after
Heap after GC invocations=3 (full 0):
 PSYoungGen      total 28672K, used 4089K [0x00000000f5580000, 0x00000000f7580000, 0x0000000100000000)
  eden space 24576K, 0% used [0x00000000f5580000,0x00000000f5580000,0x00000000f6d80000)
  from space 4096K, 99% used [0x00000000f6d80000,0x00000000f717e7b8,0x00000000f7180000)
  to   space 4096K, 0% used [0x00000000f7180000,0x00000000f7180000,0x00000000f7580000)
 ParOldGen       total 65536K, used 4801K [0x00000000e0000000, 0x00000000e4000000, 0x00000000f5580000)
  object space 65536K, 7% used [0x00000000e0000000,0x00000000e04b04c0,0x00000000e4000000)
 Metaspace       used 17742K, capacity 18114K, committed 18176K, reserved 1064960K
  class space    used 2970K, capacity 3054K, committed 3072K, reserved 1048576K
}
Event: 2.782 GC heap before
{Heap before GC invocations=4 (full 0):
 PSYoungGen      total 28672K, used 15181K [0x00000000f5580000, 0x00000000f7580000, 0x0000000100000000)
  eden space 24576K, 45% used [0x00000000f5580000,0x00000000f6054c90,0x00000000f6d80000)
  from space 4096K, 99% used [0x00000000f6d80000,0x00000000f717e7b8,0x00000000f7180000)
  to   space 4096K, 0% used [0x00000000f7180000,0x00000000f7180000,0x00000000f7580000)
 ParOldGen       total 65536K, used 4801K [0x00000000e0000000, 0x00000000e4000000, 0x00000000f5580000)
  object space 65536K, 7% used [0x00000000e0000000,0x00000000e04b04c0,0x00000000e4000000)
 Metaspace       used 20854K, capacity 21186K, committed 21296K, reserved 1067008K
  class space    used 3599K, capacity 3694K, committed 3712K, reserved 1048576K
Event: 2.786 GC heap after
Heap after GC invocations=4 (full 0):
 PSYoungGen      total 28672K, used 4066K [0x00000000f5580000, 0x00000000f7580000, 0x0000000100000000)
  eden space 24576K, 0% used [0x00000000f5580000,0x00000000f5580000,0x00000000f6d80000)
  from space 4096K, 99% used [0x00000000f7180000,0x00000000f7578b28,0x00000000f7580000)
  to   space 4096K, 0% used [0x00000000f6d80000,0x00000000f6d80000,0x00000000f7180000)
 ParOldGen       total 65536K, used 6248K [0x00000000e0000000, 0x00000000e4000000, 0x00000000f5580000)
  object space 65536K, 9% used [0x00000000e0000000,0x00000000e061a358,0x00000000e4000000)
 Metaspace       used 20854K, capacity 21186K, committed 21296K, reserved 1067008K
  class space    used 3599K, capacity 3694K, committed 3712K, reserved 1048576K
}
Event: 2.787 GC heap before
{Heap before GC invocations=5 (full 1):
 PSYoungGen      total 28672K, used 4066K [0x00000000f5580000, 0x00000000f7580000, 0x0000000100000000)
  eden space 24576K, 0% used [0x00000000f5580000,0x00000000f5580000,0x00000000f6d80000)
  from space 4096K, 99% used [0x00000000f7180000,0x00000000f7578b28,0x00000000f7580000)
  to   space 4096K, 0% used [0x00000000f6d80000,0x00000000f6d80000,0x00000000f7180000)
 ParOldGen       total 65536K, used 6248K [0x00000000e0000000, 0x00000000e4000000, 0x00000000f5580000)
  object space 65536K, 9% used [0x00000000e0000000,0x00000000e061a358,0x00000000e4000000)
 Metaspace       used 20854K, capacity 21186K, committed 21296K, reserved 1067008K
  class space    used 3599K, capacity 3694K, committed 3712K, reserved 1048576K
Event: 2.806 GC heap after
Heap after GC invocations=5 (full 1):
 PSYoungGen      total 28672K, used 0K [0x00000000f5580000, 0x00000000f7580000, 0x0000000100000000)
  eden space 24576K, 0% used [0x00000000f5580000,0x00000000f5580000,0x00000000f6d80000)
  from space 4096K, 0% used [0x00000000f7180000,0x00000000f7180000,0x00000000f7580000)
  to   space 4096K, 0% used [0x00000000f6d80000,0x00000000f6d80000,0x00000000f7180000)
 ParOldGen       total 43520K, used 5231K [0x00000000e0000000, 0x00000000e2a80000, 0x00000000f5580000)
  object space 43520K, 12% used [0x00000000e0000000,0x00000000e051bf00,0x00000000e2a80000)
 Metaspace       used 20854K, capacity 21186K, committed 21296K, reserved 1067008K
  class space    used 3599K, capacity 3694K, committed 3712K, reserved 1048576K
}

Deoptimization events (10 events):
Event: 0.904 Thread 0x0000000002f92800 Uncommon trap: reason=unstable_if action=reinterpret pc=0x000000000322bcac method=java.lang.String.indexOf([CII[CIII)I @ 3
Event: 1.318 Thread 0x0000000002f92800 Uncommon trap: reason=unstable_if action=reinterpret pc=0x00000000031c9090 method=java.lang.String.startsWith(Ljava/lang/String;I)Z @ 25
Event: 1.901 Thread 0x0000000002f92800 Uncommon trap: reason=unstable_if action=reinterpret pc=0x00000000032516c8 method=java.net.URI.match(CJJ)Z @ 19
Event: 1.906 Thread 0x0000000002f92800 Uncommon trap: reason=unstable_if action=reinterpret pc=0x00000000032b4668 method=java.lang.String.regionMatches(ZILjava/lang/String;II)Z @ 123
Event: 1.979 Thread 0x0000000002f92800 Uncommon trap: reason=unstable_if action=reinterpret pc=0x0000000003240300 method=sun.misc.MetaIndex.mayContain(Ljava/lang/String;)Z @ 38
Event: 1.987 Thread 0x0000000002f92800 Uncommon trap: reason=unstable_if action=reinterpret pc=0x000000000321a0e8 method=sun.misc.MetaIndex.mayContain(Ljava/lang/String;)Z @ 38
Event: 2.256 Thread 0x0000000002f92800 Uncommon trap: reason=unstable_if action=reinterpret pc=0x00000000033859f0 method=java.util.regex.Pattern$BmpCharProperty.match(Ljava/util/regex/Matcher;ILjava/lang/CharSequence;)Z @ 5
Event: 2.724 Thread 0x0000000002f92800 Uncommon trap: reason=unstable_if action=reinterpret pc=0x00000000032b646c method=java.util.HashMap.getNode(ILjava/lang/Object;)Ljava/util/HashMap$Node; @ 62
Event: 2.725 Thread 0x0000000002f92800 Uncommon trap: reason=unstable_if action=reinterpret pc=0x00000000032b2138 method=java.util.HashMap.getNode(ILjava/lang/Object;)Ljava/util/HashMap$Node; @ 62
Event: 2.989 Thread 0x0000000002f92800 Uncommon trap: reason=unstable_if action=reinterpret pc=0x00000000034a9324 method=scala.reflect.internal.Symbols$class.shouldTriggerCompleter(Lscala/reflect/internal/SymbolTable;Lscala/reflect/internal/Symbols$Symbol;Lscala/reflect/internal/Types$Type;ZJ)

Internal exceptions (10 events):
Event: 2.935 Thread 0x0000000002f92800 Exception <a 'java/lang/ClassNotFoundException': scala/reflect/ScalaLongSignature> (0x00000000f58d39e8) thrown at [C:\re\workspace\8-2-build-windows-amd64-cygwin\jdk8u121\8372\hotspot\src\share\vm\classfile\systemDictionary.cpp, line 210]
Event: 2.937 Thread 0x0000000002f92800 Exception <a 'java/lang/ArrayIndexOutOfBoundsException'> (0x00000000f58da020) thrown at [C:\re\workspace\8-2-build-windows-amd64-cygwin\jdk8u121\8372\hotspot\src\share\vm\runtime\sharedRuntime.cpp, line 605]
Event: 2.937 Thread 0x0000000002f92800 Exception <a 'java/lang/ArrayIndexOutOfBoundsException'> (0x00000000f58db318) thrown at [C:\re\workspace\8-2-build-windows-amd64-cygwin\jdk8u121\8372\hotspot\src\share\vm\runtime\sharedRuntime.cpp, line 605]
Event: 2.939 Thread 0x0000000002f92800 Exception <a 'java/lang/ClassNotFoundException': scala/reflect/ScalaSignature> (0x00000000f58e51f8) thrown at [C:\re\workspace\8-2-build-windows-amd64-cygwin\jdk8u121\8372\hotspot\src\share\vm\classfile\systemDictionary.cpp, line 210]
Event: 2.939 Thread 0x0000000002f92800 Exception <a 'java/lang/ClassNotFoundException': scala/reflect/ScalaLongSignature> (0x00000000f58e5a70) thrown at [C:\re\workspace\8-2-build-windows-amd64-cygwin\jdk8u121\8372\hotspot\src\share\vm\classfile\systemDictionary.cpp, line 210]
Event: 2.944 Thread 0x0000000002f92800 Exception <a 'java/lang/ClassNotFoundException': scala/reflect/ScalaSignature> (0x00000000f58f9f10) thrown at [C:\re\workspace\8-2-build-windows-amd64-cygwin\jdk8u121\8372\hotspot\src\share\vm\classfile\systemDictionary.cpp, line 210]
Event: 2.944 Thread 0x0000000002f92800 Exception <a 'java/lang/ClassNotFoundException': scala/reflect/ScalaLongSignature> (0x00000000f58fa788) thrown at [C:\re\workspace\8-2-build-windows-amd64-cygwin\jdk8u121\8372\hotspot\src\share\vm\classfile\systemDictionary.cpp, line 210]
Event: 2.946 Thread 0x0000000002f92800 Exception <a 'java/lang/ClassNotFoundException': scala/reflect/ScalaSignature> (0x00000000f5909f50) thrown at [C:\re\workspace\8-2-build-windows-amd64-cygwin\jdk8u121\8372\hotspot\src\share\vm\classfile\systemDictionary.cpp, line 210]
Event: 2.946 Thread 0x0000000002f92800 Exception <a 'java/lang/ClassNotFoundException': scala/reflect/ScalaLongSignature> (0x00000000f590a5e0) thrown at [C:\re\workspace\8-2-build-windows-amd64-cygwin\jdk8u121\8372\hotspot\src\share\vm\classfile\systemDictionary.cpp, line 210]
Event: 2.947 Thread 0x0000000002f92800 Exception <a 'java/lang/ArrayIndexOutOfBoundsException'> (0x00000000f590f598) thrown at [C:\re\workspace\8-2-build-windows-amd64-cygwin\jdk8u121\8372\hotspot\src\share\vm\runtime\sharedRuntime.cpp, line 605]

Events (10 events):
Event: 3.091 loading class sbt/plugins
Event: 3.091 loading class sbt/plugins done
Event: 3.092 loading class sbt/plugins/package
Event: 3.092 loading class sbt/plugins/package done
Event: 3.092 loading class sbt/plugins/IvyPlugin
Event: 3.092 loading class sbt/plugins/IvyPlugin done
Event: 3.095 loading class sbt/Plugins$$anonfun$hasAutoImportGetter$1
Event: 3.095 loading class sbt/Plugins$$anonfun$hasAutoImportGetter$1 done
Event: 3.096 loading class sbt/plugins/JvmPlugin
Event: 3.096 loading class sbt/plugins/JvmPlugin done


Dynamic libraries:
0x00007ff6ae090000 - 0x00007ff6ae0c7000 	C:\Program Files\Java\jdk1.8.0_121\bin\java.exe
0x00007ffa544f0000 - 0x00007ffa546b1000 	C:\Windows\SYSTEM32\ntdll.dll
0x00007ffa54380000 - 0x00007ffa5442d000 	C:\Windows\system32\KERNEL32.DLL
0x00007ffa50d00000 - 0x00007ffa50ee8000 	C:\Windows\system32\KERNELBASE.dll
0x00007ffa53b50000 - 0x00007ffa53bf7000 	C:\Windows\system32\ADVAPI32.dll
0x00007ffa53f50000 - 0x00007ffa53fed000 	C:\Windows\system32\msvcrt.dll
0x00007ffa53c60000 - 0x00007ffa53cbb000 	C:\Windows\system32\sechost.dll
0x00007ffa53ff0000 - 0x00007ffa5410c000 	C:\Windows\system32\RPCRT4.dll
0x00007ffa54110000 - 0x00007ffa54266000 	C:\Windows\system32\USER32.dll
0x00007ffa532d0000 - 0x00007ffa53456000 	C:\Windows\system32\GDI32.dll
0x00007ffa44c30000 - 0x00007ffa44ea4000 	C:\Windows\WinSxS\amd64_microsoft.windows.common-controls_6595b64144ccf1df_6.0.10586.0_none_8c15ae12515e1c22\COMCTL32.dll
0x00007ffa53cc0000 - 0x00007ffa53f3d000 	C:\Windows\system32\combase.dll
0x00007ffa50ba0000 - 0x00007ffa50c0a000 	C:\Windows\system32\bcryptPrimitives.dll
0x00007ffa54270000 - 0x00007ffa542ab000 	C:\Windows\system32\IMM32.DLL
0x0000000066090000 - 0x0000000066162000 	C:\Program Files\Java\jdk1.8.0_121\jre\bin\msvcr100.dll
0x0000000061b30000 - 0x00000000623cb000 	C:\Program Files\Java\jdk1.8.0_121\jre\bin\server\jvm.dll
0x00007ffa52fa0000 - 0x00007ffa52fa8000 	C:\Windows\system32\PSAPI.DLL
0x00007ffa439c0000 - 0x00007ffa439c9000 	C:\Windows\SYSTEM32\WSOCK32.dll
0x00007ffa472f0000 - 0x00007ffa472fa000 	C:\Windows\SYSTEM32\VERSION.dll
0x00007ffa53550000 - 0x00007ffa535bb000 	C:\Windows\system32\WS2_32.dll
0x00007ffa4f060000 - 0x00007ffa4f083000 	C:\Windows\SYSTEM32\WINMM.dll
0x0000000001640000 - 0x000000000166c000 	C:\Windows\SYSTEM32\WINMMBASE.dll
0x00007ffa50f10000 - 0x00007ffa50f53000 	C:\Windows\system32\cfgmgr32.dll
0x0000000066080000 - 0x000000006608f000 	C:\Program Files\Java\jdk1.8.0_121\jre\bin\verify.dll
0x0000000066050000 - 0x0000000066079000 	C:\Program Files\Java\jdk1.8.0_121\jre\bin\java.dll
0x0000000066030000 - 0x0000000066046000 	C:\Program Files\Java\jdk1.8.0_121\jre\bin\zip.dll
0x00007ffa51a40000 - 0x00007ffa52f9c000 	C:\Windows\system32\SHELL32.dll
0x00007ffa51020000 - 0x00007ffa51664000 	C:\Windows\system32\windows.storage.dll
0x00007ffa53c00000 - 0x00007ffa53c52000 	C:\Windows\system32\shlwapi.dll
0x00007ffa50b80000 - 0x00007ffa50b8f000 	C:\Windows\system32\kernel.appcore.dll
0x00007ffa50f60000 - 0x00007ffa51015000 	C:\Windows\system32\shcore.dll
0x00007ffa50b30000 - 0x00007ffa50b7b000 	C:\Windows\system32\powrprof.dll
0x00007ffa50b10000 - 0x00007ffa50b24000 	C:\Windows\system32\profapi.dll
0x0000000066010000 - 0x000000006602a000 	C:\Program Files\Java\jdk1.8.0_121\jre\bin\net.dll
0x00007ffa503e0000 - 0x00007ffa5043c000 	C:\Windows\system32\mswsock.dll
0x0000000065ff0000 - 0x0000000066001000 	C:\Program Files\Java\jdk1.8.0_121\jre\bin\nio.dll
0x00007ffa50490000 - 0x00007ffa504a7000 	C:\Windows\SYSTEM32\CRYPTSP.dll
0x00007ffa50120000 - 0x00007ffa50154000 	C:\Windows\system32\rsaenh.dll
0x00007ffa50a40000 - 0x00007ffa50a69000 	C:\Windows\SYSTEM32\bcrypt.dll
0x00007ffa50270000 - 0x00007ffa5028f000 	C:\Windows\SYSTEM32\USERENV.dll
0x00007ffa505b0000 - 0x00007ffa505bb000 	C:\Windows\SYSTEM32\CRYPTBASE.dll
0x00007ffa4d310000 - 0x00007ffa4d348000 	C:\Windows\SYSTEM32\IPHLPAPI.DLL
0x00007ffa53f40000 - 0x00007ffa53f48000 	C:\Windows\system32\NSI.dll
0x00007ffa4a5d0000 - 0x00007ffa4a5e6000 	C:\Windows\SYSTEM32\dhcpcsvc6.DLL
0x00007ffa4a5b0000 - 0x00007ffa4a5ca000 	C:\Windows\SYSTEM32\dhcpcsvc.DLL
0x00007ffa48f30000 - 0x00007ffa48f3a000 	C:\Users\RONALD\AppData\Local\Temp\jansi-64-1-6627123683623482746.11

VM Arguments:
jvm_args: -Xmx512M -XX:MaxPermSize=256m -XX:ReservedCodeCacheSize=128m -Dsbt.log.format=true 
java_command: xsbt.boot.Boot
java_class_path (initial): C:\Program Files (x86)\sbt\bin\sbt-launch.jar
Launcher Type: SUN_STANDARD

Environment Variables:
JAVA_HOME=C:\Program Files\Java\jdk1.8.0_121
CLASSPATH=C:\Users\RONALD\Javalib\antlr-4.7-complete.jar;.;.;C:\Program Files (x86)\QuickTime\QTSystem\QTJava.zip
PATH=C:\Program Files\Java\jdk1.8.0_121\bin;C:\Program Files\Haskell\bin;C:\Program Files\Haskell Platform\8.0.1\lib\extralibs\bin;C:\Program Files\Haskell Platform\8.0.1\bin;C:\ProgramData\Oracle\Java\javapath;C:\Windows\system32;C:\Windows;C:\Windows\System32\Wbem;C:\Windows\System32\WindowsPowerShell\v1.0\;C:\Program Files (x86)\QuickTime\QTSystem\;C:\Program Files\Haskell Platform\8.0.1\mingw\bin;C:\Program Files (x86)\PuTTY\;C:\Program Files\Git\cmd;C:\Program Files (x86)\sbt\bin;C:\Program Files\Java\apache-maven-3.3.9\bin;C:\PostgreSQL\pg96\bin;C:\Program Files (x86)\Windows Kits\8.1\Windows Performance Toolkit\;C:\Program Files\OpenVPN\bin;C:\Users\RONALD\AppData\Local\Programs\Python\Python35-32\Scripts\;C:\Users\RONALD\AppData\Local\Programs\Python\Python35-32\;C:\Users\RONALD\Javalib;C:\Program Files\Java\apache-maven-3.3.9\bin;C:\Users\RONALD\AppData\Roaming\cabal\bin;C:\Users\RONALD\AppData\Roaming\local\bin;C:\Users\RONALD\AppData\Local\atom\bin;"C:\Program Files\Java\jdk1.8.0_121\bin"
USERNAME=RONALD
OS=Windows_NT
PROCESSOR_IDENTIFIER=Intel64 Family 6 Model 58 Stepping 9, GenuineIntel



---------------  S Y S T E M  ---------------

OS: Windows 10.0 , 64 bit Build 10586 (10.0.10586.0)

CPU:total 8 (4 cores per cpu, 2 threads per core) family 6 model 58 stepping 9, cmov, cx8, fxsr, mmx, sse, sse2, sse3, ssse3, sse4.1, sse4.2, popcnt, avx, aes, clmul, erms, ht, tsc, tscinvbit, tscinv

Memory: 4k page, physical 6172896k(243764k free), swap 6172896k(13484k free)

vm_info: Java HotSpot(TM) 64-Bit Server VM (25.121-b13) for windows-amd64 JRE (1.8.0_121-b13), built on Dec 12 2016 18:21:36 by "java_re" with MS VC++ 10.0 (VS2010)

time: Fri Dec 01 17:31:13 2017
elapsed time: 3 seconds (0d 0h 0m 3s)

