#
# There is insufficient memory for the Java Runtime Environment to continue.
# Native memory allocation (malloc) failed to allocate 32744 bytes for ChunkPool::allocate
# Possible reasons:
#   The system is out of physical RAM or swap space
#   In 32 bit mode, the process size limit was hit
# Possible solutions:
#   Reduce memory load on the system
#   Increase physical memory or swap space
#   Check if swap backing store is full
#   Use 64 bit Java on a 64 bit OS
#   Decrease Java heap size (-Xmx/-Xms)
#   Decrease number of Java threads
#   Decrease Java thread stack sizes (-Xss)
#   Set larger code cache with -XX:ReservedCodeCacheSize=
# This output file may be truncated or incomplete.
#
#  Out of Memory Error (allocation.cpp:273), pid=13316, tid=0x0000000000002088
#
# JRE version: Java(TM) SE Runtime Environment (8.0_121-b13) (build 1.8.0_121-b13)
# Java VM: Java HotSpot(TM) 64-Bit Server VM (25.121-b13 mixed mode windows-amd64 compressed oops)
# Failed to write core dump. Minidumps are not enabled by default on client versions of Windows
#

---------------  T H R E A D  ---------------

Current thread (0x000000000f69d000):  JavaThread "C2 CompilerThread0" daemon [_thread_in_native, id=8328, stack(0x000000000fe70000,0x000000000ff70000)]

Stack: [0x000000000fe70000,0x000000000ff70000]
[error occurred during error reporting (printing stack bounds), id 0xc0000005]

Native frames: (J=compiled Java code, j=interpreted, Vv=VM code, C=native code)


Current CompileTask:
C2:   2844  973   !   4       java.net.URLClassLoader$1::run (63 bytes)


---------------  P R O C E S S  ---------------

Java Threads: ( => current thread )
  0x000000000f70c000 JavaThread "Service Thread" daemon [_thread_blocked, id=10204, stack(0x0000000010270000,0x0000000010370000)]
  0x000000000f6a8800 JavaThread "C1 CompilerThread3" daemon [_thread_blocked, id=8540, stack(0x0000000010170000,0x0000000010270000)]
  0x000000000f6a4800 JavaThread "C2 CompilerThread2" daemon [_thread_in_native, id=6564, stack(0x0000000010070000,0x0000000010170000)]
  0x000000000f6a0800 JavaThread "C2 CompilerThread1" daemon [_thread_blocked, id=12244, stack(0x000000000ff70000,0x0000000010070000)]
=>0x000000000f69d000 JavaThread "C2 CompilerThread0" daemon [_thread_in_native, id=8328, stack(0x000000000fe70000,0x000000000ff70000)]
  0x000000000f698000 JavaThread "Unknown thread" [_thread_blocked, id=4620, stack(0x000000000fd70000,0x000000000fe70000)]
  0x000000000f697000 JavaThread "Unknown thread" [_thread_blocked, id=9548, stack(0x000000000fc70000,0x000000000fd70000)]
  0x000000000f690800 JavaThread "Finalizer" daemon [_thread_blocked, id=12992, stack(0x000000000fa70000,0x000000000fb70000)]
  0x00000000030a7000 JavaThread "Reference Handler" daemon [_thread_blocked, id=5508, stack(0x000000000f570000,0x000000000f670000)]
  0x0000000002fb2800 JavaThread "main" [_thread_blocked, id=11252, stack(0x0000000002e10000,0x0000000002f10000)]

Other Threads:
  0x000000000d7a9800 VMThread [stack: 0x000000000f470000,0x000000000f570000] [id=12616]
  0x000000000f755000 WatcherThread [stack: 0x0000000010370000,0x0000000010470000] [id=3556]

VM state:at safepoint (normal execution)

VM Mutex/Monitor currently owned by a thread:  ([mutex/lock_event])
[0x00000000031ad190] Threads_lock - owner thread: 0x000000000d7a9800
[0x00000000031ad810] Heap_lock - owner thread: 0x0000000002fb2800

Heap:
 PSYoungGen      total 28672K, used 4088K [0x00000000f5580000, 0x00000000f7580000, 0x0000000100000000)
  eden space 24576K, 0% used [0x00000000f5580000,0x00000000f5580000,0x00000000f6d80000)
  from space 4096K, 99% used [0x00000000f7180000,0x00000000f757e158,0x00000000f7580000)
  to   space 4096K, 0% used [0x00000000f6d80000,0x00000000f6d80000,0x00000000f7180000)
 ParOldGen       total 65536K, used 6301K [0x00000000e0000000, 0x00000000e4000000, 0x00000000f5580000)
  object space 65536K, 9% used [0x00000000e0000000,0x00000000e0627620,0x00000000e4000000)
 Metaspace       used 20862K, capacity 21202K, committed 21296K, reserved 1067008K
  class space    used 3600K, capacity 3694K, committed 3712K, reserved 1048576K

Card table byte_map: [0x000000000b3b0000,0x000000000b4c0000] byte_map_base: 0x000000000acb0000

Marking Bits: (ParMarkBitMap*) 0x000000006234b6d0
 Begin Bits: [0x000000000bcc0000, 0x000000000c4c0000)
 End Bits:   [0x000000000c4c0000, 0x000000000ccc0000)

Polling page: 0x0000000002f10000

CodeCache: size=131072Kb used=3418Kb max_used=3418Kb free=127653Kb
 bounds [0x00000000031b0000, 0x0000000003510000, 0x000000000b1b0000]
 total_blobs=1494 nmethods=1135 adapters=271
 compilation: enabled

Compilation events (10 events):
Event: 2.820 Thread 0x000000000f6a8800 1129       1       scala.reflect.internal.util.Statistics$::canEnable (5 bytes)
Event: 2.820 Thread 0x000000000f6a8800 nmethod 1129 0x0000000003507bd0 code [0x0000000003507d20, 0x0000000003507e30]
Event: 2.821 Thread 0x000000000f6a8800 1130       3       scala.util.hashing.MurmurHash3::mixLast (17 bytes)
Event: 2.821 Thread 0x000000000f6a8800 nmethod 1130 0x0000000003507e90 code [0x0000000003507fe0, 0x00000000035081b0]
Event: 2.821 Thread 0x000000000f6a8800 1131       1       scala.collection.mutable.HashMap::seedvalue (5 bytes)
Event: 2.821 Thread 0x000000000f6a8800 nmethod 1131 0x0000000003508250 code [0x00000000035083a0, 0x00000000035084b0]
Event: 2.821 Thread 0x000000000f6a8800 1132       1       scala.reflect.internal.pickling.PickleBuffer::readIndex_$eq (6 bytes)
Event: 2.821 Thread 0x000000000f6a8800 nmethod 1132 0x0000000003508510 code [0x0000000003508660, 0x0000000003508770]
Event: 2.821 Thread 0x000000000f6a8800 1133       3       scala.util.hashing.MurmurHash3::mix (19 bytes)
Event: 2.821 Thread 0x000000000f6a8800 nmethod 1133 0x00000000035087d0 code [0x0000000003508940, 0x0000000003508c50]

GC Heap History (6 events):
Event: 1.216 GC heap before
{Heap before GC invocations=1 (full 0):
 PSYoungGen      total 28672K, used 24576K [0x00000000f5580000, 0x00000000f7580000, 0x0000000100000000)
  eden space 24576K, 100% used [0x00000000f5580000,0x00000000f6d80000,0x00000000f6d80000)
  from space 4096K, 0% used [0x00000000f7180000,0x00000000f7180000,0x00000000f7580000)
  to   space 4096K, 0% used [0x00000000f6d80000,0x00000000f6d80000,0x00000000f7180000)
 ParOldGen       total 65536K, used 0K [0x00000000e0000000, 0x00000000e4000000, 0x00000000f5580000)
  object space 65536K, 0% used [0x00000000e0000000,0x00000000e0000000,0x00000000e4000000)
 Metaspace       used 8316K, capacity 8932K, committed 9088K, reserved 1056768K
  class space    used 1221K, capacity 1316K, committed 1408K, reserved 1048576K
Event: 1.221 GC heap after
Heap after GC invocations=1 (full 0):
 PSYoungGen      total 28672K, used 4092K [0x00000000f5580000, 0x00000000f7580000, 0x0000000100000000)
  eden space 24576K, 0% used [0x00000000f5580000,0x00000000f5580000,0x00000000f6d80000)
  from space 4096K, 99% used [0x00000000f6d80000,0x00000000f717f008,0x00000000f7180000)
  to   space 4096K, 0% used [0x00000000f7180000,0x00000000f7180000,0x00000000f7580000)
 ParOldGen       total 65536K, used 599K [0x00000000e0000000, 0x00000000e4000000, 0x00000000f5580000)
  object space 65536K, 0% used [0x00000000e0000000,0x00000000e0095d90,0x00000000e4000000)
 Metaspace       used 8316K, capacity 8932K, committed 9088K, reserved 1056768K
  class space    used 1221K, capacity 1316K, committed 1408K, reserved 1048576K
}
Event: 2.209 GC heap before
{Heap before GC invocations=2 (full 0):
 PSYoungGen      total 28672K, used 28668K [0x00000000f5580000, 0x00000000f7580000, 0x0000000100000000)
  eden space 24576K, 100% used [0x00000000f5580000,0x00000000f6d80000,0x00000000f6d80000)
  from space 4096K, 99% used [0x00000000f6d80000,0x00000000f717f008,0x00000000f7180000)
  to   space 4096K, 0% used [0x00000000f7180000,0x00000000f7180000,0x00000000f7580000)
 ParOldGen       total 65536K, used 599K [0x00000000e0000000, 0x00000000e4000000, 0x00000000f5580000)
  object space 65536K, 0% used [0x00000000e0000000,0x00000000e0095d90,0x00000000e4000000)
 Metaspace       used 13698K, capacity 14048K, committed 14208K, reserved 1060864K
  class space    used 2288K, capacity 2376K, committed 2432K, reserved 1048576K
Event: 2.214 GC heap after
Heap after GC invocations=2 (full 0):
 PSYoungGen      total 28672K, used 4085K [0x00000000f5580000, 0x00000000f7580000, 0x0000000100000000)
  eden space 24576K, 0% used [0x00000000f5580000,0x00000000f5580000,0x00000000f6d80000)
  from space 4096K, 99% used [0x00000000f7180000,0x00000000f757d480,0x00000000f7580000)
  to   space 4096K, 0% used [0x00000000f6d80000,0x00000000f6d80000,0x00000000f7180000)
 ParOldGen       total 65536K, used 2312K [0x00000000e0000000, 0x00000000e4000000, 0x00000000f5580000)
  object space 65536K, 3% used [0x00000000e0000000,0x00000000e0242280,0x00000000e4000000)
 Metaspace       used 13698K, capacity 14048K, committed 14208K, reserved 1060864K
  class space    used 2288K, capacity 2376K, committed 2432K, reserved 1048576K
}
Event: 2.566 GC heap before
{Heap before GC invocations=3 (full 0):
 PSYoungGen      total 28672K, used 28661K [0x00000000f5580000, 0x00000000f7580000, 0x0000000100000000)
  eden space 24576K, 100% used [0x00000000f5580000,0x00000000f6d80000,0x00000000f6d80000)
  from space 4096K, 99% used [0x00000000f7180000,0x00000000f757d480,0x00000000f7580000)
  to   space 4096K, 0% used [0x00000000f6d80000,0x00000000f6d80000,0x00000000f7180000)
 ParOldGen       total 65536K, used 2312K [0x00000000e0000000, 0x00000000e4000000, 0x00000000f5580000)
  object space 65536K, 3% used [0x00000000e0000000,0x00000000e0242280,0x00000000e4000000)
 Metaspace       used 17681K, capacity 18034K, committed 18176K, reserved 1064960K
  class space    used 2956K, capacity 3022K, committed 3072K, reserved 1048576K
Event: 2.571 GC heap after
Heap after GC invocations=3 (full 0):
 PSYoungGen      total 28672K, used 4095K [0x00000000f5580000, 0x00000000f7580000, 0x0000000100000000)
  eden space 24576K, 0% used [0x00000000f5580000,0x00000000f5580000,0x00000000f6d80000)
  from space 4096K, 99% used [0x00000000f6d80000,0x00000000f717fde8,0x00000000f7180000)
  to   space 4096K, 0% used [0x00000000f7180000,0x00000000f7180000,0x00000000f7580000)
 ParOldGen       total 65536K, used 4783K [0x00000000e0000000, 0x00000000e4000000, 0x00000000f5580000)
  object space 65536K, 7% used [0x00000000e0000000,0x00000000e04abd60,0x00000000e4000000)
 Metaspace       used 17681K, capacity 18034K, committed 18176K, reserved 1064960K
  class space    used 2956K, capacity 3022K, committed 3072K, reserved 1048576K
}

Deoptimization events (9 events):
Event: 0.943 Thread 0x0000000002fb2800 Uncommon trap: reason=unstable_if action=reinterpret pc=0x00000000033498ec method=java.lang.String.indexOf([CII[CIII)I @ 3
Event: 1.371 Thread 0x0000000002fb2800 Uncommon trap: reason=unstable_if action=reinterpret pc=0x00000000032e8350 method=java.lang.String.startsWith(Ljava/lang/String;I)Z @ 25
Event: 1.944 Thread 0x0000000002fb2800 Uncommon trap: reason=unstable_if action=reinterpret pc=0x000000000336e848 method=java.net.URI.match(CJJ)Z @ 19
Event: 1.949 Thread 0x0000000002fb2800 Uncommon trap: reason=unstable_if action=reinterpret pc=0x00000000033d3e68 method=java.lang.String.regionMatches(ZILjava/lang/String;II)Z @ 123
Event: 2.022 Thread 0x0000000002fb2800 Uncommon trap: reason=unstable_if action=reinterpret pc=0x0000000003360e40 method=sun.misc.MetaIndex.mayContain(Ljava/lang/String;)Z @ 38
Event: 2.029 Thread 0x0000000002fb2800 Uncommon trap: reason=unstable_if action=reinterpret pc=0x0000000003339128 method=sun.misc.MetaIndex.mayContain(Ljava/lang/String;)Z @ 38
Event: 2.303 Thread 0x0000000002fb2800 Uncommon trap: reason=unstable_if action=reinterpret pc=0x00000000034af470 method=java.util.regex.Pattern$BmpCharProperty.match(Ljava/util/regex/Matcher;ILjava/lang/CharSequence;)Z @ 5
Event: 2.767 Thread 0x0000000002fb2800 Uncommon trap: reason=unstable_if action=reinterpret pc=0x00000000033d5c6c method=java.util.HashMap.getNode(ILjava/lang/Object;)Ljava/util/HashMap$Node; @ 62
Event: 2.768 Thread 0x0000000002fb2800 Uncommon trap: reason=unstable_if action=reinterpret pc=0x00000000033d1938 method=java.util.HashMap.getNode(ILjava/lang/Object;)Ljava/util/HashMap$Node; @ 62

Internal exceptions (10 events):
Event: 0.375 Thread 0x0000000002fb2800 Exception <a 'java/security/PrivilegedActionException'> (0x00000000f59033a0) thrown at [C:\re\workspace\8-2-build-windows-amd64-cygwin\jdk8u121\8372\hotspot\src\share\vm\prims\jvm.cpp, line 1390]
Event: 0.375 Thread 0x0000000002fb2800 Exception <a 'java/security/PrivilegedActionException'> (0x00000000f59072b0) thrown at [C:\re\workspace\8-2-build-windows-amd64-cygwin\jdk8u121\8372\hotspot\src\share\vm\prims\jvm.cpp, line 1390]
Event: 0.375 Thread 0x0000000002fb2800 Exception <a 'java/security/PrivilegedActionException'> (0x00000000f59074c0) thrown at [C:\re\workspace\8-2-build-windows-amd64-cygwin\jdk8u121\8372\hotspot\src\share\vm\prims\jvm.cpp, line 1390]
Event: 1.952 Thread 0x0000000002fb2800 Exception <a 'java/io/FileNotFoundException'> (0x00000000f5eaec38) thrown at [C:\re\workspace\8-2-build-windows-amd64-cygwin\jdk8u121\8372\hotspot\src\share\vm\prims\jni.cpp, line 709]
Event: 2.347 Thread 0x0000000002fb2800 Exception <a 'java/lang/ClassNotFoundException': com/sun/tools/javac/api/JavacTool> (0x00000000f5f71ab0) thrown at [C:\re\workspace\8-2-build-windows-amd64-cygwin\jdk8u121\8372\hotspot\src\share\vm\classfile\systemDictionary.cpp, line 210]
Event: 2.805 Thread 0x0000000002fb2800 Exception <a 'java/lang/ClassNotFoundException': <root>/package> (0x00000000f5ffcb60) thrown at [C:\re\workspace\8-2-build-windows-amd64-cygwin\jdk8u121\8372\hotspot\src\share\vm\classfile\systemDictionary.cpp, line 210]
Event: 2.811 Thread 0x0000000002fb2800 Exception <a 'java/lang/ClassNotFoundException': <root>/java> (0x00000000f6013c00) thrown at [C:\re\workspace\8-2-build-windows-amd64-cygwin\jdk8u121\8372\hotspot\src\share\vm\classfile\systemDictionary.cpp, line 210]
Event: 2.811 Thread 0x0000000002fb2800 Exception <a 'java/lang/ClassNotFoundException': java/package> (0x00000000f6014940) thrown at [C:\re\workspace\8-2-build-windows-amd64-cygwin\jdk8u121\8372\hotspot\src\share\vm\classfile\systemDictionary.cpp, line 210]
Event: 2.811 Thread 0x0000000002fb2800 Exception <a 'java/lang/ClassNotFoundException': java/lang> (0x00000000f6015298) thrown at [C:\re\workspace\8-2-build-windows-amd64-cygwin\jdk8u121\8372\hotspot\src\share\vm\classfile\systemDictionary.cpp, line 210]
Event: 2.811 Thread 0x0000000002fb2800 Exception <a 'java/lang/ClassNotFoundException': java/lang/package> (0x00000000f6016300) thrown at [C:\re\workspace\8-2-build-windows-amd64-cygwin\jdk8u121\8372\hotspot\src\share\vm\classfile\systemDictionary.cpp, line 210]

Events (10 events):
Event: 2.809 Thread 0x0000000002fb2800 DEOPT PACKING pc=0x0000000003360692 sp=0x0000000002f0aa60
Event: 2.809 Thread 0x0000000002fb2800 DEOPT UNPACKING pc=0x00000000031f787f sp=0x0000000002f0a780 mode 0
Event: 2.811 loading class <root>/java
Event: 2.811 loading class <root>/java done
Event: 2.811 loading class java/package
Event: 2.811 loading class java/package done
Event: 2.811 loading class java/lang
Event: 2.811 loading class java/lang done
Event: 2.811 loading class java/lang/package
Event: 2.811 loading class java/lang/package done


Dynamic libraries:
0x00007ff73e6b0000 - 0x00007ff73e6e7000 	C:\Program Files\Java\jdk1.8.0_121\bin\java.exe
0x00007ffa544f0000 - 0x00007ffa546b1000 	C:\Windows\SYSTEM32\ntdll.dll
0x00007ffa54380000 - 0x00007ffa5442d000 	C:\Windows\system32\KERNEL32.DLL
0x00007ffa50d00000 - 0x00007ffa50ee8000 	C:\Windows\system32\KERNELBASE.dll
0x00007ffa53b50000 - 0x00007ffa53bf7000 	C:\Windows\system32\ADVAPI32.dll
0x00007ffa53f50000 - 0x00007ffa53fed000 	C:\Windows\system32\msvcrt.dll
0x00007ffa53c60000 - 0x00007ffa53cbb000 	C:\Windows\system32\sechost.dll
0x00007ffa53ff0000 - 0x00007ffa5410c000 	C:\Windows\system32\RPCRT4.dll
0x00007ffa54110000 - 0x00007ffa54266000 	C:\Windows\system32\USER32.dll
0x00007ffa532d0000 - 0x00007ffa53456000 	C:\Windows\system32\GDI32.dll
0x00007ffa44c30000 - 0x00007ffa44ea4000 	C:\Windows\WinSxS\amd64_microsoft.windows.common-controls_6595b64144ccf1df_6.0.10586.0_none_8c15ae12515e1c22\COMCTL32.dll
0x00007ffa53cc0000 - 0x00007ffa53f3d000 	C:\Windows\system32\combase.dll
0x00007ffa50ba0000 - 0x00007ffa50c0a000 	C:\Windows\system32\bcryptPrimitives.dll
0x00007ffa54270000 - 0x00007ffa542ab000 	C:\Windows\system32\IMM32.DLL
0x0000000066090000 - 0x0000000066162000 	C:\Program Files\Java\jdk1.8.0_121\jre\bin\msvcr100.dll
0x0000000061b30000 - 0x00000000623cb000 	C:\Program Files\Java\jdk1.8.0_121\jre\bin\server\jvm.dll
0x00007ffa52fa0000 - 0x00007ffa52fa8000 	C:\Windows\system32\PSAPI.DLL
0x00007ffa439c0000 - 0x00007ffa439c9000 	C:\Windows\SYSTEM32\WSOCK32.dll
0x00007ffa53550000 - 0x00007ffa535bb000 	C:\Windows\system32\WS2_32.dll
0x00007ffa4f060000 - 0x00007ffa4f083000 	C:\Windows\SYSTEM32\WINMM.dll
0x00007ffa472f0000 - 0x00007ffa472fa000 	C:\Windows\SYSTEM32\VERSION.dll
0x0000000001280000 - 0x00000000012ac000 	C:\Windows\SYSTEM32\WINMMBASE.dll
0x00007ffa50f10000 - 0x00007ffa50f53000 	C:\Windows\system32\cfgmgr32.dll
0x0000000066080000 - 0x000000006608f000 	C:\Program Files\Java\jdk1.8.0_121\jre\bin\verify.dll
0x0000000066050000 - 0x0000000066079000 	C:\Program Files\Java\jdk1.8.0_121\jre\bin\java.dll
0x0000000066030000 - 0x0000000066046000 	C:\Program Files\Java\jdk1.8.0_121\jre\bin\zip.dll
0x00007ffa51a40000 - 0x00007ffa52f9c000 	C:\Windows\system32\SHELL32.dll
0x00007ffa51020000 - 0x00007ffa51664000 	C:\Windows\system32\windows.storage.dll
0x00007ffa53c00000 - 0x00007ffa53c52000 	C:\Windows\system32\shlwapi.dll
0x00007ffa50b80000 - 0x00007ffa50b8f000 	C:\Windows\system32\kernel.appcore.dll
0x00007ffa50f60000 - 0x00007ffa51015000 	C:\Windows\system32\shcore.dll
0x00007ffa50b30000 - 0x00007ffa50b7b000 	C:\Windows\system32\powrprof.dll
0x00007ffa50b10000 - 0x00007ffa50b24000 	C:\Windows\system32\profapi.dll
0x0000000066010000 - 0x000000006602a000 	C:\Program Files\Java\jdk1.8.0_121\jre\bin\net.dll
0x00007ffa503e0000 - 0x00007ffa5043c000 	C:\Windows\system32\mswsock.dll
0x0000000065ff0000 - 0x0000000066001000 	C:\Program Files\Java\jdk1.8.0_121\jre\bin\nio.dll
0x00007ffa50490000 - 0x00007ffa504a7000 	C:\Windows\SYSTEM32\CRYPTSP.dll
0x00007ffa50120000 - 0x00007ffa50154000 	C:\Windows\system32\rsaenh.dll
0x00007ffa50a40000 - 0x00007ffa50a69000 	C:\Windows\SYSTEM32\bcrypt.dll
0x00007ffa50270000 - 0x00007ffa5028f000 	C:\Windows\SYSTEM32\USERENV.dll
0x00007ffa505b0000 - 0x00007ffa505bb000 	C:\Windows\SYSTEM32\CRYPTBASE.dll
0x00007ffa4d310000 - 0x00007ffa4d348000 	C:\Windows\SYSTEM32\IPHLPAPI.DLL
0x00007ffa53f40000 - 0x00007ffa53f48000 	C:\Windows\system32\NSI.dll
0x00007ffa4a5d0000 - 0x00007ffa4a5e6000 	C:\Windows\SYSTEM32\dhcpcsvc6.DLL
0x00007ffa4a5b0000 - 0x00007ffa4a5ca000 	C:\Windows\SYSTEM32\dhcpcsvc.DLL
0x00007ffa48f30000 - 0x00007ffa48f3a000 	C:\Users\RONALD\AppData\Local\Temp\jansi-64-1-6899213385380839811.11

VM Arguments:
jvm_args: -Xmx512M -XX:MaxPermSize=256m -XX:ReservedCodeCacheSize=128m -Dsbt.log.format=true 
java_command: xsbt.boot.Boot
java_class_path (initial): C:\Program Files (x86)\sbt\bin\sbt-launch.jar
Launcher Type: SUN_STANDARD

Environment Variables:
JAVA_HOME=C:\Program Files\Java\jdk1.8.0_121
CLASSPATH=C:\Users\RONALD\Javalib\antlr-4.7-complete.jar;.;.;C:\Program Files (x86)\QuickTime\QTSystem\QTJava.zip
PATH=C:\Program Files\Java\jdk1.8.0_121\bin;C:\Program Files\Haskell\bin;C:\Program Files\Haskell Platform\8.0.1\lib\extralibs\bin;C:\Program Files\Haskell Platform\8.0.1\bin;C:\ProgramData\Oracle\Java\javapath;C:\Windows\system32;C:\Windows;C:\Windows\System32\Wbem;C:\Windows\System32\WindowsPowerShell\v1.0\;C:\Program Files (x86)\QuickTime\QTSystem\;C:\Program Files\Haskell Platform\8.0.1\mingw\bin;C:\Program Files (x86)\PuTTY\;C:\Program Files\Git\cmd;C:\Program Files (x86)\sbt\bin;C:\Program Files\Java\apache-maven-3.3.9\bin;C:\PostgreSQL\pg96\bin;C:\Program Files (x86)\Windows Kits\8.1\Windows Performance Toolkit\;C:\Program Files\OpenVPN\bin;C:\Users\RONALD\AppData\Local\Programs\Python\Python35-32\Scripts\;C:\Users\RONALD\AppData\Local\Programs\Python\Python35-32\;C:\Users\RONALD\Javalib;C:\Program Files\Java\apache-maven-3.3.9\bin;C:\Users\RONALD\AppData\Roaming\cabal\bin;C:\Users\RONALD\AppData\Roaming\local\bin;C:\Users\RONALD\AppData\Local\atom\bin;"C:\Program Files\Java\jdk1.8.0_121\bin"
USERNAME=RONALD
OS=Windows_NT
PROCESSOR_IDENTIFIER=Intel64 Family 6 Model 58 Stepping 9, GenuineIntel



---------------  S Y S T E M  ---------------

OS: Windows 10.0 , 64 bit Build 10586 (10.0.10586.0)

CPU:total 8 (4 cores per cpu, 2 threads per core) family 6 model 58 stepping 9, cmov, cx8, fxsr, mmx, sse, sse2, sse3, ssse3, sse4.1, sse4.2, popcnt, avx, aes, clmul, erms, ht, tsc, tscinvbit, tscinv

Memory: 4k page, physical 6172896k(286724k free), swap 6172896k(4108k free)

vm_info: Java HotSpot(TM) 64-Bit Server VM (25.121-b13) for windows-amd64 JRE (1.8.0_121-b13), built on Dec 12 2016 18:21:36 by "java_re" with MS VC++ 10.0 (VS2010)

time: Fri Dec 01 17:33:14 2017
elapsed time: 2 seconds (0d 0h 0m 2s)

