#
# There is insufficient memory for the Java Runtime Environment to continue.
# Native memory allocation (malloc) failed to allocate 769616 bytes for Chunk::new
# Possible reasons:
#   The system is out of physical RAM or swap space
#   In 32 bit mode, the process size limit was hit
# Possible solutions:
#   Reduce memory load on the system
#   Increase physical memory or swap space
#   Check if swap backing store is full
#   Use 64 bit Java on a 64 bit OS
#   Decrease Java heap size (-Xmx/-Xms)
#   Decrease number of Java threads
#   Decrease Java thread stack sizes (-Xss)
#   Set larger code cache with -XX:ReservedCodeCacheSize=
# This output file may be truncated or incomplete.
#
#  Out of Memory Error (allocation.cpp:390), pid=6832, tid=0x0000000000000fe8
#
# JRE version: Java(TM) SE Runtime Environment (8.0_121-b13) (build 1.8.0_121-b13)
# Java VM: Java HotSpot(TM) 64-Bit Server VM (25.121-b13 mixed mode windows-amd64 compressed oops)
# Failed to write core dump. Minidumps are not enabled by default on client versions of Windows
#

---------------  T H R E A D  ---------------

Current thread (0x000000000ea32800):  JavaThread "C2 CompilerThread2" daemon [_thread_in_native, id=4072, stack(0x000000000f400000,0x000000000f500000)]

Stack: [0x000000000f400000,0x000000000f500000]
[error occurred during error reporting (printing stack bounds), id 0xc0000005]

Native frames: (J=compiled Java code, j=interpreted, Vv=VM code, C=native code)


Current CompileTask:
C2:   2763  983   !   4       java.net.URLClassLoader$1::run (63 bytes)


---------------  P R O C E S S  ---------------

Java Threads: ( => current thread )
  0x000000000ea86000 JavaThread "Service Thread" daemon [_thread_blocked, id=3896, stack(0x000000000f600000,0x000000000f700000)]
  0x000000000ea38800 JavaThread "C1 CompilerThread3" daemon [_thread_in_native, id=708, stack(0x000000000f500000,0x000000000f600000)]
=>0x000000000ea32800 JavaThread "C2 CompilerThread2" daemon [_thread_in_native, id=4072, stack(0x000000000f400000,0x000000000f500000)]
  0x000000000ea30800 JavaThread "C2 CompilerThread1" daemon [_thread_blocked, id=5172, stack(0x000000000f300000,0x000000000f400000)]
  0x000000000ea2d000 JavaThread "C2 CompilerThread0" daemon [_thread_in_native, id=12708, stack(0x000000000f200000,0x000000000f300000)]
  0x000000000ea28000 JavaThread "Attach Listener" daemon [_thread_blocked, id=864, stack(0x000000000f100000,0x000000000f200000)]
  0x000000000ea27000 JavaThread "Signal Dispatcher" daemon [_thread_blocked, id=12668, stack(0x000000000f000000,0x000000000f100000)]
  0x000000000ea20800 JavaThread "Finalizer" daemon [_thread_blocked, id=6716, stack(0x000000000ee00000,0x000000000ef00000)]
  0x0000000002467000 JavaThread "Reference Handler" daemon [_thread_blocked, id=3968, stack(0x000000000e900000,0x000000000ea00000)]
  0x0000000002372800 JavaThread "main" [_thread_in_Java, id=1140, stack(0x0000000002210000,0x0000000002310000)]

Other Threads:
  0x000000000cb19800 VMThread [stack: 0x000000000e800000,0x000000000e900000] [id=3944]
  0x000000000eadf000 WatcherThread [stack: 0x000000000f700000,0x000000000f800000] [id=14160]

VM state:not at safepoint (normal execution)

VM Mutex/Monitor currently owned by a thread: None

Heap:
 PSYoungGen      total 28672K, used 13837K [0x00000000f5580000, 0x00000000f7580000, 0x0000000100000000)
  eden space 24576K, 39% used [0x00000000f5580000,0x00000000f5f04e98,0x00000000f6d80000)
  from space 4096K, 99% used [0x00000000f6d80000,0x00000000f717e798,0x00000000f7180000)
  to   space 4096K, 0% used [0x00000000f7180000,0x00000000f7180000,0x00000000f7580000)
 ParOldGen       total 65536K, used 4817K [0x00000000e0000000, 0x00000000e4000000, 0x00000000f5580000)
  object space 65536K, 7% used [0x00000000e0000000,0x00000000e04b4588,0x00000000e4000000)
 Metaspace       used 20292K, capacity 20658K, committed 20864K, reserved 1067008K
  class space    used 3510K, capacity 3598K, committed 3712K, reserved 1048576K

Card table byte_map: [0x000000000a670000,0x000000000a780000] byte_map_base: 0x0000000009f70000

Marking Bits: (ParMarkBitMap*) 0x000000006234b6d0
 Begin Bits: [0x000000000b030000, 0x000000000b830000)
 End Bits:   [0x000000000b830000, 0x000000000c030000)

Polling page: 0x0000000000510000

CodeCache: size=131072Kb used=3262Kb max_used=3262Kb free=127809Kb
 bounds [0x0000000002470000, 0x00000000027b0000, 0x000000000a470000]
 total_blobs=1387 nmethods=1031 adapters=267
 compilation: enabled

Compilation events (10 events):
Event: 2.701 Thread 0x000000000ea38800 1012       3       scala.collection.immutable.HashSet::$plus (6 bytes)
Event: 2.701 Thread 0x000000000ea38800 nmethod 1012 0x000000000279a3d0 code [0x000000000279a560, 0x000000000279ab88]
Event: 2.747 Thread 0x000000000ea38800 1020       3       scala.reflect.internal.Names$TermName::scala$reflect$internal$Names$TermName$$$outer (8 bytes)
Event: 2.747 Thread 0x000000000ea38800 nmethod 1020 0x000000000279db90 code [0x000000000279dd00, 0x000000000279df50]
Event: 2.748 Thread 0x000000000ea38800 1021       1       scala.reflect.internal.Symbols$Symbol::scala$reflect$internal$Symbols$Symbol$$$outer (5 bytes)
Event: 2.748 Thread 0x000000000ea38800 nmethod 1021 0x000000000279dfd0 code [0x000000000279e120, 0x000000000279e230]
Event: 2.752 Thread 0x000000000ea38800 1022       3       java.lang.Long::<init> (10 bytes)
Event: 2.752 Thread 0x000000000ea38800 nmethod 1022 0x000000000279e290 code [0x000000000279e400, 0x000000000279e610]
Event: 2.752 Thread 0x000000000ea38800 1023       1       scala.collection.mutable.ArrayOps$ofRef::repr (5 bytes)
Event: 2.753 Thread 0x000000000ea38800 nmethod 1023 0x000000000279e710 code [0x000000000279e860, 0x000000000279e970]

GC Heap History (6 events):
Event: 1.211 GC heap before
{Heap before GC invocations=1 (full 0):
 PSYoungGen      total 28672K, used 24576K [0x00000000f5580000, 0x00000000f7580000, 0x0000000100000000)
  eden space 24576K, 100% used [0x00000000f5580000,0x00000000f6d80000,0x00000000f6d80000)
  from space 4096K, 0% used [0x00000000f7180000,0x00000000f7180000,0x00000000f7580000)
  to   space 4096K, 0% used [0x00000000f6d80000,0x00000000f6d80000,0x00000000f7180000)
 ParOldGen       total 65536K, used 0K [0x00000000e0000000, 0x00000000e4000000, 0x00000000f5580000)
  object space 65536K, 0% used [0x00000000e0000000,0x00000000e0000000,0x00000000e4000000)
 Metaspace       used 8325K, capacity 8964K, committed 9088K, reserved 1056768K
  class space    used 1223K, capacity 1348K, committed 1408K, reserved 1048576K
Event: 1.215 GC heap after
Heap after GC invocations=1 (full 0):
 PSYoungGen      total 28672K, used 4075K [0x00000000f5580000, 0x00000000f7580000, 0x0000000100000000)
  eden space 24576K, 0% used [0x00000000f5580000,0x00000000f5580000,0x00000000f6d80000)
  from space 4096K, 99% used [0x00000000f6d80000,0x00000000f717aff8,0x00000000f7180000)
  to   space 4096K, 0% used [0x00000000f7180000,0x00000000f7180000,0x00000000f7580000)
 ParOldGen       total 65536K, used 617K [0x00000000e0000000, 0x00000000e4000000, 0x00000000f5580000)
  object space 65536K, 0% used [0x00000000e0000000,0x00000000e009a5b0,0x00000000e4000000)
 Metaspace       used 8325K, capacity 8964K, committed 9088K, reserved 1056768K
  class space    used 1223K, capacity 1348K, committed 1408K, reserved 1048576K
}
Event: 2.219 GC heap before
{Heap before GC invocations=2 (full 0):
 PSYoungGen      total 28672K, used 28651K [0x00000000f5580000, 0x00000000f7580000, 0x0000000100000000)
  eden space 24576K, 100% used [0x00000000f5580000,0x00000000f6d80000,0x00000000f6d80000)
  from space 4096K, 99% used [0x00000000f6d80000,0x00000000f717aff8,0x00000000f7180000)
  to   space 4096K, 0% used [0x00000000f7180000,0x00000000f7180000,0x00000000f7580000)
 ParOldGen       total 65536K, used 617K [0x00000000e0000000, 0x00000000e4000000, 0x00000000f5580000)
  object space 65536K, 0% used [0x00000000e0000000,0x00000000e009a5b0,0x00000000e4000000)
 Metaspace       used 13699K, capacity 14048K, committed 14208K, reserved 1060864K
  class space    used 2288K, capacity 2376K, committed 2432K, reserved 1048576K
Event: 2.223 GC heap after
Heap after GC invocations=2 (full 0):
 PSYoungGen      total 28672K, used 4077K [0x00000000f5580000, 0x00000000f7580000, 0x0000000100000000)
  eden space 24576K, 0% used [0x00000000f5580000,0x00000000f5580000,0x00000000f6d80000)
  from space 4096K, 99% used [0x00000000f7180000,0x00000000f757b690,0x00000000f7580000)
  to   space 4096K, 0% used [0x00000000f6d80000,0x00000000f6d80000,0x00000000f7180000)
 ParOldGen       total 65536K, used 2358K [0x00000000e0000000, 0x00000000e4000000, 0x00000000f5580000)
  object space 65536K, 3% used [0x00000000e0000000,0x00000000e024d878,0x00000000e4000000)
 Metaspace       used 13699K, capacity 14048K, committed 14208K, reserved 1060864K
  class space    used 2288K, capacity 2376K, committed 2432K, reserved 1048576K
}
Event: 2.581 GC heap before
{Heap before GC invocations=3 (full 0):
 PSYoungGen      total 28672K, used 28653K [0x00000000f5580000, 0x00000000f7580000, 0x0000000100000000)
  eden space 24576K, 100% used [0x00000000f5580000,0x00000000f6d80000,0x00000000f6d80000)
  from space 4096K, 99% used [0x00000000f7180000,0x00000000f757b690,0x00000000f7580000)
  to   space 4096K, 0% used [0x00000000f6d80000,0x00000000f6d80000,0x00000000f7180000)
 ParOldGen       total 65536K, used 2358K [0x00000000e0000000, 0x00000000e4000000, 0x00000000f5580000)
  object space 65536K, 3% used [0x00000000e0000000,0x00000000e024d878,0x00000000e4000000)
 Metaspace       used 17699K, capacity 18098K, committed 18176K, reserved 1064960K
  class space    used 2956K, capacity 3022K, committed 3072K, reserved 1048576K
Event: 2.586 GC heap after
Heap after GC invocations=3 (full 0):
 PSYoungGen      total 28672K, used 4089K [0x00000000f5580000, 0x00000000f7580000, 0x0000000100000000)
  eden space 24576K, 0% used [0x00000000f5580000,0x00000000f5580000,0x00000000f6d80000)
  from space 4096K, 99% used [0x00000000f6d80000,0x00000000f717e798,0x00000000f7180000)
  to   space 4096K, 0% used [0x00000000f7180000,0x00000000f7180000,0x00000000f7580000)
 ParOldGen       total 65536K, used 4817K [0x00000000e0000000, 0x00000000e4000000, 0x00000000f5580000)
  object space 65536K, 7% used [0x00000000e0000000,0x00000000e04b4588,0x00000000e4000000)
 Metaspace       used 17699K, capacity 18098K, committed 18176K, reserved 1064960K
  class space    used 2956K, capacity 3022K, committed 3072K, reserved 1048576K
}

Deoptimization events (7 events):
Event: 0.929 Thread 0x0000000002372800 Uncommon trap: reason=unstable_if action=reinterpret pc=0x000000000260662c method=java.lang.String.indexOf([CII[CIII)I @ 3
Event: 1.370 Thread 0x0000000002372800 Uncommon trap: reason=unstable_if action=reinterpret pc=0x00000000025a8590 method=java.lang.String.startsWith(Ljava/lang/String;I)Z @ 25
Event: 1.959 Thread 0x0000000002372800 Uncommon trap: reason=unstable_if action=reinterpret pc=0x0000000002627d08 method=java.net.URI.match(CJJ)Z @ 19
Event: 1.964 Thread 0x0000000002372800 Uncommon trap: reason=unstable_if action=reinterpret pc=0x0000000002695868 method=java.lang.String.regionMatches(ZILjava/lang/String;II)Z @ 123
Event: 2.036 Thread 0x0000000002372800 Uncommon trap: reason=unstable_if action=reinterpret pc=0x0000000002620280 method=sun.misc.MetaIndex.mayContain(Ljava/lang/String;)Z @ 38
Event: 2.044 Thread 0x0000000002372800 Uncommon trap: reason=unstable_if action=reinterpret pc=0x00000000025f90a8 method=sun.misc.MetaIndex.mayContain(Ljava/lang/String;)Z @ 38
Event: 2.313 Thread 0x0000000002372800 Uncommon trap: reason=unstable_if action=reinterpret pc=0x000000000276c630 method=java.util.regex.Pattern$BmpCharProperty.match(Ljava/util/regex/Matcher;ILjava/lang/CharSequence;)Z @ 5

Internal exceptions (8 events):
Event: 0.125 Thread 0x0000000002372800 Exception <a 'java/lang/NoSuchMethodError': Method sun.misc.Unsafe.defineClass(Ljava/lang/String;[BII)Ljava/lang/Class; name or signature does not match> (0x00000000f5587ca8) thrown at [C:\re\workspace\8-2-build-windows-amd64-cygwin\jdk8u121\8372\hotspot\
Event: 0.125 Thread 0x0000000002372800 Exception <a 'java/lang/NoSuchMethodError': Method sun.misc.Unsafe.prefetchRead(Ljava/lang/Object;J)V name or signature does not match> (0x00000000f5587f90) thrown at [C:\re\workspace\8-2-build-windows-amd64-cygwin\jdk8u121\8372\hotspot\src\share\vm\prims
Event: 0.362 Thread 0x0000000002372800 Exception <a 'java/security/PrivilegedActionException'> (0x00000000f5903100) thrown at [C:\re\workspace\8-2-build-windows-amd64-cygwin\jdk8u121\8372\hotspot\src\share\vm\prims\jvm.cpp, line 1390]
Event: 0.362 Thread 0x0000000002372800 Exception <a 'java/security/PrivilegedActionException'> (0x00000000f5903310) thrown at [C:\re\workspace\8-2-build-windows-amd64-cygwin\jdk8u121\8372\hotspot\src\share\vm\prims\jvm.cpp, line 1390]
Event: 0.362 Thread 0x0000000002372800 Exception <a 'java/security/PrivilegedActionException'> (0x00000000f5907220) thrown at [C:\re\workspace\8-2-build-windows-amd64-cygwin\jdk8u121\8372\hotspot\src\share\vm\prims\jvm.cpp, line 1390]
Event: 0.362 Thread 0x0000000002372800 Exception <a 'java/security/PrivilegedActionException'> (0x00000000f5907430) thrown at [C:\re\workspace\8-2-build-windows-amd64-cygwin\jdk8u121\8372\hotspot\src\share\vm\prims\jvm.cpp, line 1390]
Event: 1.967 Thread 0x0000000002372800 Exception <a 'java/io/FileNotFoundException'> (0x00000000f5eab7f8) thrown at [C:\re\workspace\8-2-build-windows-amd64-cygwin\jdk8u121\8372\hotspot\src\share\vm\prims\jni.cpp, line 709]
Event: 2.359 Thread 0x0000000002372800 Exception <a 'java/lang/ClassNotFoundException': com/sun/tools/javac/api/JavacTool> (0x00000000f5f6e8e0) thrown at [C:\re\workspace\8-2-build-windows-amd64-cygwin\jdk8u121\8372\hotspot\src\share\vm\classfile\systemDictionary.cpp, line 210]

Events (10 events):
Event: 2.724 loading class java/util/regex/Pattern$Dollar
Event: 2.724 loading class java/util/regex/Pattern$Dollar done
Event: 2.743 loading class <root>/package
Event: 2.743 loading class <root>/package done
Event: 2.746 loading class <root>/scala
Event: 2.746 loading class <root>/scala done
Event: 2.747 loading class scala
Event: 2.747 loading class scala done
Event: 2.752 loading class java/lang/Long$LongCache
Event: 2.752 loading class java/lang/Long$LongCache done


Dynamic libraries:
0x00007ff66a720000 - 0x00007ff66a757000 	C:\Program Files\Java\jdk1.8.0_121\bin\java.exe
0x00007ffa544f0000 - 0x00007ffa546b1000 	C:\Windows\SYSTEM32\ntdll.dll
0x00007ffa54380000 - 0x00007ffa5442d000 	C:\Windows\system32\KERNEL32.DLL
0x00007ffa50d00000 - 0x00007ffa50ee8000 	C:\Windows\system32\KERNELBASE.dll
0x00007ffa53b50000 - 0x00007ffa53bf7000 	C:\Windows\system32\ADVAPI32.dll
0x00007ffa53f50000 - 0x00007ffa53fed000 	C:\Windows\system32\msvcrt.dll
0x00007ffa53c60000 - 0x00007ffa53cbb000 	C:\Windows\system32\sechost.dll
0x00007ffa53ff0000 - 0x00007ffa5410c000 	C:\Windows\system32\RPCRT4.dll
0x00007ffa54110000 - 0x00007ffa54266000 	C:\Windows\system32\USER32.dll
0x00007ffa532d0000 - 0x00007ffa53456000 	C:\Windows\system32\GDI32.dll
0x00007ffa44c30000 - 0x00007ffa44ea4000 	C:\Windows\WinSxS\amd64_microsoft.windows.common-controls_6595b64144ccf1df_6.0.10586.0_none_8c15ae12515e1c22\COMCTL32.dll
0x00007ffa53cc0000 - 0x00007ffa53f3d000 	C:\Windows\system32\combase.dll
0x00007ffa50ba0000 - 0x00007ffa50c0a000 	C:\Windows\system32\bcryptPrimitives.dll
0x00007ffa54270000 - 0x00007ffa542ab000 	C:\Windows\system32\IMM32.DLL
0x0000000066090000 - 0x0000000066162000 	C:\Program Files\Java\jdk1.8.0_121\jre\bin\msvcr100.dll
0x0000000061b30000 - 0x00000000623cb000 	C:\Program Files\Java\jdk1.8.0_121\jre\bin\server\jvm.dll
0x00007ffa52fa0000 - 0x00007ffa52fa8000 	C:\Windows\system32\PSAPI.DLL
0x00007ffa439c0000 - 0x00007ffa439c9000 	C:\Windows\SYSTEM32\WSOCK32.dll
0x00007ffa53550000 - 0x00007ffa535bb000 	C:\Windows\system32\WS2_32.dll
0x00007ffa4f060000 - 0x00007ffa4f083000 	C:\Windows\SYSTEM32\WINMM.dll
0x00007ffa472f0000 - 0x00007ffa472fa000 	C:\Windows\SYSTEM32\VERSION.dll
0x00007ffa4f030000 - 0x00007ffa4f05c000 	C:\Windows\SYSTEM32\WINMMBASE.dll
0x00007ffa50f10000 - 0x00007ffa50f53000 	C:\Windows\system32\cfgmgr32.dll
0x0000000066080000 - 0x000000006608f000 	C:\Program Files\Java\jdk1.8.0_121\jre\bin\verify.dll
0x0000000066050000 - 0x0000000066079000 	C:\Program Files\Java\jdk1.8.0_121\jre\bin\java.dll
0x0000000066030000 - 0x0000000066046000 	C:\Program Files\Java\jdk1.8.0_121\jre\bin\zip.dll
0x00007ffa51a40000 - 0x00007ffa52f9c000 	C:\Windows\system32\SHELL32.dll
0x00007ffa51020000 - 0x00007ffa51664000 	C:\Windows\system32\windows.storage.dll
0x00007ffa53c00000 - 0x00007ffa53c52000 	C:\Windows\system32\shlwapi.dll
0x00007ffa50b80000 - 0x00007ffa50b8f000 	C:\Windows\system32\kernel.appcore.dll
0x00007ffa50f60000 - 0x00007ffa51015000 	C:\Windows\system32\shcore.dll
0x00007ffa50b30000 - 0x00007ffa50b7b000 	C:\Windows\system32\powrprof.dll
0x00007ffa50b10000 - 0x00007ffa50b24000 	C:\Windows\system32\profapi.dll
0x0000000066010000 - 0x000000006602a000 	C:\Program Files\Java\jdk1.8.0_121\jre\bin\net.dll
0x00007ffa503e0000 - 0x00007ffa5043c000 	C:\Windows\system32\mswsock.dll
0x0000000065ff0000 - 0x0000000066001000 	C:\Program Files\Java\jdk1.8.0_121\jre\bin\nio.dll
0x00007ffa50490000 - 0x00007ffa504a7000 	C:\Windows\SYSTEM32\CRYPTSP.dll
0x00007ffa50120000 - 0x00007ffa50154000 	C:\Windows\system32\rsaenh.dll
0x00007ffa50a40000 - 0x00007ffa50a69000 	C:\Windows\SYSTEM32\bcrypt.dll
0x00007ffa50270000 - 0x00007ffa5028f000 	C:\Windows\SYSTEM32\USERENV.dll
0x00007ffa505b0000 - 0x00007ffa505bb000 	C:\Windows\SYSTEM32\CRYPTBASE.dll
0x00007ffa4d310000 - 0x00007ffa4d348000 	C:\Windows\SYSTEM32\IPHLPAPI.DLL
0x00007ffa53f40000 - 0x00007ffa53f48000 	C:\Windows\system32\NSI.dll
0x00007ffa4a5d0000 - 0x00007ffa4a5e6000 	C:\Windows\SYSTEM32\dhcpcsvc6.DLL
0x00007ffa4a5b0000 - 0x00007ffa4a5ca000 	C:\Windows\SYSTEM32\dhcpcsvc.DLL
0x00007ffa48f30000 - 0x00007ffa48f3a000 	C:\Users\RONALD\AppData\Local\Temp\jansi-64-1-55665108289190334.11

VM Arguments:
jvm_args: -Xmx512M -XX:MaxPermSize=256m -XX:ReservedCodeCacheSize=128m -Dsbt.log.format=true 
java_command: xsbt.boot.Boot
java_class_path (initial): C:\Program Files (x86)\sbt\bin\sbt-launch.jar
Launcher Type: SUN_STANDARD

Environment Variables:
JAVA_HOME=C:\Program Files\Java\jdk1.8.0_121
CLASSPATH=C:\Users\RONALD\Javalib\antlr-4.7-complete.jar;.;.;C:\Program Files (x86)\QuickTime\QTSystem\QTJava.zip
PATH=C:\Program Files\Java\jdk1.8.0_121\bin;C:\Program Files\Haskell\bin;C:\Program Files\Haskell Platform\8.0.1\lib\extralibs\bin;C:\Program Files\Haskell Platform\8.0.1\bin;C:\ProgramData\Oracle\Java\javapath;C:\Windows\system32;C:\Windows;C:\Windows\System32\Wbem;C:\Windows\System32\WindowsPowerShell\v1.0\;C:\Program Files (x86)\QuickTime\QTSystem\;C:\Program Files\Haskell Platform\8.0.1\mingw\bin;C:\Program Files (x86)\PuTTY\;C:\Program Files\Git\cmd;C:\Program Files (x86)\sbt\bin;C:\Program Files\Java\apache-maven-3.3.9\bin;C:\PostgreSQL\pg96\bin;C:\Program Files (x86)\Windows Kits\8.1\Windows Performance Toolkit\;C:\Program Files\OpenVPN\bin;C:\Users\RONALD\AppData\Local\Programs\Python\Python35-32\Scripts\;C:\Users\RONALD\AppData\Local\Programs\Python\Python35-32\;C:\Users\RONALD\Javalib;C:\Program Files\Java\apache-maven-3.3.9\bin;C:\Users\RONALD\AppData\Roaming\cabal\bin;C:\Users\RONALD\AppData\Roaming\local\bin;C:\Users\RONALD\AppData\Local\atom\bin;"C:\Program Files\Java\jdk1.8.0_121\bin"
USERNAME=RONALD
OS=Windows_NT
PROCESSOR_IDENTIFIER=Intel64 Family 6 Model 58 Stepping 9, GenuineIntel



---------------  S Y S T E M  ---------------

OS: Windows 10.0 , 64 bit Build 10586 (10.0.10586.0)

CPU:total 8 (4 cores per cpu, 2 threads per core) family 6 model 58 stepping 9, cmov, cx8, fxsr, mmx, sse, sse2, sse3, ssse3, sse4.1, sse4.2, popcnt, avx, aes, clmul, erms, ht, tsc, tscinvbit, tscinv

Memory: 4k page, physical 6172896k(303608k free), swap 6172896k(5736k free)

vm_info: Java HotSpot(TM) 64-Bit Server VM (25.121-b13) for windows-amd64 JRE (1.8.0_121-b13), built on Dec 12 2016 18:21:36 by "java_re" with MS VC++ 10.0 (VS2010)

time: Fri Dec 01 17:27:53 2017
elapsed time: 2 seconds (0d 0h 0m 2s)

