#
# There is insufficient memory for the Java Runtime Environment to continue.
# Native memory allocation (malloc) failed to allocate 1146736 bytes for Chunk::new
# Possible reasons:
#   The system is out of physical RAM or swap space
#   In 32 bit mode, the process size limit was hit
# Possible solutions:
#   Reduce memory load on the system
#   Increase physical memory or swap space
#   Check if swap backing store is full
#   Use 64 bit Java on a 64 bit OS
#   Decrease Java heap size (-Xmx/-Xms)
#   Decrease number of Java threads
#   Decrease Java thread stack sizes (-Xss)
#   Set larger code cache with -XX:ReservedCodeCacheSize=
# This output file may be truncated or incomplete.
#
#  Out of Memory Error (allocation.cpp:390), pid=7768, tid=0x0000000000002fb8
#
# JRE version: Java(TM) SE Runtime Environment (8.0_121-b13) (build 1.8.0_121-b13)
# Java VM: Java HotSpot(TM) 64-Bit Server VM (25.121-b13 mixed mode windows-amd64 compressed oops)
# Failed to write core dump. Minidumps are not enabled by default on client versions of Windows
#

---------------  T H R E A D  ---------------

Current thread (0x000000000eeb3000):  JavaThread "C2 CompilerThread2" daemon [_thread_in_native, id=12216, stack(0x000000000f880000,0x000000000f980000)]

Stack: [0x000000000f880000,0x000000000f980000]
[error occurred during error reporting (printing stack bounds), id 0xc0000005]

Native frames: (J=compiled Java code, j=interpreted, Vv=VM code, C=native code)


Current CompileTask:
C2:   2373  978   !   4       java.net.URLClassLoader$1::run (63 bytes)


---------------  P R O C E S S  ---------------

Java Threads: ( => current thread )
  0x000000000ef4a000 JavaThread "Service Thread" daemon [_thread_blocked, id=11740, stack(0x000000000fa80000,0x000000000fb80000)]
  0x000000000eeb7000 JavaThread "C1 CompilerThread3" daemon [_thread_in_native, id=10044, stack(0x000000000f980000,0x000000000fa80000)]
=>0x000000000eeb3000 JavaThread "C2 CompilerThread2" daemon [_thread_in_native, id=12216, stack(0x000000000f880000,0x000000000f980000)]
  0x000000000eeb1000 JavaThread "C2 CompilerThread1" daemon [_thread_blocked, id=10436, stack(0x000000000f780000,0x000000000f880000)]
  0x000000000eea9800 JavaThread "C2 CompilerThread0" daemon [_thread_in_native, id=11416, stack(0x000000000f680000,0x000000000f780000)]
  0x000000000eea8000 JavaThread "Attach Listener" daemon [_thread_blocked, id=7708, stack(0x000000000f580000,0x000000000f680000)]
  0x000000000eea7000 JavaThread "Signal Dispatcher" daemon [_thread_blocked, id=7416, stack(0x000000000f480000,0x000000000f580000)]
  0x000000000eea0800 JavaThread "Finalizer" daemon [_thread_blocked, id=6160, stack(0x000000000f280000,0x000000000f380000)]
  0x000000000cfad800 JavaThread "Reference Handler" daemon [_thread_blocked, id=11816, stack(0x000000000ed80000,0x000000000ee80000)]
  0x00000000028b2800 JavaThread "main" [_thread_in_vm, id=9748, stack(0x0000000002730000,0x0000000002830000)]

Other Threads:
  0x000000000cfa8800 VMThread [stack: 0x000000000ec80000,0x000000000ed80000] [id=1304]
  0x000000000ef6f000 WatcherThread [stack: 0x000000000fb80000,0x000000000fc80000] [id=6452]

VM state:not at safepoint (normal execution)

VM Mutex/Monitor currently owned by a thread:  ([mutex/lock_event])
[0x00000000028acd40] CodeCache_lock - owner thread: 0x000000000eeb7000

Heap:
 PSYoungGen      total 28672K, used 7020K [0x00000000f5580000, 0x00000000f7580000, 0x0000000100000000)
  eden space 24576K, 11% used [0x00000000f5580000,0x00000000f5860c08,0x00000000f6d80000)
  from space 4096K, 99% used [0x00000000f6d80000,0x00000000f717a7a8,0x00000000f7180000)
  to   space 4096K, 0% used [0x00000000f7180000,0x00000000f7180000,0x00000000f7580000)
 ParOldGen       total 65536K, used 4891K [0x00000000e0000000, 0x00000000e4000000, 0x00000000f5580000)
  object space 65536K, 7% used [0x00000000e0000000,0x00000000e04c6ce0,0x00000000e4000000)
 Metaspace       used 18530K, capacity 18882K, committed 19072K, reserved 1064960K
  class space    used 3114K, capacity 3182K, committed 3200K, reserved 1048576K

Card table byte_map: [0x000000000abb0000,0x000000000acc0000] byte_map_base: 0x000000000a4b0000

Marking Bits: (ParMarkBitMap*) 0x0000000054a9b6d0
 Begin Bits: [0x000000000b4c0000, 0x000000000bcc0000)
 End Bits:   [0x000000000bcc0000, 0x000000000c4c0000)

Polling page: 0x0000000000e50000

CodeCache: size=131072Kb used=3237Kb max_used=3237Kb free=127834Kb
 bounds [0x00000000029b0000, 0x0000000002ce0000, 0x000000000a9b0000]
 total_blobs=1347 nmethods=996 adapters=263
 compilation: enabled

Compilation events (10 events):
Event: 2.198 Thread 0x000000000eeb7000 nmethod 975 0x0000000002ccbc50 code [0x0000000002ccbde0, 0x0000000002ccc2b0]
Event: 2.204 Thread 0x000000000eeb7000  976       1       sbt.BasicAttributeMap::backing (5 bytes)
Event: 2.204 Thread 0x000000000eeb7000 nmethod 976 0x0000000002ccb990 code [0x0000000002ccbae0, 0x0000000002ccbbf0]
Event: 2.232 Thread 0x000000000eeb3000  978   !   4       java.net.URLClassLoader$1::run (63 bytes)
Event: 2.234 Thread 0x000000000eeb1000  979       4       java.lang.ClassNotFoundException::<init> (7 bytes)
Event: 2.235 Thread 0x000000000eeb1000 nmethod 979 0x0000000002ccaf50 code [0x0000000002ccb0a0, 0x0000000002ccb408]
Event: 2.300 Thread 0x000000000eeb1000  980       4       scala.collection.Iterable$class::$init$ (1 bytes)
Event: 2.300 Thread 0x000000000eeb1000 nmethod 980 0x0000000002b4ffd0 code [0x0000000002b50100, 0x0000000002b50138]
Event: 2.333 Thread 0x000000000eeb1000  981   !   4       java.util.zip.InflaterInputStream::read (138 bytes)
Event: 2.348 Thread 0x000000000eeb1000 nmethod 981 0x0000000002cd5890 code [0x0000000002cd5a60, 0x0000000002cd6fe8]

GC Heap History (6 events):
Event: 1.014 GC heap before
{Heap before GC invocations=1 (full 0):
 PSYoungGen      total 28672K, used 24576K [0x00000000f5580000, 0x00000000f7580000, 0x0000000100000000)
  eden space 24576K, 100% used [0x00000000f5580000,0x00000000f6d80000,0x00000000f6d80000)
  from space 4096K, 0% used [0x00000000f7180000,0x00000000f7180000,0x00000000f7580000)
  to   space 4096K, 0% used [0x00000000f6d80000,0x00000000f6d80000,0x00000000f7180000)
 ParOldGen       total 65536K, used 0K [0x00000000e0000000, 0x00000000e4000000, 0x00000000f5580000)
  object space 65536K, 0% used [0x00000000e0000000,0x00000000e0000000,0x00000000e4000000)
 Metaspace       used 8318K, capacity 8932K, committed 9088K, reserved 1056768K
  class space    used 1221K, capacity 1316K, committed 1408K, reserved 1048576K
Event: 1.017 GC heap after
Heap after GC invocations=1 (full 0):
 PSYoungGen      total 28672K, used 4065K [0x00000000f5580000, 0x00000000f7580000, 0x0000000100000000)
  eden space 24576K, 0% used [0x00000000f5580000,0x00000000f5580000,0x00000000f6d80000)
  from space 4096K, 99% used [0x00000000f6d80000,0x00000000f7178680,0x00000000f7180000)
  to   space 4096K, 0% used [0x00000000f7180000,0x00000000f7180000,0x00000000f7580000)
 ParOldGen       total 65536K, used 613K [0x00000000e0000000, 0x00000000e4000000, 0x00000000f5580000)
  object space 65536K, 0% used [0x00000000e0000000,0x00000000e00996b8,0x00000000e4000000)
 Metaspace       used 8318K, capacity 8932K, committed 9088K, reserved 1056768K
  class space    used 1221K, capacity 1316K, committed 1408K, reserved 1048576K
}
Event: 1.976 GC heap before
{Heap before GC invocations=2 (full 0):
 PSYoungGen      total 28672K, used 28641K [0x00000000f5580000, 0x00000000f7580000, 0x0000000100000000)
  eden space 24576K, 100% used [0x00000000f5580000,0x00000000f6d80000,0x00000000f6d80000)
  from space 4096K, 99% used [0x00000000f6d80000,0x00000000f7178680,0x00000000f7180000)
  to   space 4096K, 0% used [0x00000000f7180000,0x00000000f7180000,0x00000000f7580000)
 ParOldGen       total 65536K, used 613K [0x00000000e0000000, 0x00000000e4000000, 0x00000000f5580000)
  object space 65536K, 0% used [0x00000000e0000000,0x00000000e00996b8,0x00000000e4000000)
 Metaspace       used 13699K, capacity 14096K, committed 14208K, reserved 1060864K
  class space    used 2288K, capacity 2376K, committed 2432K, reserved 1048576K
Event: 1.981 GC heap after
Heap after GC invocations=2 (full 0):
 PSYoungGen      total 28672K, used 4077K [0x00000000f5580000, 0x00000000f7580000, 0x0000000100000000)
  eden space 24576K, 0% used [0x00000000f5580000,0x00000000f5580000,0x00000000f6d80000)
  from space 4096K, 99% used [0x00000000f7180000,0x00000000f757b420,0x00000000f7580000)
  to   space 4096K, 0% used [0x00000000f6d80000,0x00000000f6d80000,0x00000000f7180000)
 ParOldGen       total 65536K, used 2344K [0x00000000e0000000, 0x00000000e4000000, 0x00000000f5580000)
  object space 65536K, 3% used [0x00000000e0000000,0x00000000e024a218,0x00000000e4000000)
 Metaspace       used 13699K, capacity 14096K, committed 14208K, reserved 1060864K
  class space    used 2288K, capacity 2376K, committed 2432K, reserved 1048576K
}
Event: 2.316 GC heap before
{Heap before GC invocations=3 (full 0):
 PSYoungGen      total 28672K, used 28653K [0x00000000f5580000, 0x00000000f7580000, 0x0000000100000000)
  eden space 24576K, 100% used [0x00000000f5580000,0x00000000f6d80000,0x00000000f6d80000)
  from space 4096K, 99% used [0x00000000f7180000,0x00000000f757b420,0x00000000f7580000)
  to   space 4096K, 0% used [0x00000000f6d80000,0x00000000f6d80000,0x00000000f7180000)
 ParOldGen       total 65536K, used 2344K [0x00000000e0000000, 0x00000000e4000000, 0x00000000f5580000)
  object space 65536K, 3% used [0x00000000e0000000,0x00000000e024a218,0x00000000e4000000)
 Metaspace       used 17720K, capacity 18114K, committed 18176K, reserved 1064960K
  class space    used 2962K, capacity 3054K, committed 3072K, reserved 1048576K
Event: 2.321 GC heap after
Heap after GC invocations=3 (full 0):
 PSYoungGen      total 28672K, used 4073K [0x00000000f5580000, 0x00000000f7580000, 0x0000000100000000)
  eden space 24576K, 0% used [0x00000000f5580000,0x00000000f5580000,0x00000000f6d80000)
  from space 4096K, 99% used [0x00000000f6d80000,0x00000000f717a7a8,0x00000000f7180000)
  to   space 4096K, 0% used [0x00000000f7180000,0x00000000f7180000,0x00000000f7580000)
 ParOldGen       total 65536K, used 4891K [0x00000000e0000000, 0x00000000e4000000, 0x00000000f5580000)
  object space 65536K, 7% used [0x00000000e0000000,0x00000000e04c6ce0,0x00000000e4000000)
 Metaspace       used 17720K, capacity 18114K, committed 18176K, reserved 1064960K
  class space    used 2962K, capacity 3054K, committed 3072K, reserved 1048576K
}

Deoptimization events (7 events):
Event: 0.759 Thread 0x00000000028b2800 Uncommon trap: reason=unstable_if action=reinterpret pc=0x0000000002b4de6c method=java.lang.String.indexOf([CII[CIII)I @ 3
Event: 1.172 Thread 0x00000000028b2800 Uncommon trap: reason=unstable_if action=reinterpret pc=0x0000000002aea3d0 method=java.lang.String.startsWith(Ljava/lang/String;I)Z @ 25
Event: 1.745 Thread 0x00000000028b2800 Uncommon trap: reason=unstable_if action=reinterpret pc=0x0000000002b6de88 method=java.net.URI.match(CJJ)Z @ 19
Event: 1.747 Thread 0x00000000028b2800 Uncommon trap: reason=unstable_if action=reinterpret pc=0x0000000002bd4ba8 method=java.lang.String.regionMatches(ZILjava/lang/String;II)Z @ 123
Event: 1.807 Thread 0x00000000028b2800 Uncommon trap: reason=unstable_if action=reinterpret pc=0x0000000002b68600 method=sun.misc.MetaIndex.mayContain(Ljava/lang/String;)Z @ 38
Event: 1.807 Thread 0x00000000028b2800 Uncommon trap: reason=unstable_if action=reinterpret pc=0x0000000002b3c2e8 method=sun.misc.MetaIndex.mayContain(Ljava/lang/String;)Z @ 38
Event: 2.070 Thread 0x00000000028b2800 Uncommon trap: reason=unstable_if action=reinterpret pc=0x0000000002cac7f0 method=java.util.regex.Pattern$BmpCharProperty.match(Ljava/util/regex/Matcher;ILjava/lang/CharSequence;)Z @ 5

Internal exceptions (8 events):
Event: 0.032 Thread 0x00000000028b2800 Exception <a 'java/lang/NoSuchMethodError': Method sun.misc.Unsafe.defineClass(Ljava/lang/String;[BII)Ljava/lang/Class; name or signature does not match> (0x00000000f5587ca8) thrown at [C:\re\workspace\8-2-build-windows-amd64-cygwin\jdk8u121\8372\hotspot\
Event: 0.032 Thread 0x00000000028b2800 Exception <a 'java/lang/NoSuchMethodError': Method sun.misc.Unsafe.prefetchRead(Ljava/lang/Object;J)V name or signature does not match> (0x00000000f5587f90) thrown at [C:\re\workspace\8-2-build-windows-amd64-cygwin\jdk8u121\8372\hotspot\src\share\vm\prims
Event: 0.200 Thread 0x00000000028b2800 Exception <a 'java/security/PrivilegedActionException'> (0x00000000f5903100) thrown at [C:\re\workspace\8-2-build-windows-amd64-cygwin\jdk8u121\8372\hotspot\src\share\vm\prims\jvm.cpp, line 1390]
Event: 0.200 Thread 0x00000000028b2800 Exception <a 'java/security/PrivilegedActionException'> (0x00000000f5903310) thrown at [C:\re\workspace\8-2-build-windows-amd64-cygwin\jdk8u121\8372\hotspot\src\share\vm\prims\jvm.cpp, line 1390]
Event: 0.201 Thread 0x00000000028b2800 Exception <a 'java/security/PrivilegedActionException'> (0x00000000f5907220) thrown at [C:\re\workspace\8-2-build-windows-amd64-cygwin\jdk8u121\8372\hotspot\src\share\vm\prims\jvm.cpp, line 1390]
Event: 0.201 Thread 0x00000000028b2800 Exception <a 'java/security/PrivilegedActionException'> (0x00000000f5907430) thrown at [C:\re\workspace\8-2-build-windows-amd64-cygwin\jdk8u121\8372\hotspot\src\share\vm\prims\jvm.cpp, line 1390]
Event: 1.750 Thread 0x00000000028b2800 Exception <a 'java/io/FileNotFoundException'> (0x00000000f5eacb50) thrown at [C:\re\workspace\8-2-build-windows-amd64-cygwin\jdk8u121\8372\hotspot\src\share\vm\prims\jni.cpp, line 709]
Event: 2.116 Thread 0x00000000028b2800 Exception <a 'java/lang/ClassNotFoundException': com/sun/tools/javac/api/JavacTool> (0x00000000f5f44cf0) thrown at [C:\re\workspace\8-2-build-windows-amd64-cygwin\jdk8u121\8372\hotspot\src\share\vm\classfile\systemDictionary.cpp, line 210]

Events (10 events):
Event: 2.301 loading class java/lang/StrictMath
Event: 2.301 loading class java/lang/StrictMath done
Event: 2.316 Executing VM operation: ParallelGCFailedAllocation
Event: 2.321 Executing VM operation: ParallelGCFailedAllocation done
Event: 2.335 loading class java/util/WeakHashMap$EntrySet
Event: 2.335 loading class java/util/WeakHashMap$EntrySet done
Event: 2.335 loading class java/util/WeakHashMap$EntryIterator
Event: 2.335 loading class java/util/WeakHashMap$HashIterator
Event: 2.335 loading class java/util/WeakHashMap$HashIterator done
Event: 2.335 loading class java/util/WeakHashMap$EntryIterator done


Dynamic libraries:
0x00007ff788ba0000 - 0x00007ff788bd7000 	C:\Program Files\Java\jdk1.8.0_121\bin\java.exe
0x00007ff9a9ea0000 - 0x00007ff9aa061000 	C:\Windows\SYSTEM32\ntdll.dll
0x00007ff9a7a00000 - 0x00007ff9a7aad000 	C:\Windows\system32\KERNEL32.DLL
0x00007ff9a6c50000 - 0x00007ff9a6e38000 	C:\Windows\system32\KERNELBASE.dll
0x00007ff9a9ca0000 - 0x00007ff9a9d47000 	C:\Windows\system32\ADVAPI32.dll
0x00007ff9a9e00000 - 0x00007ff9a9e9d000 	C:\Windows\system32\msvcrt.dll
0x00007ff9a98a0000 - 0x00007ff9a98fb000 	C:\Windows\system32\sechost.dll
0x00007ff9a9b80000 - 0x00007ff9a9c9c000 	C:\Windows\system32\RPCRT4.dll
0x00007ff9a9300000 - 0x00007ff9a9456000 	C:\Windows\system32\USER32.dll
0x00007ff9a99f0000 - 0x00007ff9a9b76000 	C:\Windows\system32\GDI32.dll
0x00007ff99a460000 - 0x00007ff99a6d4000 	C:\Windows\WinSxS\amd64_microsoft.windows.common-controls_6595b64144ccf1df_6.0.10586.0_none_8c15ae12515e1c22\COMCTL32.dll
0x00007ff9a74f0000 - 0x00007ff9a776d000 	C:\Windows\system32\combase.dll
0x00007ff9a7230000 - 0x00007ff9a729a000 	C:\Windows\system32\bcryptPrimitives.dll
0x00007ff9a9170000 - 0x00007ff9a91ab000 	C:\Windows\system32\IMM32.DLL
0x0000000054b20000 - 0x0000000054bf2000 	C:\Program Files\Java\jdk1.8.0_121\jre\bin\msvcr100.dll
0x0000000054280000 - 0x0000000054b1b000 	C:\Program Files\Java\jdk1.8.0_121\jre\bin\server\jvm.dll
0x00007ff9a7480000 - 0x00007ff9a7488000 	C:\Windows\system32\PSAPI.DLL
0x00007ff99b590000 - 0x00007ff99b599000 	C:\Windows\SYSTEM32\WSOCK32.dll
0x00007ff99d100000 - 0x00007ff99d10a000 	C:\Windows\SYSTEM32\VERSION.dll
0x00007ff9a4a40000 - 0x00007ff9a4a63000 	C:\Windows\SYSTEM32\WINMM.dll
0x00007ff9a9920000 - 0x00007ff9a998b000 	C:\Windows\system32\WS2_32.dll
0x00007ff9a49e0000 - 0x00007ff9a4a0c000 	C:\Windows\SYSTEM32\WINMMBASE.dll
0x00007ff9a7160000 - 0x00007ff9a71a3000 	C:\Windows\system32\cfgmgr32.dll
0x0000000055050000 - 0x000000005505f000 	C:\Program Files\Java\jdk1.8.0_121\jre\bin\verify.dll
0x0000000054250000 - 0x0000000054279000 	C:\Program Files\Java\jdk1.8.0_121\jre\bin\java.dll
0x0000000054230000 - 0x0000000054246000 	C:\Program Files\Java\jdk1.8.0_121\jre\bin\zip.dll
0x00007ff9a7ab0000 - 0x00007ff9a900c000 	C:\Windows\system32\SHELL32.dll
0x00007ff9a6600000 - 0x00007ff9a6c44000 	C:\Windows\system32\windows.storage.dll
0x00007ff9a7490000 - 0x00007ff9a74e2000 	C:\Windows\system32\shlwapi.dll
0x00007ff9a64f0000 - 0x00007ff9a64ff000 	C:\Windows\system32\kernel.appcore.dll
0x00007ff9a70a0000 - 0x00007ff9a7155000 	C:\Windows\system32\shcore.dll
0x00007ff9a6500000 - 0x00007ff9a654b000 	C:\Windows\system32\powrprof.dll
0x00007ff9a64c0000 - 0x00007ff9a64d4000 	C:\Windows\system32\profapi.dll
0x0000000054210000 - 0x000000005422a000 	C:\Program Files\Java\jdk1.8.0_121\jre\bin\net.dll
0x00007ff9a5d90000 - 0x00007ff9a5dec000 	C:\Windows\system32\mswsock.dll
0x00000000541f0000 - 0x0000000054201000 	C:\Program Files\Java\jdk1.8.0_121\jre\bin\nio.dll
0x00007ff9a5e40000 - 0x00007ff9a5e57000 	C:\Windows\SYSTEM32\CRYPTSP.dll
0x00007ff9a5ad0000 - 0x00007ff9a5b04000 	C:\Windows\system32\rsaenh.dll
0x00007ff9a63f0000 - 0x00007ff9a6419000 	C:\Windows\SYSTEM32\bcrypt.dll
0x00007ff9a5c20000 - 0x00007ff9a5c3f000 	C:\Windows\SYSTEM32\USERENV.dll
0x00007ff9a5f60000 - 0x00007ff9a5f6b000 	C:\Windows\SYSTEM32\CRYPTBASE.dll
0x00007ff9a39d0000 - 0x00007ff9a3a08000 	C:\Windows\SYSTEM32\IPHLPAPI.DLL
0x00007ff9a7920000 - 0x00007ff9a7928000 	C:\Windows\system32\NSI.dll
0x00007ff99ff20000 - 0x00007ff99ff36000 	C:\Windows\SYSTEM32\dhcpcsvc6.DLL
0x00007ff99ff00000 - 0x00007ff99ff1a000 	C:\Windows\SYSTEM32\dhcpcsvc.DLL
0x00007ff99ff90000 - 0x00007ff99ff9a000 	C:\Users\RONALD\AppData\Local\Temp\jansi-64-1-3464788570843586228.11

VM Arguments:
jvm_args: -Xmx512M -XX:MaxPermSize=256m -XX:ReservedCodeCacheSize=128m -Dsbt.log.format=true 
java_command: xsbt.boot.Boot
java_class_path (initial): C:\Program Files (x86)\sbt\bin\sbt-launch.jar
Launcher Type: SUN_STANDARD

Environment Variables:
JAVA_HOME=C:\Program Files\Java\jdk1.8.0_121
CLASSPATH=C:\Users\RONALD\Javalib\antlr-4.7-complete.jar;.;.;C:\Program Files (x86)\QuickTime\QTSystem\QTJava.zip
PATH=C:\Program Files\Java\jdk1.8.0_121\bin;C:\Program Files\Haskell\bin;C:\Program Files\Haskell Platform\8.0.1\lib\extralibs\bin;C:\Program Files\Haskell Platform\8.0.1\bin;C:\ProgramData\Oracle\Java\javapath;C:\Windows\system32;C:\Windows;C:\Windows\System32\Wbem;C:\Windows\System32\WindowsPowerShell\v1.0\;C:\Program Files (x86)\QuickTime\QTSystem\;C:\Program Files\Haskell Platform\8.0.1\mingw\bin;C:\Program Files (x86)\PuTTY\;C:\Program Files\Git\cmd;C:\Program Files (x86)\sbt\bin;C:\Program Files\Java\apache-maven-3.3.9\bin;C:\PostgreSQL\pg96\bin;C:\Program Files (x86)\Windows Kits\8.1\Windows Performance Toolkit\;C:\Program Files\OpenVPN\bin;C:\Users\RONALD\AppData\Local\Programs\Python\Python35-32\Scripts\;C:\Users\RONALD\AppData\Local\Programs\Python\Python35-32\;C:\Users\RONALD\Javalib;C:\Program Files\Java\apache-maven-3.3.9\bin;C:\Users\RONALD\AppData\Roaming\cabal\bin;C:\Users\RONALD\AppData\Roaming\local\bin;C:\Users\RONALD\AppData\Local\atom\bin;"C:\Program Files\Java\jdk1.8.0_121\bin"
USERNAME=RONALD
OS=Windows_NT
PROCESSOR_IDENTIFIER=Intel64 Family 6 Model 58 Stepping 9, GenuineIntel



---------------  S Y S T E M  ---------------

OS: Windows 10.0 , 64 bit Build 10586 (10.0.10586.0)

CPU:total 8 (4 cores per cpu, 2 threads per core) family 6 model 58 stepping 9, cmov, cx8, fxsr, mmx, sse, sse2, sse3, ssse3, sse4.1, sse4.2, popcnt, avx, aes, clmul, erms, ht, tsc, tscinvbit, tscinv

Memory: 4k page, physical 6172896k(471160k free), swap 6172896k(5896k free)

vm_info: Java HotSpot(TM) 64-Bit Server VM (25.121-b13) for windows-amd64 JRE (1.8.0_121-b13), built on Dec 12 2016 18:21:36 by "java_re" with MS VC++ 10.0 (VS2010)

time: Mon Oct 30 20:22:41 2017
elapsed time: 2 seconds (0d 0h 0m 2s)

