#
# There is insufficient memory for the Java Runtime Environment to continue.
# Native memory allocation (malloc) failed to allocate 177984 bytes for Chunk::new
# Possible reasons:
#   The system is out of physical RAM or swap space
#   In 32 bit mode, the process size limit was hit
# Possible solutions:
#   Reduce memory load on the system
#   Increase physical memory or swap space
#   Check if swap backing store is full
#   Use 64 bit Java on a 64 bit OS
#   Decrease Java heap size (-Xmx/-Xms)
#   Decrease number of Java threads
#   Decrease Java thread stack sizes (-Xss)
#   Set larger code cache with -XX:ReservedCodeCacheSize=
# This output file may be truncated or incomplete.
#
#  Out of Memory Error (allocation.cpp:390), pid=5888, tid=0x0000000000000e04
#
# JRE version: Java(TM) SE Runtime Environment (8.0_121-b13) (build 1.8.0_121-b13)
# Java VM: Java HotSpot(TM) 64-Bit Server VM (25.121-b13 mixed mode windows-amd64 compressed oops)
# Failed to write core dump. Minidumps are not enabled by default on client versions of Windows
#

---------------  T H R E A D  ---------------

Current thread (0x000000000eca2000):  JavaThread "C2 CompilerThread2" daemon [_thread_in_native, id=3588, stack(0x000000000f670000,0x000000000f770000)]

Stack: [0x000000000f670000,0x000000000f770000]
[error occurred during error reporting (printing stack bounds), id 0xc0000005]

Native frames: (J=compiled Java code, j=interpreted, Vv=VM code, C=native code)


Current CompileTask:
C2:  17326 5849       4       scala.collection.immutable.VectorPointer$class::gotoNextBlockStartWritable (757 bytes)


---------------  P R O C E S S  ---------------

Java Threads: ( => current thread )
  0x0000000012632000 JavaThread "pool-4-thread-9" [_thread_blocked, id=2576, stack(0x000000001ab20000,0x000000001ac20000)]
  0x0000000012636800 JavaThread "pool-4-thread-8" [_thread_blocked, id=7524, stack(0x000000001aa20000,0x000000001ab20000)]
  0x0000000012635800 JavaThread "pool-4-thread-7" [_thread_blocked, id=8564, stack(0x000000001a920000,0x000000001aa20000)]
  0x0000000012631000 JavaThread "pool-4-thread-6" [_thread_blocked, id=6940, stack(0x000000001a820000,0x000000001a920000)]
  0x0000000012635000 JavaThread "pool-4-thread-5" [_thread_in_native, id=11396, stack(0x000000001a720000,0x000000001a820000)]
  0x0000000012630800 JavaThread "pool-4-thread-4" [_thread_blocked, id=6812, stack(0x000000001a620000,0x000000001a720000)]
  0x0000000012634000 JavaThread "pool-4-thread-3" [_thread_blocked, id=10492, stack(0x000000001a520000,0x000000001a620000)]
  0x0000000012632800 JavaThread "pool-4-thread-2" [_thread_blocked, id=7856, stack(0x000000001a420000,0x000000001a520000)]
  0x0000000012633800 JavaThread "pool-4-thread-1" [_thread_blocked, id=11508, stack(0x000000001a320000,0x000000001a420000)]
  0x000000000ed36800 JavaThread "Service Thread" daemon [_thread_blocked, id=11436, stack(0x000000000f870000,0x000000000f970000)]
  0x000000000eca6000 JavaThread "C1 CompilerThread3" daemon [_thread_blocked, id=7100, stack(0x000000000f770000,0x000000000f870000)]
=>0x000000000eca2000 JavaThread "C2 CompilerThread2" daemon [_thread_in_native, id=3588, stack(0x000000000f670000,0x000000000f770000)]
  0x000000000ec9d800 JavaThread "C2 CompilerThread1" daemon [_thread_blocked, id=12200, stack(0x000000000f570000,0x000000000f670000)]
  0x000000000ec9a000 JavaThread "C2 CompilerThread0" daemon [_thread_blocked, id=9832, stack(0x000000000f470000,0x000000000f570000)]
  0x000000000ec98800 JavaThread "Attach Listener" daemon [_thread_blocked, id=10064, stack(0x000000000f370000,0x000000000f470000)]
  0x000000000ec97000 JavaThread "Signal Dispatcher" daemon [_thread_blocked, id=8260, stack(0x000000000f270000,0x000000000f370000)]
  0x000000000ec91800 JavaThread "Finalizer" daemon [_thread_blocked, id=10724, stack(0x000000000f070000,0x000000000f170000)]
  0x0000000002697000 JavaThread "Reference Handler" daemon [_thread_blocked, id=1112, stack(0x000000000eb70000,0x000000000ec70000)]
  0x00000000025a2800 JavaThread "main" [_thread_blocked, id=9188, stack(0x0000000002470000,0x0000000002570000)]

Other Threads:
  0x000000000cda9800 VMThread [stack: 0x000000000ea70000,0x000000000eb70000] [id=9400]
  0x000000000ed6c000 WatcherThread [stack: 0x000000000f970000,0x000000000fa70000] [id=2356]

VM state:not at safepoint (normal execution)

VM Mutex/Monitor currently owned by a thread: None

Heap:
 PSYoungGen      total 154112K, used 67347K [0x00000000f5580000, 0x00000000fff00000, 0x0000000100000000)
  eden space 137216K, 45% used [0x00000000f5580000,0x00000000f9254090,0x00000000fdb80000)
  from space 16896K, 29% used [0x00000000feb00000,0x00000000feff0c80,0x00000000ffb80000)
  to   space 15872K, 0% used [0x00000000fdb80000,0x00000000fdb80000,0x00000000feb00000)
 ParOldGen       total 67072K, used 26794K [0x00000000e0000000, 0x00000000e4180000, 0x00000000f5580000)
  object space 67072K, 39% used [0x00000000e0000000,0x00000000e1a2aaf0,0x00000000e4180000)
 Metaspace       used 51033K, capacity 51634K, committed 51880K, reserved 1091584K
  class space    used 9463K, capacity 9636K, committed 9640K, reserved 1048576K

Card table byte_map: [0x000000000a900000,0x000000000aa10000] byte_map_base: 0x000000000a200000

Marking Bits: (ParMarkBitMap*) 0x0000000054a9b6d0
 Begin Bits: [0x000000000b2c0000, 0x000000000bac0000)
 End Bits:   [0x000000000bac0000, 0x000000000c2c0000)

Polling page: 0x0000000002580000

CodeCache: size=131072Kb used=13055Kb max_used=13753Kb free=118016Kb
 bounds [0x0000000002700000, 0x0000000003480000, 0x000000000a700000]
 total_blobs=5541 nmethods=5062 adapters=389
 compilation: enabled

Compilation events (10 events):
Event: 17.297 Thread 0x000000000eca6000 5867       1       coursier.shaded.fastparse.core.ParserResults$class::failMore$default$5 (2 bytes)
Event: 17.297 Thread 0x000000000eca6000 nmethod 5867 0x0000000002e14890 code [0x0000000002e149e0, 0x0000000002e14ad0]
Event: 17.297 Thread 0x000000000eca6000 5868       1       coursier.shaded.fastparse.core.Mutable$Success::value (5 bytes)
Event: 17.297 Thread 0x000000000eca6000 nmethod 5868 0x0000000002e145d0 code [0x0000000002e14720, 0x0000000002e14830]
Event: 17.297 Thread 0x000000000eca6000 5869       1       coursier.shaded.fastparse.core.ParseCtx::isCapturing (5 bytes)
Event: 17.297 Thread 0x000000000eca6000 nmethod 5869 0x0000000002d76290 code [0x0000000002d763e0, 0x0000000002d764f0]
Event: 17.297 Thread 0x000000000eca6000 5870       1       coursier.shaded.fastparse.parsers.Transformers$Mapper::p (5 bytes)
Event: 17.297 Thread 0x000000000eca6000 nmethod 5870 0x0000000002d75fd0 code [0x0000000002d76120, 0x0000000002d76230]
Event: 17.298 Thread 0x000000000eca6000 5871       3       scala.collection.immutable.IndexedSeq$class::seq (2 bytes)
Event: 17.298 Thread 0x000000000eca6000 nmethod 5871 0x0000000002d75cd0 code [0x0000000002d75e20, 0x0000000002d75f50]

GC Heap History (10 events):
Event: 3.969 GC heap before
{Heap before GC invocations=12 (full 2):
 PSYoungGen      total 123392K, used 41409K [0x00000000f5580000, 0x00000000ff680000, 0x0000000100000000)
  eden space 113664K, 27% used [0x00000000f5580000,0x00000000f74736c0,0x00000000fc480000)
  from space 9728K, 99% used [0x00000000fc480000,0x00000000fcdfd060,0x00000000fce00000)
  to   space 14336K, 0% used [0x00000000fe880000,0x00000000fe880000,0x00000000ff680000)
 ParOldGen       total 67072K, used 16334K [0x00000000e0000000, 0x00000000e4180000, 0x00000000f5580000)
  object space 67072K, 24% used [0x00000000e0000000,0x00000000e0ff3960,0x00000000e4180000)
 Metaspace       used 43671K, capacity 44134K, committed 44456K, reserved 1085440K
  class space    used 8133K, capacity 8284K, committed 8360K, reserved 1048576K
Event: 3.976 GC heap after
Heap after GC invocations=12 (full 2):
 PSYoungGen      total 148992K, used 14219K [0x00000000f5580000, 0x00000000ff980000, 0x0000000100000000)
  eden space 134656K, 0% used [0x00000000f5580000,0x00000000f5580000,0x00000000fd900000)
  from space 14336K, 99% used [0x00000000fe880000,0x00000000ff662e60,0x00000000ff680000)
  to   space 15872K, 0% used [0x00000000fd900000,0x00000000fd900000,0x00000000fe880000)
 ParOldGen       total 67072K, used 16342K [0x00000000e0000000, 0x00000000e4180000, 0x00000000f5580000)
  object space 67072K, 24% used [0x00000000e0000000,0x00000000e0ff5960,0x00000000e4180000)
 Metaspace       used 43671K, capacity 44134K, committed 44456K, reserved 1085440K
  class space    used 8133K, capacity 8284K, committed 8360K, reserved 1048576K
}
Event: 3.976 GC heap before
{Heap before GC invocations=13 (full 3):
 PSYoungGen      total 148992K, used 14219K [0x00000000f5580000, 0x00000000ff980000, 0x0000000100000000)
  eden space 134656K, 0% used [0x00000000f5580000,0x00000000f5580000,0x00000000fd900000)
  from space 14336K, 99% used [0x00000000fe880000,0x00000000ff662e60,0x00000000ff680000)
  to   space 15872K, 0% used [0x00000000fd900000,0x00000000fd900000,0x00000000fe880000)
 ParOldGen       total 67072K, used 16342K [0x00000000e0000000, 0x00000000e4180000, 0x00000000f5580000)
  object space 67072K, 24% used [0x00000000e0000000,0x00000000e0ff5960,0x00000000e4180000)
 Metaspace       used 43671K, capacity 44134K, committed 44456K, reserved 1085440K
  class space    used 8133K, capacity 8284K, committed 8360K, reserved 1048576K
Event: 4.134 GC heap after
Heap after GC invocations=13 (full 3):
 PSYoungGen      total 148992K, used 0K [0x00000000f5580000, 0x00000000ff980000, 0x0000000100000000)
  eden space 134656K, 0% used [0x00000000f5580000,0x00000000f5580000,0x00000000fd900000)
  from space 14336K, 0% used [0x00000000fe880000,0x00000000fe880000,0x00000000ff680000)
  to   space 15872K, 0% used [0x00000000fd900000,0x00000000fd900000,0x00000000fe880000)
 ParOldGen       total 67072K, used 27163K [0x00000000e0000000, 0x00000000e4180000, 0x00000000f5580000)
  object space 67072K, 40% used [0x00000000e0000000,0x00000000e1a86eb8,0x00000000e4180000)
 Metaspace       used 43671K, capacity 44134K, committed 44456K, reserved 1085440K
  class space    used 8133K, capacity 8284K, committed 8360K, reserved 1048576K
}
Event: 4.134 GC heap before
{Heap before GC invocations=14 (full 3):
 PSYoungGen      total 148992K, used 1615K [0x00000000f5580000, 0x00000000ff980000, 0x0000000100000000)
  eden space 134656K, 1% used [0x00000000f5580000,0x00000000f5713e08,0x00000000fd900000)
  from space 14336K, 0% used [0x00000000fe880000,0x00000000fe880000,0x00000000ff680000)
  to   space 15872K, 0% used [0x00000000fd900000,0x00000000fd900000,0x00000000fe880000)
 ParOldGen       total 67072K, used 27163K [0x00000000e0000000, 0x00000000e4180000, 0x00000000f5580000)
  object space 67072K, 40% used [0x00000000e0000000,0x00000000e1a86eb8,0x00000000e4180000)
 Metaspace       used 43673K, capacity 44134K, committed 44456K, reserved 1085440K
  class space    used 8134K, capacity 8284K, committed 8360K, reserved 1048576K
Event: 4.135 GC heap after
Heap after GC invocations=14 (full 3):
 PSYoungGen      total 150528K, used 64K [0x00000000f5580000, 0x00000000ffb80000, 0x0000000100000000)
  eden space 134656K, 0% used [0x00000000f5580000,0x00000000f5580000,0x00000000fd900000)
  from space 15872K, 0% used [0x00000000fd900000,0x00000000fd910000,0x00000000fe880000)
  to   space 16896K, 0% used [0x00000000feb00000,0x00000000feb00000,0x00000000ffb80000)
 ParOldGen       total 67072K, used 27163K [0x00000000e0000000, 0x00000000e4180000, 0x00000000f5580000)
  object space 67072K, 40% used [0x00000000e0000000,0x00000000e1a86eb8,0x00000000e4180000)
 Metaspace       used 43673K, capacity 44134K, committed 44456K, reserved 1085440K
  class space    used 8134K, capacity 8284K, committed 8360K, reserved 1048576K
}
Event: 4.135 GC heap before
{Heap before GC invocations=15 (full 4):
 PSYoungGen      total 150528K, used 64K [0x00000000f5580000, 0x00000000ffb80000, 0x0000000100000000)
  eden space 134656K, 0% used [0x00000000f5580000,0x00000000f5580000,0x00000000fd900000)
  from space 15872K, 0% used [0x00000000fd900000,0x00000000fd910000,0x00000000fe880000)
  to   space 16896K, 0% used [0x00000000feb00000,0x00000000feb00000,0x00000000ffb80000)
 ParOldGen       total 67072K, used 27163K [0x00000000e0000000, 0x00000000e4180000, 0x00000000f5580000)
  object space 67072K, 40% used [0x00000000e0000000,0x00000000e1a86eb8,0x00000000e4180000)
 Metaspace       used 43673K, capacity 44134K, committed 44456K, reserved 1085440K
  class space    used 8134K, capacity 8284K, committed 8360K, reserved 1048576K
Event: 4.242 GC heap after
Heap after GC invocations=15 (full 4):
 PSYoungGen      total 150528K, used 0K [0x00000000f5580000, 0x00000000ffb80000, 0x0000000100000000)
  eden space 134656K, 0% used [0x00000000f5580000,0x00000000f5580000,0x00000000fd900000)
  from space 15872K, 0% used [0x00000000fd900000,0x00000000fd900000,0x00000000fe880000)
  to   space 16896K, 0% used [0x00000000feb00000,0x00000000feb00000,0x00000000ffb80000)
 ParOldGen       total 67072K, used 26786K [0x00000000e0000000, 0x00000000e4180000, 0x00000000f5580000)
  object space 67072K, 39% used [0x00000000e0000000,0x00000000e1a28af0,0x00000000e4180000)
 Metaspace       used 43673K, capacity 44134K, committed 44456K, reserved 1085440K
  class space    used 8134K, capacity 8284K, committed 8360K, reserved 1048576K
}
Event: 16.741 GC heap before
{Heap before GC invocations=16 (full 4):
 PSYoungGen      total 150528K, used 134656K [0x00000000f5580000, 0x00000000ffb80000, 0x0000000100000000)
  eden space 134656K, 100% used [0x00000000f5580000,0x00000000fd900000,0x00000000fd900000)
  from space 15872K, 0% used [0x00000000fd900000,0x00000000fd900000,0x00000000fe880000)
  to   space 16896K, 0% used [0x00000000feb00000,0x00000000feb00000,0x00000000ffb80000)
 ParOldGen       total 67072K, used 26786K [0x00000000e0000000, 0x00000000e4180000, 0x00000000f5580000)
  object space 67072K, 39% used [0x00000000e0000000,0x00000000e1a28af0,0x00000000e4180000)
 Metaspace       used 46574K, capacity 47218K, committed 47400K, reserved 1087488K
  class space    used 8759K, capacity 8932K, committed 9000K, reserved 1048576K
Event: 16.745 GC heap after
Heap after GC invocations=16 (full 4):
 PSYoungGen      total 154112K, used 5059K [0x00000000f5580000, 0x00000000fff00000, 0x0000000100000000)
  eden space 137216K, 0% used [0x00000000f5580000,0x00000000f5580000,0x00000000fdb80000)
  from space 16896K, 29% used [0x00000000feb00000,0x00000000feff0c80,0x00000000ffb80000)
  to   space 15872K, 0% used [0x00000000fdb80000,0x00000000fdb80000,0x00000000feb00000)
 ParOldGen       total 67072K, used 26794K [0x00000000e0000000, 0x00000000e4180000, 0x00000000f5580000)
  object space 67072K, 39% used [0x00000000e0000000,0x00000000e1a2aaf0,0x00000000e4180000)
 Metaspace       used 46574K, capacity 47218K, committed 47400K, reserved 1087488K
  class space    used 8759K, capacity 8932K, committed 9000K, reserved 1048576K
}

Deoptimization events (10 events):
Event: 16.758 Thread 0x0000000012635000 Uncommon trap: reason=class_check action=maybe_recompile pc=0x000000000340a7c8 method=scala.collection.IndexedSeqOptimized$class.copyToArray(Lscala/collection/IndexedSeqOptimized;Ljava/lang/Object;II)V @ 19
Event: 16.758 Thread 0x0000000012635000 Uncommon trap: reason=class_check action=maybe_recompile pc=0x000000000340a7c8 method=scala.collection.IndexedSeqOptimized$class.copyToArray(Lscala/collection/IndexedSeqOptimized;Ljava/lang/Object;II)V @ 19
Event: 16.813 Thread 0x0000000012635000 Uncommon trap: reason=unstable_if action=reinterpret pc=0x0000000002e50054 method=java.lang.Character.valueOf(C)Ljava/lang/Character; @ 3
Event: 16.878 Thread 0x0000000012635000 Uncommon trap: reason=predicate action=maybe_recompile pc=0x0000000002d8c3f0 method=scala.collection.IterableLike$class.copyToArray(Lscala/collection/IterableLike;Ljava/lang/Object;II)V @ 45
Event: 16.878 Thread 0x0000000012635000 Uncommon trap: reason=array_check action=maybe_recompile pc=0x0000000002a3c380 method=scala.runtime.ScalaRunTime$.array_update(Ljava/lang/Object;ILjava/lang/Object;)V @ 17
Event: 16.878 Thread 0x0000000012635000 Uncommon trap: reason=array_check action=maybe_recompile pc=0x0000000002a3c380 method=scala.runtime.ScalaRunTime$.array_update(Ljava/lang/Object;ILjava/lang/Object;)V @ 17
Event: 16.879 Thread 0x0000000012635000 Uncommon trap: reason=array_check action=maybe_recompile pc=0x0000000002a3c380 method=scala.runtime.ScalaRunTime$.array_update(Ljava/lang/Object;ILjava/lang/Object;)V @ 17
Event: 16.879 Thread 0x0000000012635000 Uncommon trap: reason=array_check action=maybe_recompile pc=0x0000000002a3c380 method=scala.runtime.ScalaRunTime$.array_update(Ljava/lang/Object;ILjava/lang/Object;)V @ 17
Event: 17.276 Thread 0x0000000012635000 Uncommon trap: reason=unstable_if action=reinterpret pc=0x00000000032fa91c method=coursier.ivy.PropertiesPattern$$anonfun$3$$anonfun$apply$4.apply(C)Z @ 16
Event: 17.287 Thread 0x0000000012635000 Uncommon trap: reason=unstable_if action=reinterpret pc=0x00000000032a635c method=coursier.ivy.PropertiesPattern$$anonfun$4$$anonfun$apply$5.apply(C)Z @ 16

Internal exceptions (10 events):
Event: 3.649 Thread 0x0000000012429800 Exception <a 'java/lang/NoSuchMethodError': <clinit>> (0x00000000f7b137e0) thrown at [C:\re\workspace\8-2-build-windows-amd64-cygwin\jdk8u121\8372\hotspot\src\share\vm\prims\jni.cpp, line 1613]
Event: 3.650 Thread 0x0000000012429800 Exception <a 'java/lang/NoSuchMethodError': <clinit>> (0x00000000f7b1ed98) thrown at [C:\re\workspace\8-2-build-windows-amd64-cygwin\jdk8u121\8372\hotspot\src\share\vm\prims\jni.cpp, line 1613]
Event: 4.419 Thread 0x00000000025a2800 Exception <a 'java/lang/ArrayIndexOutOfBoundsException': 22> (0x00000000f6abcb00) thrown at [C:\re\workspace\8-2-build-windows-amd64-cygwin\jdk8u121\8372\hotspot\src\share\vm\interpreter\interpreterRuntime.cpp, line 366]
Event: 4.433 Thread 0x00000000025a2800 Exception <a 'java/lang/ArrayIndexOutOfBoundsException'> (0x00000000f6ba2a50) thrown at [C:\re\workspace\8-2-build-windows-amd64-cygwin\jdk8u121\8372\hotspot\src\share\vm\runtime\sharedRuntime.cpp, line 605]
Event: 4.437 Thread 0x00000000025a2800 Exception <a 'java/lang/ArrayIndexOutOfBoundsException'> (0x00000000f6bcd528) thrown at [C:\re\workspace\8-2-build-windows-amd64-cygwin\jdk8u121\8372\hotspot\src\share\vm\runtime\sharedRuntime.cpp, line 605]
Event: 4.555 Thread 0x00000000025a2800 Exception <a 'java/lang/ArrayIndexOutOfBoundsException'> (0x00000000f772e978) thrown at [C:\re\workspace\8-2-build-windows-amd64-cygwin\jdk8u121\8372\hotspot\src\share\vm\runtime\sharedRuntime.cpp, line 605]
Event: 4.569 Thread 0x00000000025a2800 Exception <a 'java/lang/ArrayIndexOutOfBoundsException'> (0x00000000f78148c8) thrown at [C:\re\workspace\8-2-build-windows-amd64-cygwin\jdk8u121\8372\hotspot\src\share\vm\runtime\sharedRuntime.cpp, line 605]
Event: 4.574 Thread 0x00000000025a2800 Exception <a 'java/lang/ArrayIndexOutOfBoundsException'> (0x00000000f783f3a0) thrown at [C:\re\workspace\8-2-build-windows-amd64-cygwin\jdk8u121\8372\hotspot\src\share\vm\runtime\sharedRuntime.cpp, line 605]
Event: 5.073 Thread 0x00000000025a2800 Exception <a 'java/io/FileNotFoundException'> (0x00000000fc8a8ff8) thrown at [C:\re\workspace\8-2-build-windows-amd64-cygwin\jdk8u121\8372\hotspot\src\share\vm\prims\jni.cpp, line 709]
Event: 5.097 Thread 0x00000000025a2800 Exception <a 'java/io/FileNotFoundException'> (0x00000000fc9bb0b8) thrown at [C:\re\workspace\8-2-build-windows-amd64-cygwin\jdk8u121\8372\hotspot\src\share\vm\prims\jni.cpp, line 709]

Events (10 events):
Event: 17.289 Thread 0x000000000eca6000 flushing nmethod 0x0000000002fcfe90
Event: 17.289 Thread 0x000000000eca6000 flushing nmethod 0x0000000003001950
Event: 17.290 Thread 0x000000000ec9a000 flushing nmethod 0x0000000003225c50
Event: 17.291 Thread 0x000000000ec9d800 flushing nmethod 0x000000000344d4d0
Event: 17.297 loading class coursier/ivy/IvyRepository$$anonfun$parse$1
Event: 17.297 loading class coursier/ivy/IvyRepository$$anonfun$parse$1 done
Event: 17.297 loading class coursier/ivy/IvyRepository$$anonfun$parse$1$$anonfun$apply$11
Event: 17.297 loading class coursier/ivy/IvyRepository$$anonfun$parse$1$$anonfun$apply$11 done
Event: 17.298 loading class coursier/ivy/IvyRepository$$anonfun$parse$1$$anonfun$apply$12
Event: 17.298 loading class coursier/ivy/IvyRepository$$anonfun$parse$1$$anonfun$apply$12 done


Dynamic libraries:
0x00007ff788ba0000 - 0x00007ff788bd7000 	C:\Program Files\Java\jdk1.8.0_121\bin\java.exe
0x00007ff9a9ea0000 - 0x00007ff9aa061000 	C:\Windows\SYSTEM32\ntdll.dll
0x00007ff9a7a00000 - 0x00007ff9a7aad000 	C:\Windows\system32\KERNEL32.DLL
0x00007ff9a6c50000 - 0x00007ff9a6e38000 	C:\Windows\system32\KERNELBASE.dll
0x00007ff9a9ca0000 - 0x00007ff9a9d47000 	C:\Windows\system32\ADVAPI32.dll
0x00007ff9a9e00000 - 0x00007ff9a9e9d000 	C:\Windows\system32\msvcrt.dll
0x00007ff9a98a0000 - 0x00007ff9a98fb000 	C:\Windows\system32\sechost.dll
0x00007ff9a9b80000 - 0x00007ff9a9c9c000 	C:\Windows\system32\RPCRT4.dll
0x00007ff9a9300000 - 0x00007ff9a9456000 	C:\Windows\system32\USER32.dll
0x00007ff9a99f0000 - 0x00007ff9a9b76000 	C:\Windows\system32\GDI32.dll
0x00007ff99a460000 - 0x00007ff99a6d4000 	C:\Windows\WinSxS\amd64_microsoft.windows.common-controls_6595b64144ccf1df_6.0.10586.0_none_8c15ae12515e1c22\COMCTL32.dll
0x00007ff9a74f0000 - 0x00007ff9a776d000 	C:\Windows\system32\combase.dll
0x00007ff9a7230000 - 0x00007ff9a729a000 	C:\Windows\system32\bcryptPrimitives.dll
0x00007ff9a9170000 - 0x00007ff9a91ab000 	C:\Windows\system32\IMM32.DLL
0x0000000054b20000 - 0x0000000054bf2000 	C:\Program Files\Java\jdk1.8.0_121\jre\bin\msvcr100.dll
0x0000000054280000 - 0x0000000054b1b000 	C:\Program Files\Java\jdk1.8.0_121\jre\bin\server\jvm.dll
0x00007ff9a7480000 - 0x00007ff9a7488000 	C:\Windows\system32\PSAPI.DLL
0x00007ff9a4a40000 - 0x00007ff9a4a63000 	C:\Windows\SYSTEM32\WINMM.dll
0x00007ff99d100000 - 0x00007ff99d10a000 	C:\Windows\SYSTEM32\VERSION.dll
0x00007ff99b590000 - 0x00007ff99b599000 	C:\Windows\SYSTEM32\WSOCK32.dll
0x00007ff9a9920000 - 0x00007ff9a998b000 	C:\Windows\system32\WS2_32.dll
0x00007ff9a49e0000 - 0x00007ff9a4a0c000 	C:\Windows\SYSTEM32\WINMMBASE.dll
0x00007ff9a7160000 - 0x00007ff9a71a3000 	C:\Windows\system32\cfgmgr32.dll
0x0000000055050000 - 0x000000005505f000 	C:\Program Files\Java\jdk1.8.0_121\jre\bin\verify.dll
0x0000000054250000 - 0x0000000054279000 	C:\Program Files\Java\jdk1.8.0_121\jre\bin\java.dll
0x0000000054230000 - 0x0000000054246000 	C:\Program Files\Java\jdk1.8.0_121\jre\bin\zip.dll
0x00007ff9a7ab0000 - 0x00007ff9a900c000 	C:\Windows\system32\SHELL32.dll
0x00007ff9a6600000 - 0x00007ff9a6c44000 	C:\Windows\system32\windows.storage.dll
0x00007ff9a7490000 - 0x00007ff9a74e2000 	C:\Windows\system32\shlwapi.dll
0x00007ff9a64f0000 - 0x00007ff9a64ff000 	C:\Windows\system32\kernel.appcore.dll
0x00007ff9a70a0000 - 0x00007ff9a7155000 	C:\Windows\system32\shcore.dll
0x00007ff9a6500000 - 0x00007ff9a654b000 	C:\Windows\system32\powrprof.dll
0x00007ff9a64c0000 - 0x00007ff9a64d4000 	C:\Windows\system32\profapi.dll
0x0000000054210000 - 0x000000005422a000 	C:\Program Files\Java\jdk1.8.0_121\jre\bin\net.dll
0x00007ff9a5d90000 - 0x00007ff9a5dec000 	C:\Windows\system32\mswsock.dll
0x00000000541f0000 - 0x0000000054201000 	C:\Program Files\Java\jdk1.8.0_121\jre\bin\nio.dll
0x00007ff9a5e40000 - 0x00007ff9a5e57000 	C:\Windows\SYSTEM32\CRYPTSP.dll
0x00007ff9a5ad0000 - 0x00007ff9a5b04000 	C:\Windows\system32\rsaenh.dll
0x00007ff9a63f0000 - 0x00007ff9a6419000 	C:\Windows\SYSTEM32\bcrypt.dll
0x00007ff9a5c20000 - 0x00007ff9a5c3f000 	C:\Windows\SYSTEM32\USERENV.dll
0x00007ff9a5f60000 - 0x00007ff9a5f6b000 	C:\Windows\SYSTEM32\CRYPTBASE.dll
0x00007ff9a39d0000 - 0x00007ff9a3a08000 	C:\Windows\SYSTEM32\IPHLPAPI.DLL
0x00007ff9a7920000 - 0x00007ff9a7928000 	C:\Windows\system32\NSI.dll
0x00007ff99ff20000 - 0x00007ff99ff36000 	C:\Windows\SYSTEM32\dhcpcsvc6.DLL
0x00007ff99ff00000 - 0x00007ff99ff1a000 	C:\Windows\SYSTEM32\dhcpcsvc.DLL
0x00007ff99ff90000 - 0x00007ff99ff9a000 	C:\Users\RONALD\AppData\Local\Temp\jansi-64-1-6794630473036942850.11

VM Arguments:
jvm_args: -Xmx512M -XX:MaxPermSize=256m -XX:ReservedCodeCacheSize=128m -Dsbt.log.format=true 
java_command: xsbt.boot.Boot
java_class_path (initial): C:\Program Files (x86)\sbt\bin\sbt-launch.jar
Launcher Type: SUN_STANDARD

Environment Variables:
JAVA_HOME=C:\Program Files\Java\jdk1.8.0_121
CLASSPATH=C:\Users\RONALD\Javalib\antlr-4.7-complete.jar;.;.;C:\Program Files (x86)\QuickTime\QTSystem\QTJava.zip
PATH=C:\Program Files\Java\jdk1.8.0_121\bin;C:\Program Files\Haskell\bin;C:\Program Files\Haskell Platform\8.0.1\lib\extralibs\bin;C:\Program Files\Haskell Platform\8.0.1\bin;C:\ProgramData\Oracle\Java\javapath;C:\Windows\system32;C:\Windows;C:\Windows\System32\Wbem;C:\Windows\System32\WindowsPowerShell\v1.0\;C:\Program Files (x86)\QuickTime\QTSystem\;C:\Program Files\Haskell Platform\8.0.1\mingw\bin;C:\Program Files (x86)\PuTTY\;C:\Program Files\Git\cmd;C:\Program Files (x86)\sbt\bin;C:\Program Files\Java\apache-maven-3.3.9\bin;C:\PostgreSQL\pg96\bin;C:\Program Files (x86)\Windows Kits\8.1\Windows Performance Toolkit\;C:\Program Files\OpenVPN\bin;C:\Users\RONALD\AppData\Local\Programs\Python\Python35-32\Scripts\;C:\Users\RONALD\AppData\Local\Programs\Python\Python35-32\;C:\Users\RONALD\Javalib;C:\Program Files\Java\apache-maven-3.3.9\bin;C:\Users\RONALD\AppData\Roaming\cabal\bin;C:\Users\RONALD\AppData\Roaming\local\bin;C:\Users\RONALD\AppData\Local\atom\bin;"C:\Program Files\Java\jdk1.8.0_121\bin"
USERNAME=RONALD
OS=Windows_NT
PROCESSOR_IDENTIFIER=Intel64 Family 6 Model 58 Stepping 9, GenuineIntel



---------------  S Y S T E M  ---------------

OS: Windows 10.0 , 64 bit Build 10586 (10.0.10586.0)

CPU:total 8 (4 cores per cpu, 2 threads per core) family 6 model 58 stepping 9, cmov, cx8, fxsr, mmx, sse, sse2, sse3, ssse3, sse4.1, sse4.2, popcnt, avx, aes, clmul, erms, ht, tsc, tscinvbit, tscinv

Memory: 4k page, physical 6172896k(444024k free), swap 6172896k(13736k free)

vm_info: Java HotSpot(TM) 64-Bit Server VM (25.121-b13) for windows-amd64 JRE (1.8.0_121-b13), built on Dec 12 2016 18:21:36 by "java_re" with MS VC++ 10.0 (VS2010)

time: Mon Oct 30 20:20:43 2017
elapsed time: 17 seconds (0d 0h 0m 17s)

